core   0: 0x00001000 (0x00000297) auipc   t0, 0x0
core   0: 0x00001004 (0x02028593) addi    a1, t0, 32
core   0: 0x00001008 (0xf1402573) csrr    a0, mhartid
core   0: 0x0000100c (0x0182a283) lw      t0, 24(t0)
core   0: 0x00001010 (0x00028067) jr      t0
core   0: >>>>  $xrv32i2p1_m2p0_f2p2_d2p2_v1p0_zicsr2p0_zmmul1p0_zve32f1p0_zve32x1p0_zve64d1p0_zve64f1p0_zve64x1p0_zvl128b1p0_zvl32b1p0_zvl64b1p0
core   0: 0x12000000 (0x60000293) li      t0, 1536
core   0: 0x12000004 (0x3002a073) csrs    mstatus, t0
core   0: 0x12000008 (0xe2100013) li      zero, -479
core   0: 0x1200000c (0xf9200293) li      t0, -110
core   0: 0x12000010 (0x0ac00313) li      t1, 172
core   0: 0x12000014 (0x33200393) li      t2, 818
core   0: 0x12000018 (0x50000413) li      s0, 1280
core   0: 0x1200001c (0x15000493) li      s1, 336
core   0: 0x12000020 (0xfc300513) li      a0, -61
core   0: 0x12000024 (0x27c00593) li      a1, 636
core   0: 0x12000028 (0x53e00613) li      a2, 1342
core   0: 0x1200002c (0x05600693) li      a3, 86
core   0: 0x12000030 (0x2d500793) li      a5, 725
core   0: 0x12000034 (0x11f00813) li      a6, 287
core   0: 0x12000038 (0x49900913) li      s2, 1177
core   0: 0x1200003c (0xde100993) li      s3, -543
core   0: 0x12000040 (0xfa000a13) li      s4, -96
core   0: 0x12000044 (0xa0f00a93) li      s5, -1521
core   0: 0x12000048 (0x52600b13) li      s6, 1318
core   0: 0x1200004c (0x46400b93) li      s7, 1124
core   0: 0x12000050 (0x10600c13) li      s8, 262
core   0: 0x12000054 (0xef600c93) li      s9, -266
core   0: 0x12000058 (0x98300d13) li      s10, -1661
core   0: 0x1200005c (0x47700e13) li      t3, 1143
core   0: 0x12000060 (0x5c900e93) li      t4, 1481
core   0: 0x12000064 (0xbc100f93) li      t6, -1087
core   0: 0x12000068 (0x20002f37) lui     t5, 0x20002
core   0: 0x1200006c (0x000f0f13) mv      t5, t5
core   0: 0x12000070 (0x12000737) lui     a4, 0x12000
core   0: 0x12000074 (0x4d070713) addi    a4, a4, 1232
core   0: 0x12000078 (0x120008b7) lui     a7, 0x12000
core   0: 0x1200007c (0x09c88893) addi    a7, a7, 156
core   0: 0x12000080 (0x0d000d93) li      s11, 208
core   0: 0x12000084 (0x0930f457) vsetvli s0, ra, e32, m8, tu, ma
core   0: 0x12000088 (0x5e05c057) vmv.v.x v0, a1
core   0: 0x1200008c (0x5e00c457) vmv.v.x v8, ra
core   0: 0x12000090 (0x5e054857) vmv.v.x v16, a0
core   0: 0x12000094 (0x5e07cc57) vmv.v.x v24, a5
core   0: 0x12000098 (0x0180006f) j       pc + 0x18
core   0: >>>>  body
core   0: 0x120000b0 (0x81bcfe57) vsetvl  t3, s9, s11
core   0: 0x120000b4 (0xa62a80d7) vsra.vv v1, v2, v21
core   0: 0x120000b8 (0x0378d033) divu    zero, a7, s7
core   0: 0x120000bc (0x157f0557) vmin.vv v10, v23, v30, v0.t
core   0: >>>>  label4
core   0: 0x120000c0 (0xc4797857) vsetivli a6, 18, e8, mf2, ta, mu
core   0: 0x120000c4 (0x9134a1d7) vmulhu.vv v3, v19, v9, v0.t
core   0: 0x120000c8 (0x94b1ad57) vmul.vv v26, v11, v3, v0.t
core   0: 0x120000cc (0x1a2e89d7) vmaxu.vv v19, v2, v29
core   0: 0x120000d0 (0x76168ad7) vmsle.vv v21, v1, v13
core   0: 0x120000d4 (0x01788eb3) add     t4, a7, s7
core   0: 0x120000d8 (0x030f5487) vle16ff.v v9, (t5)
core   0: 0x120000dc (0x5c43b3d7) vmerge.vim v7, v4, 7, v0
core   0: 0x120000e0 (0x9bc22ad7) vmulhsu.vv v21, v28, v4
core   0: 0x120000e4 (0x02d706b3) mul     a3, a4, a3
core   0: 0x120000e8 (0x02656263) bltu    a0, t1, pc + 36
core   0: 0x120000ec (0x98de6f57) vmulhsu.vx v30, v13, t3, v0.t
core   0: 0x120000f0 (0x948a46d7) vsll.vx v13, v8, s4, v0.t
core   0: 0x120000f4 (0x02bf0ea7) vsm.v   v29, (t5)
core   0: 0x120000f8 (0x000f5587) vle16.v v11, (t5), v0.t
core   0: 0x120000fc (0x7771ee93) ori     t4, gp, 1911
core   0: 0x12000100 (0xacb57617) auipc   a2, 0xacb57
core   0: 0x12000104 (0x00eadfb3) srl     t6, s5, a4
core   0: 0x12000108 (0xafaf1423) sh      s10, -1304(t5)
core   0: >>>>  label23
core   0: 0x1200010c (0xc4faf657) vsetivli a2, 21, e16, mf2, ta, mu
core   0: 0x12000110 (0x694046d7) vmsltu.vx v13, v20, zero, v0.t
core   0: 0x12000114 (0x4e1e0757) vmsbc.vv v14, v1, v28
core   0: 0x12000118 (0xead6be93) sltiu   t4, a3, -339
core   0: 0x1200011c (0x027b7c33) remu    s8, s6, t2
core   0: 0x12000120 (0x8793eb57) vdiv.vx v22, v25, t2
core   0: >>>>  label29
core   0: 0x12000124 (0x937e6757) vmulhu.vx v14, v23, t3
core   0: 0x12000128 (0x02a91bb3) mulh    s7, s2, a0
core   0: 0x1200012c (0x8dbb63d7) vrem.vx v7, v27, s6, v0.t
core   0: 0x12000130 (0x027f3633) mulhu   a2, t5, t2
core   0: 0x12000134 (0x7b89ca57) vmsgtu.vx v20, v24, s3
core   0: 0x12000138 (0x001f87b3) add     a5, t6, ra
core   0: 0x1200013c (0xc57aecd7) vwadd.vx v25, v23, s5, v0.t
core   0: >>>>  label36
core   0: 0x12000140 (0x046bf657) vsetvli a2, s7, e8, mf4, ta, mu
core   0: >>>>  label37
core   0: 0x12000144 (0xc93574d7) vsetivli s1, 10, e32, m8, tu, ma
core   0: 0x12000148 (0x2c833457) vxor.vi v8, v8, 6, v0.t
core   0: 0x1200014c (0x468b3857) vmadc.vi v16, v8, -10
core   0: 0x12000150 (0x3abf1923) sh      a1, 946(t5)
core   0: 0x12000154 (0x025c94b3) mulh    s1, s9, t0
core   0: 0x12000158 (0x03c1cd33) div     s10, gp, t3
core   0: 0x1200015c (0x00e05e93) srli    t4, zero, 14
core   0: 0x12000160 (0x010f0b07) vle8ff.v v22, (t5), v0.t
core   0: 0x12000164 (0x828c2c57) vdivu.vv v24, v8, v24
core   0: >>>>  label46
core   0: 0x12000168 (0x00067e57) vsetvli t3, a2, e8, m1, tu, mu
core   0: 0x1200016c (0x00f6c7b3) xor     a5, a3, a5
core   0: 0x12000170 (0x030f5307) vle16ff.v v6, (t5)
core   0: 0x12000174 (0xb42860d7) vmacc.vx v1, a6, v2, v0.t
core   0: 0x12000178 (0x030f5807) vle16ff.v v16, (t5)
core   0: 0x1200017c (0x4ccc0ed7) vmsbc.vvm v29, v12, v24, v0
core   0: 0x12000180 (0xd17f0823) sb      s7, -752(t5)
core   0: 0x12000184 (0x000f6227) vse32.v v4, (t5), v0.t
core   0: 0x12000188 (0x03495333) divu    t1, s2, s4
core   0: 0x1200018c (0xcd3ca857) vwsub.vv v16, v19, v25, v0.t
core   0: 0x12000190 (0x09758a57) vsub.vv v20, v23, v11, v0.t
core   0: 0x12000194 (0x01e18ed7) vadd.vv v29, v30, v3, v0.t
core   0: 0x12000198 (0x8a162a57) vremu.vv v20, v1, v12
core   0: >>>>  label59
core   0: 0x1200019c (0x006c1333) sll     t1, s8, t1
core   0: 0x120001a0 (0xb80f05a3) sb      zero, -1141(t5)
core   0: 0x120001a4 (0x000f5d07) vle16.v v26, (t5), v0.t
core   0: 0x120001a8 (0x020f0907) vle8.v  v18, (t5)
core   0: 0x120001ac (0x47568a57) vmadc.vv v20, v21, v13
core   0: 0x120001b0 (0x000f6407) vle32.v v8, (t5), v0.t
core   0: 0x120001b4 (0x45dc8a57) vmadc.vvm v20, v29, v25, v0
core   0: >>>>  label66
core   0: 0x120001b8 (0xc526f6d7) vsetivli a3, 13, e32, m4, ta, mu
core   0: 0x120001bc (0xc41f1423) sh      ra, -952(t5)
core   0: 0x120001c0 (0x15c54257) vmin.vx v4, v28, a0, v0.t
core   0: 0x120001c4 (0x020f5c07) vle16.v v24, (t5)
core   0: 0x120001c8 (0x09c40657) vsub.vv v12, v28, v8, v0.t
core   0: 0x120001cc (0x6d489d37) lui     s10, 0x6d489
core   0: 0x120001d0 (0x6adf1223) sh      a3, 1700(t5)
core   0: 0x120001d4 (0x000f0e27) vse8.v  v28, (t5), v0.t
core   0: 0x120001d8 (0x45c40657) vmadc.vvm v12, v28, v8, v0
core   0: 0x120001dc (0x037e4ab3) div     s5, t3, s7
core   0: 0x120001e0 (0xa3c23a57) vsrl.vi v20, v28, 4
core   0: 0x120001e4 (0x020f6627) vse32.v v12, (t5)
core   0: 0x120001e8 (0x033526b3) mulhsu  a3, a0, s3
core   0: 0x120001ec (0x114aca57) vminu.vx v20, v20, s5, v0.t
core   0: 0x120001f0 (0x00a5ea33) or      s4, a1, a0
core   0: 0x120001f4 (0x010f0987) vle8ff.v v19, (t5), v0.t
core   0: 0x120001f8 (0x4e084257) vmsbc.vx v4, v0, a6
core   0: >>>>  label83
core   0: 0x120001fc (0x81bff857) vsetvl  a6, t6, s11
core   0: 0x12000200 (0x45928a57) vmadc.vvm v20, v25, v5, v0
core   0: 0x12000204 (0xaeeea6d7) vnmsub.vv v13, v29, v14
core   0: 0x12000208 (0x3c8f0b23) sb      s0, 982(t5)
core   0: 0x1200020c (0x784647d7) vmsgtu.vx v15, v4, a2, v0.t
core   0: 0x12000210 (0x02bf0207) vlm.v   v4, (t5)
core   0: >>>>  label89
core   0: 0x12000214 (0x00d401d7) vadd.vv v3, v13, v8, v0.t
core   0: 0x12000218 (0x16ef2423) sw      a4, 360(t5)
core   0: >>>>  label91
core   0: 0x1200021c (0xc83d7e57) vsetivli t3, 26, e8, m8, tu, ma
core   0: 0x12000220 (0x009127b3) slt     a5, sp, s1
core   0: 0x12000224 (0xf1ac5437) lui     s0, 0xf1ac5
core   0: 0x12000228 (0x028964b3) rem     s1, s2, s0
core   0: 0x1200022c (0x89042457) vremu.vv v8, v16, v8, v0.t
core   0: 0x12000230 (0x010f0c07) vle8ff.v v24, (t5), v0.t
core   0: 0x12000234 (0x030f0407) vle8ff.v v8, (t5)
core   0: >>>>  label98
core   0: 0x12000238 (0x009e7cd7) vsetvli s9, t3, e16, m2, tu, mu
core   0: 0x1200023c (0x020f5707) vle16.v v14, (t5)
core   0: 0x12000240 (0x1f6c4c57) vmax.vx v24, v22, s8
core   0: >>>>  label101
core   0: 0x12000244 (0x81bcf2d7) vsetvl  t0, s9, s11
core   0: 0x12000248 (0x030f0687) vle8ff.v v13, (t5)
core   0: 0x1200024c (0x4ad22ed7) vzext.vf4 v29, v13
core   0: 0x12000250 (0x0a8c4357) vsub.vx v6, v8, s8
core   0: >>>>  label105
core   0: 0x12000254 (0x81b3fbd7) vsetvl  s7, t2, s11
core   0: 0x12000258 (0x086a4a57) vsub.vx v20, v6, s4, v0.t
core   0: 0x1200025c (0x406b5c13) srai    s8, s6, 6
core   0: 0x12000260 (0x49832357) vzext.vf2 v6, v24, v0.t
core   0: 0x12000264 (0x03cd7bb3) remu    s7, s10, t3
core   0: 0x12000268 (0x4f753cb7) lui     s9, 0x4f753
core   0: 0x1200026c (0x020f0987) vle8.v  v19, (t5)
core   0: 0x12000270 (0x02e7c2d7) vadd.vx v5, v14, a5
core   0: 0x12000274 (0x654d3fd7) vmsne.vi v31, v20, -6, v0.t
core   0: 0x12000278 (0x2fc93457) vxor.vi v8, v28, -14
core   0: 0x1200027c (0x6dc700d7) vmslt.vv v1, v28, v14, v0.t
core   0: 0x12000280 (0x02f812b3) mulh    t0, a6, a5
core   0: 0x12000284 (0xeb507d13) andi    s10, zero, -331
core   0: 0x12000288 (0x97f6c497) auipc   s1, 0x97f6c
core   0: >>>>  label119
core   0: 0x1200028c (0xe4bdcc93) xori    s9, s11, -437
core   0: >>>>  label120
core   0: 0x12000290 (0x81bc7bd7) vsetvl  s7, s8, s11
core   0: 0x12000294 (0x5c37c2d7) vmerge.vxm v5, v3, a5, v0
core   0: 0x12000298 (0x03aa5433) divu    s0, s4, s10
core   0: 0x1200029c (0x7033bcd7) vmsleu.vi v25, v3, 7, v0.t
core   0: 0x120002a0 (0x2a658957) vor.vv  v18, v6, v11
core   0: 0x120002a4 (0x016a29b3) slt     s3, s4, s6
core   0: 0x120002a8 (0xa6b1ba57) vsra.vi v20, v11, 3
core   0: 0x120002ac (0x02a90cb3) mul     s9, s2, a0
core   0: 0x120002b0 (0x5f4c4d17) auipc   s10, 0x5f4c4
core   0: 0x120002b4 (0x46f0cd37) lui     s10, 0x46f0c
core   0: 0x120002b8 (0x000f02a7) vse8.v  v5, (t5), v0.t
core   0: 0x120002bc (0x030f6c07) vle32ff.v v24, (t5)
core   0: 0x120002c0 (0x6622b057) vmsne.vi v0, v2, 5
core   0: >>>>  label133
core   0: 0x120002c4 (0x001cf357) vsetvli t1, s9, e8, m2, tu, mu
core   0: 0x120002c8 (0x000f5a07) vle16.v v20, (t5), v0.t
core   0: 0x120002cc (0x020f5027) vse16.v v0, (t5)
core   0: 0x120002d0 (0x020f5627) vse16.v v12, (t5)
core   0: 0x120002d4 (0xde8a6e57) vwsub.wx v28, v8, s4
core   0: 0x120002d8 (0x8bef0c23) sb      t5, -1864(t5)
core   0: 0x120002dc (0x62aa4357) vmseq.vx v6, v10, s4
core   0: 0x120002e0 (0xb3873757) vnsrl.wi v14, v24, 14
core   0: 0x120002e4 (0x09680157) vsub.vv v2, v22, v16, v0.t
core   0: 0x120002e8 (0x2b063b57) vor.vi  v22, v16, 12
core   0: 0x120002ec (0x5e05c357) vmv.v.x v6, a1
core   0: 0x120002f0 (0x3f1545b7) lui     a1, 0x3f154
core   0: >>>>  label145
core   0: 0x120002f4 (0x81b3f957) vsetvl  s2, t2, s11
core   0: 0x120002f8 (0x0e69b4d7) vrsub.vi v9, v6, -13
core   0: 0x120002fc (0x682f0383) lb      t2, 1666(t5)
core   0: 0x12000300 (0xc53f4c83) lbu     s9, -941(t5)
core   0: >>>>  label149
core   0: 0x12000304 (0x02bf0307) vlm.v   v6, (t5)
core   0: 0x12000308 (0x70ea39d7) vmsleu.vi v19, v14, 20, v0.t
core   0: 0x1200030c (0xa9bf2e23) sw      s11, -1380(t5)
core   0: 0x12000310 (0x14d5c857) vmin.vx v16, v13, a1, v0.t
core   0: 0x12000314 (0x4c12cd57) vmsbc.vxm v26, v1, t0, v0
core   0: >>>>  label154
core   0: 0x12000318 (0x81be76d7) vsetvl  a3, t3, s11
core   0: 0x1200031c (0x03525333) divu    t1, tp, s5
core   0: 0x12000320 (0x71e96597) auipc   a1, 0x71e96
core   0: 0x12000324 (0xa04bc957) vsrl.vx v18, v4, s7, v0.t
core   0: 0x12000328 (0x000f0ba7) vse8.v  v23, (t5), v0.t
core   0: 0x1200032c (0x017436b3) sltu    a3, s0, s7
core   0: 0x12000330 (0x4bf3abd7) vsext.vf2 v23, v31
core   0: 0x12000334 (0x65268357) vmsne.vv v6, v18, v13, v0.t
core   0: 0x12000338 (0x942b07d7) vsll.vv v15, v2, v22, v0.t
core   0: 0x1200033c (0x590c3ab7) lui     s5, 0x590c3
core   0: 0x12000340 (0x603f1823) sh      gp, 1552(t5)
core   0: 0x12000344 (0x9bf368d7) vmulhsu.vx v17, v31, t1
core   0: 0x12000348 (0x782a3b57) vmsgtu.vi v22, v2, 20, v0.t
core   0: 0x1200034c (0x02bf0787) vlm.v   v15, (t5)
core   0: 0x12000350 (0x7f3034d7) vmsgt.vi v9, v19, 0
core   0: 0x12000354 (0xb50fb037) lui     zero, 0xb50fb
core   0: 0x12000358 (0x65643357) vmsne.vi v6, v22, 8, v0.t
core   0: 0x1200035c (0x03b6ce33) div     t3, a3, s11
core   0: 0x12000360 (0x00677e63) bgeu    a4, t1, pc + 28
core   0: >>>>  label179
core   0: 0x1200037c (0x000f03a7) vse8.v  v7, (t5), v0.t
core   0: >>>>  label180
core   0: 0x12000380 (0x0d04f557) vsetvli a0, s1, e32, m1, ta, ma
core   0: 0x12000384 (0x035cf033) remu    zero, s9, s5
core   0: >>>>  label182
core   0: 0x12000388 (0x08ac7d57) vsetvli s10, s8, e16, m4, tu, ma
core   0: 0x1200038c (0x1d834857) vmax.vx v16, v24, t1, v0.t
core   0: 0x12000390 (0xc4462c57) vwadd.vv v24, v4, v12, v0.t
core   0: 0x12000394 (0x2fc94457) vxor.vx v8, v28, s2
core   0: 0x12000398 (0x9585b657) vsll.vi v12, v24, 11, v0.t
core   0: 0x1200039c (0xda802857) vwsubu.wv v16, v8, v0
core   0: 0x120003a0 (0x62404a57) vmseq.vx v20, v4, zero
core   0: 0x120003a4 (0x4144c457) vadc.vxm v8, v20, s1, v0
core   0: 0x120003a8 (0x96480857) vsll.vv v16, v4, v16
core   0: 0x120003ac (0x000f0e07) vle8.v  v28, (t5), v0.t
core   0: 0x120003b0 (0x189f0623) sb      s1, 396(t5)
core   0: 0x120003b4 (0x0182d5b3) srl     a1, t0, s8
core   0: 0x120003b8 (0x8aa7ffb7) lui     t6, 0x8aa7f
core   0: 0x120003bc (0x020f0407) vle8.v  v8, (t5)
core   0: 0x120003c0 (0xa3352c13) slti    s8, a0, -1485
core   0: 0x120003c4 (0x02feeab3) rem     s5, t4, a5
core   0: 0x120003c8 (0x15c20657) vmin.vv v12, v28, v4, v0.t
core   0: 0x120003cc (0x0284b6b3) mulhu   a3, s1, s0
core   0: 0x120003d0 (0x02bf0da7) vsm.v   v27, (t5)
core   0: >>>>  label201
core   0: 0x120003d4 (0x81b7fd57) vsetvl  s10, a5, s11
core   0: >>>>  label202
core   0: 0x120003d8 (0x0885fcd7) vsetvli s9, a1, e16, m1, tu, ma
core   0: >>>>  label203
core   0: 0x120003dc (0x81b7f4d7) vsetvl  s1, a5, s11
core   0: 0x120003e0 (0x031cf9b3) remu    s3, s9, a7
core   0: 0x120003e4 (0x9277e757) vmulhu.vx v14, v7, a5
core   0: 0x120003e8 (0x030f6e87) vle32ff.v v29, (t5)
core   0: 0x120003ec (0x020f5727) vse16.v v14, (t5)
core   0: 0x120003f0 (0x02bf09a7) vsm.v   v19, (t5)
core   0: >>>>  label209
core   0: 0x120003f4 (0xc498f7d7) vsetivli a5, 17, e16, m2, ta, mu
core   0: 0x120003f8 (0x4ca04d57) vmsbc.vxm v26, v10, zero, v0
core   0: 0x120003fc (0x5aff0aa3) sb      a5, 1461(t5)
core   0: 0x12000400 (0x010f5307) vle16ff.v v6, (t5), v0.t
core   0: 0x12000404 (0x03cc92b3) mulh    t0, s9, t3
core   0: 0x12000408 (0x4126c757) vadc.vxm v14, v18, a3, v0
core   0: 0x1200040c (0xc46fea57) vwadd.vx v20, v6, t6, v0.t
core   0: 0x12000410 (0x590f1723) sh      a6, 1422(t5)
core   0: 0x12000414 (0xf0a66857) vwmaccu.vx v16, a2, v10, v0.t
core   0: 0x12000418 (0x3cf8b617) auipc   a2, 0x3cf8b
core   0: 0x1200041c (0x47830557) vmadc.vv v10, v24, v6
core   0: 0x12000420 (0x034bcd33) div     s10, s7, s4
core   0: 0x12000424 (0x01da7a33) and     s4, s4, t4
core   0: 0x12000428 (0xf9dbee13) ori     t3, s7, -99
core   0: >>>>  label223
core   0: 0x1200042c (0x81bd72d7) vsetvl  t0, s10, s11
core   0: 0x12000430 (0x5d3444d7) vmerge.vxm v9, v19, s0, v0
core   0: 0x12000434 (0xa5c56857) vmadd.vx v16, a0, v28, v0.t
core   0: 0x12000438 (0x41f20833) sub     a6, tp, t6
core   0: 0x1200043c (0x011b1313) slli    t1, s6, 17
core   0: 0x12000440 (0x3f5affb7) lui     t6, 0x3f5af
core   0: 0x12000444 (0x4dcac457) vmsbc.vxm v8, v28, s5, v0
core   0: 0x12000448 (0x4905f313) andi    t1, a1, 1168
core   0: 0x1200044c (0x013fcab3) xor     s5, t6, s3
core   0: >>>>  label232
core   0: 0x12000450 (0x0d2b7b57) vsetvli s6, s6, e32, m4, ta, ma
core   0: 0x12000454 (0x018372b3) and     t0, t1, s8
core   0: 0x12000458 (0x03c63c33) mulhu   s8, a2, t3
core   0: 0x1200045c (0x005e02b3) add     t0, t3, t0
core   0: 0x12000460 (0x604c4857) vmseq.vx v16, v4, s8, v0.t
core   0: 0x12000464 (0x020f0527) vse8.v  v10, (t5)
core   0: 0x12000468 (0x999f1323) sh      s9, -1658(t5)
core   0: >>>>  label239
core   0: 0x1200046c (0x030b8633) mul     a2, s7, a6
core   0: >>>>  label240
core   0: 0x12000470 (0x81bbfed7) vsetvl  t4, s7, s11
core   0: 0x12000474 (0x00709993) slli    s3, ra, 7
core   0: 0x12000478 (0x44968857) vmadc.vvm v16, v9, v13, v0
core   0: >>>>  label243
core   0: 0x1200047c (0xc02572d7) vsetivli t0, 10, e8, m4, tu, mu
core   0: 0x12000480 (0x47ca0657) vmadc.vv v12, v28, v20
core   0: 0x12000484 (0x18cf4583) lbu     a1, 396(t5)
core   0: 0x12000488 (0xf904e457) vwmaccus.vx v8, s1, v16, v0.t
core   0: 0x1200048c (0x0d8cb257) vrsub.vi v4, v24, -7, v0.t
core   0: 0x12000490 (0x9ecc2857) vmulh.vv v16, v12, v24
core   0: 0x12000494 (0xd60e2857) vwadd.wv v16, v0, v28
core   0: 0x12000498 (0xe8862c57) vwmulsu.vv v24, v8, v12, v0.t
core   0: 0x1200049c (0xa5c82657) vmadd.vv v12, v16, v28, v0.t
core   0: 0x120004a0 (0xefc3e857) vwmul.vx v16, v28, t2
core   0: 0x120004a4 (0xc48bec57) vwadd.vx v24, v8, s7, v0.t
core   0: 0x120004a8 (0x030f0a07) vle8ff.v v20, (t5)
core   0: 0x120004ac (0x5d45b257) vmerge.vim v4, v20, 11, v0
core   0: 0x120004b0 (0x9d0c2257) vmulh.vv v4, v16, v24, v0.t
core   0: 0x120004b4 (0x80462457) vdivu.vv v8, v4, v12, v0.t
core   0: 0x120004b8 (0xfd822457) vwmaccsu.vv v8, v4, v24, v0.t
core   0: 0x120004bc (0xe2482457) vwmulu.vv v8, v4, v16
core   0: 0x120004c0 (0xec06e457) vwmul.vx v8, v0, a3, v0.t
core   0: 0x120004c4 (0xacc56657) vnmsub.vx v12, a0, v12, v0.t
core   0: 0x120004c8 (0x030f0c07) vle8ff.v v24, (t5)
core   0: >>>>  footer
core   0: 0x120004cc (0x0180006f) j       pc + 0x18
core   0: >>>>  end
core   0: 0x120004e4 (0x00000033) add     zero, zero, zero
core   0: 0x120004e8 (0x00100293) li      t0, 1
core   0: 0x120004ec (0x0e004317) auipc   t1, 0xe004
core   0: 0x120004f0 (0xb1430313) addi    t1, t1, -1260
core   0: 0x120004f4 (0x00532023) sw      t0, 0(t1)
core   0: >>>>  loop_stop
core   0: 0x120004f8 (0x0000006f) j       pc + 0x0
