core   0: 0x00001000 (0x00000297) auipc   t0, 0x0
core   0: 0x00001004 (0x02028593) addi    a1, t0, 32
core   0: 0x00001008 (0xf1402573) csrr    a0, mhartid
core   0: 0x0000100c (0x0182a283) lw      t0, 24(t0)
core   0: 0x00001010 (0x00028067) jr      t0
core   0: >>>>  $xrv32i2p1_m2p0_f2p2_d2p2_v1p0_zicsr2p0_zmmul1p0_zve32f1p0_zve32x1p0_zve64d1p0_zve64f1p0_zve64x1p0_zvl128b1p0_zvl32b1p0_zvl64b1p0
core   0: 0x12000000 (0x60000293) li      t0, 1536
core   0: 0x12000004 (0x3002a073) csrs    mstatus, t0
core   0: 0x12000008 (0xe2100013) li      zero, -479
core   0: 0x1200000c (0xf9200293) li      t0, -110
core   0: 0x12000010 (0x0ac00313) li      t1, 172
core   0: 0x12000014 (0x33200393) li      t2, 818
core   0: 0x12000018 (0x50000413) li      s0, 1280
core   0: 0x1200001c (0x15000493) li      s1, 336
core   0: 0x12000020 (0xfc300513) li      a0, -61
core   0: 0x12000024 (0x27c00593) li      a1, 636
core   0: 0x12000028 (0x53e00613) li      a2, 1342
core   0: 0x1200002c (0x05600693) li      a3, 86
core   0: 0x12000030 (0x2d500793) li      a5, 725
core   0: 0x12000034 (0x11f00813) li      a6, 287
core   0: 0x12000038 (0x49900913) li      s2, 1177
core   0: 0x1200003c (0xde100993) li      s3, -543
core   0: 0x12000040 (0xfa000a13) li      s4, -96
core   0: 0x12000044 (0xa0f00a93) li      s5, -1521
core   0: 0x12000048 (0x52600b13) li      s6, 1318
core   0: 0x1200004c (0x46400b93) li      s7, 1124
core   0: 0x12000050 (0x10600c13) li      s8, 262
core   0: 0x12000054 (0xef600c93) li      s9, -266
core   0: 0x12000058 (0x98300d13) li      s10, -1661
core   0: 0x1200005c (0x47700e13) li      t3, 1143
core   0: 0x12000060 (0x5c900e93) li      t4, 1481
core   0: 0x12000064 (0xbc100f93) li      t6, -1087
core   0: 0x12000068 (0x20002f37) lui     t5, 0x20002
core   0: 0x1200006c (0x000f0f13) mv      t5, t5
core   0: 0x12000070 (0x12000737) lui     a4, 0x12000
core   0: 0x12000074 (0x4e070713) addi    a4, a4, 1248
core   0: 0x12000078 (0x120008b7) lui     a7, 0x12000
core   0: 0x1200007c (0x09c88893) addi    a7, a7, 156
core   0: 0x12000080 (0x0d000d93) li      s11, 208
core   0: 0x12000084 (0x0930f457) vsetvli s0, ra, e32, m8, tu, ma
core   0: 0x12000088 (0x5e05c057) vmv.v.x v0, a1
core   0: 0x1200008c (0x5e00c457) vmv.v.x v8, ra
core   0: 0x12000090 (0x5e054857) vmv.v.x v16, a0
core   0: 0x12000094 (0x5e07cc57) vmv.v.x v24, a5
core   0: 0x12000098 (0x0180006f) j       pc + 0x18
core   0: >>>>  body
core   0: 0x120000b0 (0x02bf0d87) vlm.v   v27, (t5)
core   0: 0x120000b4 (0x0e7f05a3) sb      t2, 235(t5)
core   0: 0x120000b8 (0x4e094857) vmsbc.vx v16, v0, s2
core   0: 0x120000bc (0x89990037) lui     zero, 0x89990
core   0: 0x120000c0 (0x010c5033) srl     zero, s8, a6
core   0: 0x120000c4 (0x670a4057) vmsne.vx v0, v16, s4
core   0: 0x120000c8 (0x03e916b3) mulh    a3, s2, t5
core   0: 0x120000cc (0x0352d6b3) divu    a3, t0, s5
core   0: 0x120000d0 (0x000f6807) vle32.v v16, (t5), v0.t
core   0: 0x120000d4 (0xbf8f1623) sh      s8, -1044(t5)
core   0: >>>>  label10
core   0: 0x120000d8 (0x81b974d7) vsetvl  s1, s2, s11
core   0: 0x120000dc (0x24e0bb57) vand.vi v22, v14, 1, v0.t
core   0: 0x120000e0 (0x986b6657) vmulhsu.vx v12, v6, s6, v0.t
core   0: 0x120000e4 (0xb4112f57) vmacc.vv v30, v2, v1, v0.t
core   0: 0x120000e8 (0x000f0507) vle8.v  v10, (t5), v0.t
core   0: 0x120000ec (0xfda70d37) lui     s10, 0xfda70
core   0: >>>>  label16
core   0: 0x120000f0 (0x090cf557) vsetvli a0, s9, e32, m1, tu, ma
core   0: 0x120000f4 (0x020f6b07) vle32.v v22, (t5)
core   0: 0x120000f8 (0x000f99b3) sll     s3, t6, zero
core   0: 0x120000fc (0x40efc357) vadc.vxm v6, v14, t6, v0
core   0: 0x12000100 (0x159f1f23) sh      s9, 350(t5)
core   0: 0x12000104 (0xa699a557) vmadd.vv v10, v19, v9
core   0: 0x12000108 (0x010f6607) vle32ff.v v12, (t5), v0.t
core   0: 0x1200010c (0x76533f57) vmsle.vi v30, v5, 6
core   0: 0x12000110 (0x6b258657) vmsltu.vv v12, v18, v11
core   0: 0x12000114 (0x0217fa33) remu    s4, a5, ra
core   0: 0x12000118 (0x010f0587) vle8ff.v v11, (t5), v0.t
core   0: 0x1200011c (0x010f0507) vle8ff.v v10, (t5), v0.t
core   0: 0x12000120 (0x020f5427) vse16.v v8, (t5)
core   0: >>>>  label29
core   0: 0x12000124 (0x0298cd33) div     s10, a7, s1
core   0: 0x12000128 (0x5e0480d7) vmv.v.v v1, v9
core   0: 0x1200012c (0x5e0809d7) vmv.v.v v19, v16
core   0: >>>>  label32
core   0: 0x12000130 (0x008576d7) vsetvli a3, a0, e16, m1, tu, mu
core   0: 0x12000134 (0x1e6ec0d7) vmax.vx v1, v6, t4
core   0: 0x12000138 (0x000f0227) vse8.v  v4, (t5), v0.t
core   0: 0x1200013c (0x48828857) vsbc.vvm v16, v8, v5, v0
core   0: 0x12000140 (0x986733b7) lui     t2, 0x98673
core   0: 0x12000144 (0x034a9333) mulh    t1, s5, s4
core   0: 0x12000148 (0x4b7f3437) lui     s0, 0x4b7f3
core   0: 0x1200014c (0x9b02ec57) vmulhsu.vx v24, v16, t0
core   0: >>>>  label40
core   0: 0x12000150 (0x81b57b57) vsetvl  s6, a0, s11
core   0: 0x12000154 (0xa269c157) vsrl.vx v2, v6, s3
core   0: >>>>  label42
core   0: 0x12000158 (0xc53777d7) vsetivli a5, 14, e32, m8, ta, mu
core   0: 0x1200015c (0x968c4057) vsll.vx v0, v8, s8
core   0: 0x12000160 (0xa2080c57) vsrl.vv v24, v0, v16
core   0: 0x12000164 (0x4d8a4457) vmsbc.vxm v8, v24, s4, v0
core   0: 0x12000168 (0x6300bc57) vmseq.vi v24, v16, 1
core   0: 0x1200016c (0xabed5397) auipc   t2, 0xabed5
core   0: 0x12000170 (0x02f02fb3) mulhsu  t6, zero, a5
core   0: 0x12000174 (0x96800c57) vsll.vv v24, v8, v0
core   0: 0x12000178 (0x02854e33) div     t3, a0, s0
core   0: 0x1200017c (0x01e3ec33) or      s8, t2, t5
core   0: 0x12000180 (0xa605c057) vsra.vx v0, v0, a1
core   0: 0x12000184 (0x7baf1d23) sh      s10, 1978(t5)
core   0: 0x12000188 (0x406e2493) slti    s1, t3, 1030
core   0: >>>>  label55
core   0: 0x1200018c (0x003e7bd7) vsetvli s7, t3, e8, m8, tu, mu
core   0: >>>>  label56
core   0: 0x12000190 (0xc46e7fd7) vsetivli t6, 28, e8, mf4, ta, mu
core   0: 0x12000194 (0x406f2c23) sw      t1, 1048(t5)
core   0: 0x12000198 (0x02cc54b3) divu    s1, s8, a2
core   0: >>>>  label59
core   0: 0x1200019c (0x40b80b33) sub     s6, a6, a1
core   0: >>>>  label60
core   0: 0x120001a0 (0x81ba7e57) vsetvl  t3, s4, s11
core   0: 0x120001a4 (0xe23f0b23) sb      gp, -458(t5)
core   0: 0x120001a8 (0x01cc9a93) slli    s5, s9, 28
core   0: 0x120001ac (0xfa8f1f83) lh      t6, -88(t5)
core   0: 0x120001b0 (0x298b3ad7) vor.vi  v21, v24, -10, v0.t
core   0: 0x120001b4 (0x650db6d7) vmsne.vi v13, v16, -5, v0.t
core   0: >>>>  label66
core   0: 0x120001b8 (0x81bafb57) vsetvl  s6, s5, s11
core   0: 0x120001bc (0x000f6ea7) vse32.v v29, (t5), v0.t
core   0: 0x120001c0 (0x012ad313) srli    t1, s5, 18
core   0: >>>>  label69
core   0: 0x120001c4 (0x81b47ad7) vsetvl  s5, s0, s11
core   0: 0x120001c8 (0x69a0cb93) xori    s7, ra, 1690
core   0: >>>>  label71
core   0: 0x120001cc (0xc09e7a57) vsetivli s4, 28, e16, m2, tu, mu
core   0: 0x120001d0 (0x030f6207) vle32ff.v v4, (t5)
core   0: 0x120001d4 (0x02bf0987) vlm.v   v19, (t5)
core   0: 0x120001d8 (0x002e47b3) xor     a5, t3, sp
core   0: >>>>  label75
core   0: 0x120001dc (0xc903fcd7) vsetivli s9, 7, e32, m1, tu, ma
core   0: 0x120001e0 (0x4c84c0d7) vmsbc.vxm v1, v8, s1, v0
core   0: 0x120001e4 (0x01803033) snez    zero, s8
core   0: 0x120001e8 (0x645f1e23) sh      t0, 1628(t5)
core   0: 0x120001ec (0xb92e14b7) lui     s1, 0xb92e1
core   0: 0x120001f0 (0x960f0ba3) sb      zero, -1673(t5)
core   0: 0x120001f4 (0x02705d33) divu    s10, zero, t2
core   0: 0x120001f8 (0xb7603913) sltiu   s2, zero, -1162
core   0: 0x120001fc (0x00d55533) srl     a0, a0, a3
core   0: >>>>  label84
core   0: 0x12000200 (0xccbff6d7) vsetivli a3, 31, e16, m8, ta, ma
core   0: 0x12000204 (0x02758b33) mul     s6, a1, t2
core   0: 0x12000208 (0x9f842857) vmulh.vv v16, v24, v8
core   0: 0x1200020c (0x450c0457) vmadc.vvm v8, v16, v24, v0
core   0: 0x12000210 (0x4e8c0457) vmsbc.vv v8, v8, v24
core   0: >>>>  label89
core   0: 0x12000214 (0x81b3f4d7) vsetvl  s1, t2, s11
core   0: 0x12000218 (0x7e3bba57) vmsgt.vi v20, v3, -9
core   0: 0x1200021c (0x774b4dd7) vmsle.vx v27, v20, s6
core   0: >>>>  label92
core   0: 0x12000220 (0x0039f6d7) vsetvli a3, s3, e8, m8, tu, mu
core   0: 0x12000224 (0x11840c57) vminu.vv v24, v24, v8, v0.t
core   0: 0x12000228 (0x010f0c07) vle8ff.v v24, (t5), v0.t
core   0: 0x1200022c (0x24880c57) vand.vv v24, v8, v16, v0.t
core   0: 0x12000230 (0x0300d633) divu    a2, ra, a6
core   0: 0x12000234 (0x090c0457) vsub.vv v8, v16, v24, v0.t
core   0: 0x12000238 (0x75096913) ori     s2, s2, 1872
core   0: 0x1200023c (0x000f0407) vle8.v  v8, (t5), v0.t
core   0: 0x12000240 (0xa6882c57) vmadd.vv v24, v16, v8
core   0: 0x12000244 (0xf11f2c23) sw      a7, -232(t5)
core   0: 0x12000248 (0x4c8c0857) vmsbc.vvm v16, v8, v24, v0
core   0: 0x1200024c (0x02bbc633) div     a2, s7, a1
core   0: 0x12000250 (0x4c894c57) vmsbc.vxm v24, v8, s2, v0
core   0: 0x12000254 (0x7502b457) vmsle.vi v8, v16, 5, v0.t
core   0: 0x12000258 (0x95080c57) vsll.vv v24, v16, v16, v0.t
core   0: 0x1200025c (0x950ae457) vmul.vx v8, v16, s5, v0.t
core   0: 0x12000260 (0x5e094057) vmv.v.x v0, s2
core   0: 0x12000264 (0x418a3457) vadc.vim v8, v24, -12, v0
core   0: 0x12000268 (0x75840857) vmsle.vv v16, v24, v8, v0.t
core   0: 0x1200026c (0x6102c457) vmseq.vx v8, v16, t0, v0.t
core   0: 0x12000270 (0x03aabab3) mulhu   s5, s5, s10
core   0: 0x12000274 (0xfb5a9937) lui     s2, 0xfb5a9
core   0: 0x12000278 (0x99082857) vmulhsu.vv v16, v16, v16, v0.t
core   0: 0x1200027c (0x66040457) vmsne.vv v8, v0, v8
core   0: 0x12000280 (0xa5880857) vsra.vv v16, v24, v16, v0.t
core   0: 0x12000284 (0x2c8c3457) vxor.vi v8, v8, -8, v0.t
core   0: 0x12000288 (0x018db457) vadd.vi v8, v24, -5, v0.t
core   0: >>>>  label119
core   0: 0x1200028c (0x0256f663) bgeu    a3, t0, pc + 44
core   0: 0x12000290 (0x346dbe93) sltiu   t4, s11, 838
core   0: 0x12000294 (0x6b7f0fa3) sb      s7, 1727(t5)
core   0: 0x12000298 (0x010b3c57) vadd.vi v24, v16, -10, v0.t
core   0: 0x1200029c (0x94840857) vsll.vv v16, v8, v8, v0.t
core   0: 0x120002a0 (0x02021433) mulh    s0, tp, zero
core   0: 0x120002a4 (0x5e094857) vmv.v.x v16, s2
core   0: 0x120002a8 (0x498d4857) vsbc.vxm v16, v24, s10, v0
core   0: 0x120002ac (0x0106ba33) sltu    s4, a3, a6
core   0: 0x120002b0 (0x45073c57) vmadc.vim v24, v16, 14, v0
core   0: 0x120002b4 (0x5c880857) vmerge.vvm v16, v8, v16, v0
core   0: >>>>  label130
core   0: 0x120002b8 (0xcc157ad7) vsetivli s5, 10, e8, m2, ta, ma
core   0: 0x120002bc (0x674c0657) vmsne.vv v12, v20, v24
core   0: 0x120002c0 (0xd5442e57) vwadd.wv v28, v20, v8, v0.t
core   0: 0x120002c4 (0x56827393) andi    t2, tp, 1384
core   0: 0x120002c8 (0x15eec657) vmin.vx v12, v30, t4, v0.t
core   0: 0x120002cc (0xb7053257) vnsra.wi v4, v16, 10
core   0: >>>>  label136
core   0: 0x120002d0 (0xc8637cd7) vsetivli s9, 6, e8, mf4, tu, ma
core   0: 0x120002d4 (0xb36b84d7) vnsrl.wv v9, v22, v23
core   0: 0x120002d8 (0x000f5e87) vle16.v v29, (t5), v0.t
core   0: 0x120002dc (0x030f6787) vle32ff.v v15, (t5)
core   0: 0x120002e0 (0x0232e433) rem     s0, t0, gp
core   0: 0x120002e4 (0x000f62a7) vse32.v v5, (t5), v0.t
core   0: 0x120002e8 (0x00b81463) bne     a6, a1, pc + 8
core   0: >>>>  label144
core   0: 0x120002f0 (0x81bff957) vsetvl  s2, t6, s11
core   0: 0x120002f4 (0x5dc14313) xori    t1, sp, 1500
core   0: 0x120002f8 (0x6e9f0ba3) sb      s1, 1783(t5)
core   0: 0x120002fc (0x000f6407) vle32.v v8, (t5), v0.t
core   0: 0x12000300 (0x02e2e2b3) rem     t0, t0, a4
core   0: >>>>  label149
core   0: 0x12000304 (0x81bef657) vsetvl  a2, t4, s11
core   0: 0x12000308 (0x19b2bbb7) lui     s7, 0x19b2b
core   0: 0x1200030c (0x44dfc957) vmadc.vxm v18, v13, t6, v0
core   0: 0x12000310 (0x828864d7) vdivu.vx v9, v8, a6
core   0: 0x12000314 (0x000f0b27) vse8.v  v22, (t5), v0.t
core   0: >>>>  label154
core   0: 0x12000318 (0x81ba7bd7) vsetvl  s7, s4, s11
core   0: 0x1200031c (0x02bf0507) vlm.v   v10, (t5)
core   0: 0x12000320 (0x944f1683) lh      a3, -1724(t5)
core   0: 0x12000324 (0x82d51617) auipc   a2, 0x82d51
core   0: 0x12000328 (0x13b44ad7) vminu.vx v21, v27, s0
core   0: 0x1200032c (0x4912a2d7) vsext.vf4 v5, v17, v0.t
core   0: 0x12000330 (0x147f1123) sh      t2, 322(t5)
core   0: 0x12000334 (0x00d50533) add     a0, a0, a3
core   0: 0x12000338 (0xdb1af417) auipc   s0, 0xdb1af
core   0: 0x1200033c (0x4f3e8e57) vmsbc.vv v28, v19, v29
core   0: >>>>  label164
core   0: 0x12000340 (0x0c3874d7) vsetvli s1, a6, e8, m8, ta, ma
core   0: 0x12000344 (0x27894c57) vand.vx v24, v24, s2
core   0: 0x12000348 (0x47094857) vmadc.vx v16, v16, s2
core   0: 0x1200034c (0x15040857) vmin.vv v16, v16, v8, v0.t
core   0: 0x12000350 (0x035eb333) mulhu   t1, t4, s5
core   0: 0x12000354 (0x020c75b3) remu    a1, s8, zero
core   0: 0x12000358 (0x02bf0f87) vlm.v   v31, (t5)
core   0: 0x1200035c (0xf53f2e23) sw      s3, -164(t5)
core   0: 0x12000360 (0x5e09c457) vmv.v.x v8, s3
core   0: 0x12000364 (0x0f063457) vrsub.vi v8, v16, 12
core   0: 0x12000368 (0xb6393eb7) lui     t4, 0xb6393
core   0: 0x1200036c (0x007cf2b3) and     t0, s9, t2
core   0: 0x12000370 (0x03397933) remu    s2, s2, s3
core   0: 0x12000374 (0x41d6f9b7) lui     s3, 0x41d6f
core   0: 0x12000378 (0x4d7f1623) sh      s7, 1228(t5)
core   0: >>>>  label179
core   0: 0x1200037c (0x0026fe33) and     t3, a3, sp
core   0: 0x12000380 (0x020f0007) vle8.v  v0, (t5)
core   0: 0x12000384 (0x000f0407) vle8.v  v8, (t5), v0.t
core   0: 0x12000388 (0x010f0407) vle8ff.v v8, (t5), v0.t
core   0: 0x1200038c (0x028c2cb3) mulhsu  s9, s8, s0
core   0: 0x12000390 (0x23a5f7b7) lui     a5, 0x23a5f
core   0: >>>>  label185
core   0: 0x12000394 (0xc09efed7) vsetivli t4, 29, e16, m2, tu, mu
core   0: 0x12000398 (0x000f5c07) vle16.v v24, (t5), v0.t
core   0: 0x1200039c (0x0e6f3c57) vrsub.vi v24, v6, -2
core   0: 0x120003a0 (0x47cfb157) vmadc.vi v2, v28, -1
core   0: 0x120003a4 (0x0155fd33) and     s10, a1, s5
core   0: 0x120003a8 (0x9d622857) vmulh.vv v16, v22, v4, v0.t
core   0: 0x120003ac (0xc88d6657) vwsubu.vx v12, v8, s10, v0.t
core   0: 0x120003b0 (0xc66a6857) vwadd.vx v16, v6, s4
core   0: 0x120003b4 (0xa5ed3a57) vsra.vi v20, v30, 26, v0.t
core   0: 0x120003b8 (0x030f6007) vle32ff.v v0, (t5)
core   0: 0x120003bc (0x030f5007) vle16ff.v v0, (t5)
core   0: >>>>  label196
core   0: 0x120003c0 (0x81b9fb57) vsetvl  s6, s3, s11
core   0: 0x120003c4 (0x02a66833) rem     a6, a2, a0
core   0: 0x120003c8 (0x001f5a93) srli    s5, t5, 1
core   0: 0x120003cc (0x4f328a57) vmsbc.vv v20, v19, v5
core   0: 0x120003d0 (0x7abac857) vmsgtu.vx v16, v11, s5
core   0: 0x120003d4 (0x72620157) vmsleu.vv v2, v6, v4
core   0: 0x120003d8 (0x03394e33) div     t3, s2, s3
core   0: 0x120003dc (0xa696aad7) vmadd.vv v21, v13, v9
core   0: 0x120003e0 (0x7dcf5483) lhu     s1, 2012(t5)
core   0: 0x120003e4 (0x020f03a7) vse8.v  v7, (t5)
core   0: 0x120003e8 (0xa61ad297) auipc   t0, 0xa61ad
core   0: >>>>  label207
core   0: 0x120003ec (0xc425f657) vsetivli a2, 11, e8, m4, ta, mu
core   0: 0x120003f0 (0x9f73c537) lui     a0, 0x9f73c
core   0: >>>>  label209
core   0: 0x120003f4 (0x75094857) vmsle.vx v16, v16, s2, v0.t
core   0: 0x120003f8 (0x00735413) srli    s0, t1, 7
core   0: >>>>  label211
core   0: 0x120003fc (0x0137fcd7) vsetvli s9, a5, e32, m8, tu, mu
core   0: 0x12000400 (0x010f0307) vle8ff.v v6, (t5), v0.t
core   0: 0x12000404 (0x02b36633) rem     a2, t1, a1
core   0: 0x12000408 (0x000f5a07) vle16.v v20, (t5), v0.t
core   0: 0x1200040c (0x02c687b3) mul     a5, a3, a2
core   0: 0x12000410 (0x98836457) vmulhsu.vx v8, v8, t1, v0.t
core   0: 0x12000414 (0x009b6a33) or      s4, s6, s1
core   0: 0x12000418 (0x020f0f07) vle8.v  v30, (t5)
core   0: 0x1200041c (0x01bd2a33) slt     s4, s10, s11
core   0: 0x12000420 (0x02dd6833) rem     a6, s10, a3
core   0: 0x12000424 (0x00616333) or      t1, sp, t1
core   0: 0x12000428 (0x41064c57) vadc.vxm v24, v16, a2, v0
core   0: 0x1200042c (0x01880c57) vadd.vv v24, v24, v16, v0.t
core   0: 0x12000430 (0x6ae16c13) ori     s8, sp, 1710
core   0: >>>>  label225
core   0: 0x12000434 (0x81b47b57) vsetvl  s6, s0, s11
core   0: 0x12000438 (0x6576cc57) vmsne.vx v24, v23, a3, v0.t
core   0: 0x1200043c (0x7ebf1023) sh      a1, 2016(t5)
core   0: 0x12000440 (0x02bf05a7) vsm.v   v11, (t5)
core   0: 0x12000444 (0x16f68dd7) vmin.vv v27, v15, v13
core   0: 0x12000448 (0xa19d48d7) vsrl.vx v17, v25, s10, v0.t
core   0: 0x1200044c (0x402d3e57) vadc.vim v28, v2, -6, v0
core   0: 0x12000450 (0xaed9ac57) vnmsub.vv v24, v19, v13
core   0: 0x12000454 (0x9e642357) vmulh.vv v6, v6, v8
core   0: 0x12000458 (0x9e3d2757) vmulh.vv v14, v3, v26
core   0: 0x1200045c (0x84b4a457) vdiv.vv v8, v11, v9, v0.t
core   0: 0x12000460 (0xad0a6cd7) vnmsub.vx v25, s4, v16, v0.t
core   0: 0x12000464 (0x80266957) vdivu.vx v18, v2, a2, v0.t
core   0: 0x12000468 (0x80c6e957) vdivu.vx v18, v12, a3, v0.t
core   0: >>>>  label239
core   0: 0x1200046c (0xaf49e357) vnmsub.vx v6, s3, v20
core   0: 0x12000470 (0x02bf0087) vlm.v   v1, (t5)
core   0: 0x12000474 (0x000f6e27) vse32.v v28, (t5), v0.t
core   0: 0x12000478 (0x020f60a7) vse32.v v1, (t5)
core   0: 0x1200047c (0x02bf0fa7) vsm.v   v31, (t5)
core   0: 0x12000480 (0x010f5d07) vle16ff.v v26, (t5), v0.t
core   0: 0x12000484 (0x010f6787) vle32ff.v v15, (t5), v0.t
core   0: 0x12000488 (0x010f5787) vle16ff.v v15, (t5), v0.t
core   0: 0x1200048c (0x17ecc157) vmin.vx v2, v30, s9
core   0: 0x12000490 (0xa656b5d7) vsra.vi v11, v5, 13
core   0: 0x12000494 (0x4aa22dd7) vzext.vf4 v27, v10
core   0: 0x12000498 (0xa7a1ae57) vmadd.vv v28, v3, v26
core   0: 0x1200049c (0xa51fafd7) vmadd.vv v31, v31, v17, v0.t
core   0: 0x120004a0 (0x83532957) vdivu.vv v18, v21, v6
core   0: 0x120004a4 (0x854ba357) vdiv.vv v6, v20, v23, v0.t
core   0: 0x120004a8 (0xae852fd7) vnmsub.vv v31, v10, v8
core   0: 0x120004ac (0x9fe727d7) vmulh.vv v15, v30, v14
core   0: 0x120004b0 (0x942fa957) vmul.vv v18, v2, v31, v0.t
core   0: 0x120004b4 (0x84faeed7) vdiv.vx v29, v15, s5, v0.t
core   0: 0x120004b8 (0xb63d67d7) vmacc.vx v15, s10, v3
core   0: 0x120004bc (0xbc2be9d7) vnmsac.vx v19, s7, v2, v0.t
core   0: 0x120004c0 (0x000f0da7) vse8.v  v27, (t5), v0.t
core   0: 0x120004c4 (0x02bf0ea7) vsm.v   v29, (t5)
core   0: 0x120004c8 (0x020f5487) vle16.v v9, (t5)
core   0: 0x120004cc (0x000f5e27) vse16.v v28, (t5), v0.t
core   0: 0x120004d0 (0x010f6487) vle32ff.v v9, (t5), v0.t
core   0: 0x120004d4 (0x010f0987) vle8ff.v v19, (t5), v0.t
core   0: 0x120004d8 (0x030f0987) vle8ff.v v19, (t5)
core   0: >>>>  footer
core   0: 0x120004dc (0x0180006f) j       pc + 0x18
core   0: >>>>  end
core   0: 0x120004f4 (0x00000033) add     zero, zero, zero
core   0: 0x120004f8 (0x00100293) li      t0, 1
core   0: 0x120004fc (0x0e004317) auipc   t1, 0xe004
core   0: 0x12000500 (0xb0430313) addi    t1, t1, -1276
core   0: 0x12000504 (0x00532023) sw      t0, 0(t1)
core   0: >>>>  loop_stop
core   0: 0x12000508 (0x0000006f) j       pc + 0x0
