core   0: 0x00001000 (0x00000297) auipc   t0, 0x0
core   0: 0x00001004 (0x02028593) addi    a1, t0, 32
core   0: 0x00001008 (0xf1402573) csrr    a0, mhartid
core   0: 0x0000100c (0x0182a283) lw      t0, 24(t0)
core   0: 0x00001010 (0x00028067) jr      t0
core   0: >>>>  $xrv32i2p1_m2p0_f2p2_d2p2_v1p0_zicsr2p0_zmmul1p0_zve32f1p0_zve32x1p0_zve64d1p0_zve64f1p0_zve64x1p0_zvl128b1p0_zvl32b1p0_zvl64b1p0
core   0: 0x12000000 (0x60000293) li      t0, 1536
core   0: 0x12000004 (0x3002a073) csrs    mstatus, t0
core   0: 0x12000008 (0xe2100013) li      zero, -479
core   0: 0x1200000c (0xf9200293) li      t0, -110
core   0: 0x12000010 (0x0ac00313) li      t1, 172
core   0: 0x12000014 (0x33200393) li      t2, 818
core   0: 0x12000018 (0x50000413) li      s0, 1280
core   0: 0x1200001c (0x15000493) li      s1, 336
core   0: 0x12000020 (0xfc300513) li      a0, -61
core   0: 0x12000024 (0x27c00593) li      a1, 636
core   0: 0x12000028 (0x53e00613) li      a2, 1342
core   0: 0x1200002c (0x05600693) li      a3, 86
core   0: 0x12000030 (0x2d500793) li      a5, 725
core   0: 0x12000034 (0x11f00813) li      a6, 287
core   0: 0x12000038 (0x49900913) li      s2, 1177
core   0: 0x1200003c (0xde100993) li      s3, -543
core   0: 0x12000040 (0xfa000a13) li      s4, -96
core   0: 0x12000044 (0xa0f00a93) li      s5, -1521
core   0: 0x12000048 (0x52600b13) li      s6, 1318
core   0: 0x1200004c (0x46400b93) li      s7, 1124
core   0: 0x12000050 (0x10600c13) li      s8, 262
core   0: 0x12000054 (0xef600c93) li      s9, -266
core   0: 0x12000058 (0x98300d13) li      s10, -1661
core   0: 0x1200005c (0x47700e13) li      t3, 1143
core   0: 0x12000060 (0x5c900e93) li      t4, 1481
core   0: 0x12000064 (0xbc100f93) li      t6, -1087
core   0: 0x12000068 (0x20002f37) lui     t5, 0x20002
core   0: 0x1200006c (0x000f0f13) mv      t5, t5
core   0: 0x12000070 (0x12000737) lui     a4, 0x12000
core   0: 0x12000074 (0x4cc70713) addi    a4, a4, 1228
core   0: 0x12000078 (0x120008b7) lui     a7, 0x12000
core   0: 0x1200007c (0x09c88893) addi    a7, a7, 156
core   0: 0x12000080 (0x0d000d93) li      s11, 208
core   0: 0x12000084 (0x0930f457) vsetvli s0, ra, e32, m8, tu, ma
core   0: 0x12000088 (0x5e05c057) vmv.v.x v0, a1
core   0: 0x1200008c (0x5e00c457) vmv.v.x v8, ra
core   0: 0x12000090 (0x5e054857) vmv.v.x v16, a0
core   0: 0x12000094 (0x5e07cc57) vmv.v.x v24, a5
core   0: 0x12000098 (0x0180006f) j       pc + 0x18
core   0: >>>>  body
core   0: 0x120000b0 (0x49080c57) vsbc.vvm v24, v16, v16, v0
core   0: 0x120000b4 (0x93cf2823) sw      t3, -1744(t5)
core   0: 0x120000b8 (0x0d833857) vrsub.vi v16, v24, 6, v0.t
core   0: 0x120000bc (0xd1d774b7) lui     s1, 0xd1d77
core   0: >>>>  label4
core   0: 0x120000c0 (0xcc6476d7) vsetivli a3, 8, e8, mf4, ta, ma
core   0: 0x120000c4 (0x1b56c4d7) vmaxu.vx v9, v21, a3
core   0: 0x120000c8 (0x40a98957) vadc.vvm v18, v10, v19, v0
core   0: 0x120000cc (0x037a8433) mul     s0, s5, s7
core   0: 0x120000d0 (0xbe93a857) vnmsac.vv v16, v7, v9
core   0: 0x120000d4 (0x020f5e27) vse16.v v28, (t5)
core   0: 0x120000d8 (0x6175b793) sltiu   a5, a1, 1559
core   0: 0x120000dc (0x7b2d3157) vmsgtu.vi v2, v18, 26
core   0: 0x120000e0 (0x4549c457) vmadc.vxm v8, v20, s3, v0
core   0: 0x120000e4 (0x00b91333) sll     t1, s2, a1
core   0: 0x120000e8 (0xd06a8397) auipc   t2, 0xd06a8
core   0: 0x120000ec (0xa0c946d7) vsrl.vx v13, v12, s2, v0.t
core   0: 0x120000f0 (0xda8e29d7) vwsubu.wv v19, v8, v28
core   0: 0x120000f4 (0x10598417) auipc   s0, 0x10598
core   0: 0x120000f8 (0x5e0f0257) vmv.v.v v4, v30
core   0: 0x120000fc (0x030f6f07) vle32ff.v v30, (t5)
core   0: 0x12000100 (0x0173db33) srl     s6, t2, s7
core   0: 0x12000104 (0x0083c5b3) xor     a1, t2, s0
core   0: 0x12000108 (0x000f6e07) vle32.v v28, (t5), v0.t
core   0: 0x1200010c (0xb6348fd7) vnsra.wv v31, v3, v9
core   0: 0x12000110 (0xc5d62cd7) vwadd.vv v25, v29, v12, v0.t
core   0: 0x12000114 (0x037aaab3) mulhsu  s5, s5, s7
core   0: 0x12000118 (0x000f60a7) vse32.v v1, (t5), v0.t
core   0: 0x1200011c (0x00070be7) jalr    s7, a4, 0
core   0: >>>>  extra_func1
core   0: 0x120004cc (0x00a00293) li      t0, 10
core   0: 0x120004d0 (0x01200a13) li      s4, 18
core   0: >>>>  loop2
core   0: 0x120004d4 (0x00128293) addi    t0, t0, 1
core   0: 0x120004d8 (0xff42eee3) bltu    t0, s4, pc - 4
core   0: >>>>  loop2
core   0: 0x120004d4 (0x00128293) addi    t0, t0, 1
core   0: 0x120004d8 (0xff42eee3) bltu    t0, s4, pc - 4
core   0: >>>>  loop2
core   0: 0x120004d4 (0x00128293) addi    t0, t0, 1
core   0: 0x120004d8 (0xff42eee3) bltu    t0, s4, pc - 4
core   0: >>>>  loop2
core   0: 0x120004d4 (0x00128293) addi    t0, t0, 1
core   0: 0x120004d8 (0xff42eee3) bltu    t0, s4, pc - 4
core   0: >>>>  loop2
core   0: 0x120004d4 (0x00128293) addi    t0, t0, 1
core   0: 0x120004d8 (0xff42eee3) bltu    t0, s4, pc - 4
core   0: >>>>  loop2
core   0: 0x120004d4 (0x00128293) addi    t0, t0, 1
core   0: 0x120004d8 (0xff42eee3) bltu    t0, s4, pc - 4
core   0: >>>>  loop2
core   0: 0x120004d4 (0x00128293) addi    t0, t0, 1
core   0: 0x120004d8 (0xff42eee3) bltu    t0, s4, pc - 4
core   0: >>>>  loop2
core   0: 0x120004d4 (0x00128293) addi    t0, t0, 1
core   0: 0x120004d8 (0xff42eee3) bltu    t0, s4, pc - 4
core   0: 0x120004dc (0x000b8067) jr      s7
core   0: 0x12000120 (0x5c7a0857) vmerge.vvm v16, v7, v20, v0
core   0: >>>>  label29
core   0: 0x12000124 (0xa50942d7) vsra.vx v5, v16, s2, v0.t
core   0: 0x12000128 (0xf7fae2d7) vwmacc.vx v5, s5, v31
core   0: 0x1200012c (0xae3d2657) vnmsub.vv v12, v26, v3
core   0: 0x12000130 (0x459608d7) vmadc.vvm v17, v25, v12, v0
core   0: 0x12000134 (0x01564a33) xor     s4, a2, s5
core   0: 0x12000138 (0x6eaf2423) sw      a0, 1768(t5)
core   0: 0x1200013c (0xa57f0b23) sb      s7, -1450(t5)
core   0: 0x12000140 (0x010f6407) vle32ff.v v8, (t5), v0.t
core   0: 0x12000144 (0x010f5e87) vle16ff.v v29, (t5), v0.t
core   0: 0x12000148 (0xf208a5d7) vwmaccu.vv v11, v17, v0
core   0: 0x1200014c (0x454cbb57) vmadc.vim v22, v20, -7, v0
core   0: 0x12000150 (0xf2a7a3d7) vwmaccu.vv v7, v15, v10
core   0: 0x12000154 (0x6777ccd7) vmsne.vx v25, v23, a5
core   0: 0x12000158 (0x020f0a07) vle8.v  v20, (t5)
core   0: 0x1200015c (0x015e42b3) xor     t0, t3, s5
core   0: 0x12000160 (0x03f98c33) mul     s8, s3, t6
core   0: >>>>  label45
core   0: 0x12000164 (0x09087bd7) vsetvli s7, a6, e32, m1, tu, ma
core   0: >>>>  label46
core   0: 0x12000168 (0x81b57557) vsetvl  a0, a0, s11
core   0: 0x1200016c (0x00ccd6b3) srl     a3, s9, a2
core   0: 0x12000170 (0x033ad663) bge     s5, s3, pc + 44
core   0: >>>>  label59
core   0: 0x1200019c (0x02ca4a33) div     s4, s4, a2
core   0: 0x120001a0 (0x0903e417) auipc   s0, 0x903e
core   0: 0x120001a4 (0x03638433) mul     s0, t2, s6
core   0: 0x120001a8 (0x4f82c857) vmsbc.vx v16, v24, t0
core   0: 0x120001ac (0x0dff0ea3) sb      t6, 221(t5)
core   0: 0x120001b0 (0x7212b257) vmsleu.vi v4, v1, 5
core   0: 0x120001b4 (0x037a74b3) remu    s1, s4, s7
core   0: 0x120001b8 (0x7b7736d7) vmsgtu.vi v13, v23, 14
core   0: 0x120001bc (0xa0b9c657) vsrl.vx v12, v11, s3, v0.t
core   0: 0x120001c0 (0x5e0b3f57) vmv.v.i v30, -10
core   0: >>>>  label69
core   0: 0x120001c4 (0xc4fe7557) vsetivli a0, 28, e16, mf2, ta, mu
core   0: 0x120001c8 (0x911ee657) vmulhu.vx v12, v17, t4, v0.t
core   0: 0x120001cc (0xa4d38357) vsra.vv v6, v13, v7, v0.t
core   0: 0x120001d0 (0x03d1bb33) mulhu   s6, gp, t4
core   0: 0x120001d4 (0x02dd62b3) rem     t0, s10, a3
core   0: 0x120001d8 (0xe2e4e057) vwmulu.vx v0, v14, s1
core   0: 0x120001dc (0x010f5307) vle16ff.v v6, (t5), v0.t
core   0: 0x120001e0 (0x767d0057) vmsle.vv v0, v7, v26
core   0: >>>>  label77
core   0: 0x120001e4 (0x81ba7957) vsetvl  s2, s4, s11
core   0: 0x120001e8 (0xc5bf4803) lbu     a6, -933(t5)
core   0: 0x120001ec (0xd1ff1a23) sh      t6, -748(t5)
core   0: 0x120001f0 (0x0199dfb3) srl     t6, s3, s9
core   0: 0x120001f4 (0x68206bb7) lui     s7, 0x68206
core   0: 0x120001f8 (0x02bf00a7) vsm.v   v1, (t5)
core   0: 0x120001fc (0x0c13ce57) vrsub.vx v28, v1, t2, v0.t
core   0: 0x12000200 (0xbf47ea57) vnmsac.vx v20, a5, v20
core   0: 0x12000204 (0x307e9837) lui     a6, 0x307e9
core   0: 0x12000208 (0x590f2c23) sw      a6, 1432(t5)
core   0: 0x1200020c (0x4d6c0657) vmsbc.vvm v12, v22, v24, v0
core   0: 0x12000210 (0x709fb457) vmsleu.vi v8, v9, 31, v0.t
core   0: >>>>  label89
core   0: 0x12000214 (0x02967ab3) remu    s5, a2, s1
core   0: 0x12000218 (0x38f89637) lui     a2, 0x38f89
core   0: 0x1200021c (0x0154a5b3) slt     a1, s1, s5
core   0: 0x12000220 (0x73ef1803) lh      a6, 1854(t5)
core   0: 0x12000224 (0x022a6c33) rem     s8, s4, sp
core   0: 0x12000228 (0x000f6887) vle32.v v17, (t5), v0.t
core   0: 0x1200022c (0xc25f4683) lbu     a3, -987(t5)
core   0: 0x12000230 (0x1d3f8857) vmax.vv v16, v19, v31, v0.t
core   0: 0x12000234 (0x8297e4d7) vdivu.vx v9, v9, a5
core   0: 0x12000238 (0x020f6027) vse32.v v0, (t5)
core   0: 0x1200023c (0x4129dab3) sra     s5, s3, s2
core   0: 0x12000240 (0x456c4a57) vmadc.vxm v20, v22, s8, v0
core   0: >>>>  label101
core   0: 0x12000244 (0xc4f97b57) vsetivli s6, 18, e16, mf2, ta, mu
core   0: 0x12000248 (0x03501fb3) mulh    t6, zero, s5
core   0: >>>>  label103
core   0: 0x1200024c (0x0863fad7) vsetvli s5, t2, e8, mf4, tu, ma
core   0: 0x12000250 (0x41768cd7) vadc.vvm v25, v23, v13, v0
core   0: 0x12000254 (0x020aabb3) mulhsu  s7, s5, zero
core   0: 0x12000258 (0x030f0f87) vle8ff.v v31, (t5)
core   0: 0x1200025c (0x5d034bd7) vmerge.vxm v23, v16, t1, v0
core   0: 0x12000260 (0x0ca2cfd7) vrsub.vx v31, v10, t0, v0.t
core   0: 0x12000264 (0x4f8481d7) vmsbc.vv v3, v24, v9
core   0: 0x12000268 (0xd88a26d7) vwsubu.wv v13, v8, v20, v0.t
core   0: 0x1200026c (0xb35a6497) auipc   s1, 0xb35a6
core   0: 0x12000270 (0x020f6b07) vle32.v v22, (t5)
core   0: 0x12000274 (0xf8116e13) ori     t3, sp, -127
core   0: >>>>  label114
core   0: 0x12000278 (0x00b47b57) vsetvli s6, s0, e16, m8, tu, mu
core   0: 0x1200027c (0x888cec57) vremu.vx v24, v8, s9, v0.t
core   0: 0x12000280 (0x7286bc57) vmsleu.vi v24, v8, 13
core   0: 0x12000284 (0x395f4c03) lbu     s8, 917(t5)
core   0: >>>>  label118
core   0: 0x12000288 (0x08b5f3d7) vsetvli t2, a1, e16, m8, tu, ma
core   0: >>>>  label119
core   0: 0x1200028c (0x03ff0b23) sb      t6, 54(t5)
core   0: 0x12000290 (0x0d804457) vrsub.vx v8, v24, zero, v0.t
core   0: 0x12000294 (0x290c0857) vor.vv  v16, v16, v24, v0.t
core   0: >>>>  label122
core   0: 0x12000298 (0xc1097b57) vsetivli s6, 18, e32, m1, tu, mu
core   0: 0x1200029c (0x010f6587) vle32ff.v v11, (t5), v0.t
core   0: 0x120002a0 (0x90f9a9d7) vmulhu.vv v19, v15, v19, v0.t
core   0: 0x120002a4 (0x01e52a33) slt     s4, a0, t5
core   0: 0x120002a8 (0x020f6ea7) vse32.v v29, (t5)
core   0: 0x120002ac (0x444bcb57) vmadc.vxm v22, v4, s7, v0
core   0: 0x120002b0 (0x030f0707) vle8ff.v v14, (t5)
core   0: 0x120002b4 (0x020f0087) vle8.v  v1, (t5)
core   0: 0x120002b8 (0x95f26917) auipc   s2, 0x95f26
core   0: 0x120002bc (0x44528557) vmadc.vvm v10, v5, v5, v0
core   0: 0x120002c0 (0x651ab2d7) vmsne.vi v5, v17, -11, v0.t
core   0: 0x120002c4 (0x03f4f7b3) remu    a5, s1, t6
core   0: 0x120002c8 (0x0128dcb3) srl     s9, a7, s2
core   0: 0x120002cc (0xa77045d7) vsra.vx v11, v23, zero
core   0: 0x120002d0 (0x0c6f2023) sw      t1, 192(t5)
core   0: 0x120002d4 (0x03f06d33) rem     s10, zero, t6
core   0: >>>>  label138
core   0: 0x120002d8 (0x81b37457) vsetvl  s0, t1, s11
core   0: 0x120002dc (0x03900b33) mul     s6, zero, s9
core   0: 0x120002e0 (0x474507d7) vmadc.vv v15, v20, v10
core   0: 0x120002e4 (0x02b30457) vadd.vv v8, v11, v6
core   0: 0x120002e8 (0x9a6aea57) vmulhsu.vx v20, v6, s5
core   0: 0x120002ec (0xbc2c6857) vnmsac.vx v16, s8, v2, v0.t
core   0: 0x120002f0 (0x10340ed7) vminu.vv v29, v3, v8, v0.t
core   0: 0x120002f4 (0x295fcdd7) vor.vx  v27, v21, t6, v0.t
core   0: 0x120002f8 (0x030f6587) vle32ff.v v11, (t5)
core   0: 0x120002fc (0x020f6987) vle32.v v19, (t5)
core   0: 0x12000300 (0x2b3ac497) auipc   s1, 0x2b3ac
core   0: >>>>  label149
core   0: 0x12000304 (0x090a75d7) vsetvli a1, s4, e32, m1, tu, ma
core   0: 0x12000308 (0xf7b796b7) lui     a3, 0xf7b79
core   0: 0x1200030c (0x744508d7) vmsle.vv v17, v4, v10, v0.t
core   0: 0x12000310 (0xbffee457) vnmsac.vx v8, t4, v31
core   0: 0x12000314 (0x03c53b33) mulhu   s6, a0, t3
core   0: 0x12000318 (0x0ffd43d7) vrsub.vx v7, v31, s10
core   0: 0x1200031c (0x4512cbd7) vmadc.vxm v23, v17, t0, v0
core   0: 0x12000320 (0x0f2f17b7) lui     a5, 0xf2f1
core   0: 0x12000324 (0x2b15ca57) vor.vx  v20, v17, a1
core   0: 0x12000328 (0x020f5e87) vle16.v v29, (t5)
core   0: 0x1200032c (0x8d443837) lui     a6, 0x8d443
core   0: >>>>  label160
core   0: 0x12000330 (0xc12df9d7) vsetivli s3, 27, e32, m4, tu, mu
core   0: 0x12000334 (0x02cf0223) sb      a2, 36(t5)
core   0: 0x12000338 (0x6b887817) auipc   a6, 0x6b887
core   0: 0x1200033c (0x4087b457) vadc.vim v8, v8, 15, v0
core   0: 0x12000340 (0x02bf0607) vlm.v   v12, (t5)
core   0: 0x12000344 (0x40c05693) srai    a3, zero, 12
core   0: 0x12000348 (0x010f6c07) vle32ff.v v24, (t5), v0.t
core   0: 0x1200034c (0x02bf02a7) vsm.v   v5, (t5)
core   0: 0x12000350 (0x18440e57) vmaxu.vv v28, v4, v8, v0.t
core   0: 0x12000354 (0x8b482c57) vremu.vv v24, v20, v16
core   0: 0x12000358 (0x319f0223) sb      s9, 772(t5)
core   0: 0x1200035c (0x0f4ab457) vrsub.vi v8, v20, -11
core   0: 0x12000360 (0x02508033) mul     zero, ra, t0
core   0: 0x12000364 (0x027c3633) mulhu   a2, s8, t2
core   0: >>>>  label174
core   0: 0x12000368 (0x81b9f957) vsetvl  s2, s3, s11
core   0: >>>>  label175
core   0: 0x1200036c (0x08abf557) vsetvli a0, s7, e16, m4, tu, ma
core   0: >>>>  label176
core   0: 0x12000370 (0xc0757c57) vsetivli s8, 10, e8, mf2, tu, mu
core   0: 0x12000374 (0x059f1c23) sh      s9, 88(t5)
core   0: 0x12000378 (0x2acb09d7) vor.vv  v19, v12, v22
core   0: >>>>  label179
core   0: 0x1200037c (0xf4bae857) vwmacc.vx v16, s5, v11, v0.t
core   0: 0x12000380 (0x00365993) srli    s3, a2, 3
core   0: 0x12000384 (0x004ac463) blt     s5, tp, pc + 8
core   0: 0x12000388 (0xd19561d7) vwaddu.wx v3, v25, a0, v0.t
core   0: >>>>  label183
core   0: 0x1200038c (0xc8a373d7) vsetivli t2, 6, e16, m4, tu, ma
core   0: 0x12000390 (0x41f1f313) andi    t1, gp, 1055
core   0: 0x12000394 (0x65cd4657) vmsne.vx v12, v28, s10, v0.t
core   0: 0x12000398 (0x0053cfb3) xor     t6, t2, t0
core   0: 0x1200039c (0x61460857) vmseq.vv v16, v20, v12, v0.t
core   0: 0x120003a0 (0x020f0807) vle8.v  v16, (t5)
core   0: >>>>  label189
core   0: 0x120003a4 (0x0406f357) vsetvli t1, a3, e8, m1, ta, mu
core   0: 0x120003a8 (0x27254e57) vand.vx v28, v18, a0
core   0: 0x120003ac (0x020f0687) vle8.v  v13, (t5)
core   0: 0x120003b0 (0x6064b0d7) vmseq.vi v1, v6, 9, v0.t
core   0: 0x120003b4 (0xd98f2303) lw      t1, -616(t5)
core   0: 0x120003b8 (0x02bf0a07) vlm.v   v20, (t5)
core   0: >>>>  label195
core   0: 0x120003bc (0x81b974d7) vsetvl  s1, s2, s11
core   0: 0x120003c0 (0xb4af2dd7) vmacc.vv v27, v30, v10, v0.t
core   0: 0x120003c4 (0x0d5d46d7) vrsub.vx v13, v21, s10, v0.t
core   0: >>>>  label198
core   0: 0x120003c8 (0x81bc76d7) vsetvl  a3, s8, s11
core   0: 0x120003cc (0x00f293b3) sll     t2, t0, a5
core   0: 0x120003d0 (0x020f0e27) vse8.v  v28, (t5)
core   0: 0x120003d4 (0x95754d57) vsll.vx v26, v23, a0, v0.t
core   0: 0x120003d8 (0x1cfc8ad7) vmax.vv v21, v15, v25, v0.t
core   0: 0x120003dc (0x053f0783) lb      a5, 83(t5)
core   0: 0x120003e0 (0x473a3157) vmadc.vi v2, v19, -12
core   0: 0x120003e4 (0x030f0387) vle8ff.v v7, (t5)
core   0: 0x120003e8 (0x000f6127) vse32.v v2, (t5), v0.t
core   0: 0x120003ec (0x010f6407) vle32ff.v v8, (t5), v0.t
core   0: >>>>  label208
core   0: 0x120003f0 (0x81bef457) vsetvl  s0, t4, s11
core   0: >>>>  label209
core   0: 0x120003f4 (0x4134deb3) sra     t4, s1, s3
core   0: 0x120003f8 (0x102f0783) lb      a5, 258(t5)
core   0: >>>>  label211
core   0: 0x120003fc (0xc4b8f6d7) vsetivli a3, 17, e16, m8, ta, mu
core   0: 0x12000400 (0x0376ae33) mulhsu  t3, a3, s7
core   0: 0x12000404 (0x032bdbb3) divu    s7, s7, s2
core   0: 0x12000408 (0x02584ab3) div     s5, a6, t0
core   0: 0x1200040c (0xb1ff1b23) sh      t6, -1258(t5)
core   0: 0x12000410 (0x03eb2a33) mulhsu  s4, s6, t5
core   0: 0x12000414 (0x02bf0ca7) vsm.v   v25, (t5)
core   0: 0x12000418 (0x4e894c57) vmsbc.vx v24, v8, s2
core   0: 0x1200041c (0x2d00bc57) vxor.vi v24, v16, 1, v0.t
core   0: 0x12000420 (0x03a4eeb3) rem     t4, s1, s10
core   0: 0x12000424 (0x00621013) slli    zero, tp, 6
core   0: 0x12000428 (0x000f0e07) vle8.v  v28, (t5), v0.t
core   0: 0x1200042c (0x3d4f1123) sh      s4, 962(t5)
core   0: >>>>  label224
core   0: 0x12000430 (0x81b97ad7) vsetvl  s5, s2, s11
core   0: >>>>  label225
core   0: 0x12000434 (0x013ffd57) vsetvli s10, t6, e32, m8, tu, mu
core   0: 0x12000438 (0x020f6027) vse32.v v0, (t5)
core   0: 0x1200043c (0x8a8e6c57) vremu.vx v24, v8, t3
core   0: >>>>  label228
core   0: 0x12000440 (0x047bf7d7) vsetvli a5, s7, e8, mf2, ta, mu
core   0: 0x12000444 (0x020f5707) vle16.v v14, (t5)
core   0: >>>>  label230
core   0: 0x12000448 (0x00b473d7) vsetvli t2, s0, e16, m8, tu, mu
core   0: 0x1200044c (0x610cc857) vmseq.vx v16, v16, s9, v0.t
core   0: 0x12000450 (0x718c0c57) vmsleu.vv v24, v24, v24, v0.t
core   0: 0x12000454 (0x45880c57) vmadc.vvm v24, v24, v16, v0
core   0: 0x12000458 (0xb6df0423) sb      a3, -1176(t5)
core   0: 0x1200045c (0x03c40eb3) mul     t4, s0, t3
core   0: 0x12000460 (0x02772a33) mulhsu  s4, a4, t2
core   0: 0x12000464 (0x00acac33) slt     s8, s9, a0
core   0: 0x12000468 (0xaf6dd497) auipc   s1, 0xaf6dd
core   0: >>>>  label239
core   0: 0x1200046c (0x638c0457) vmseq.vv v8, v24, v24
core   0: 0x12000470 (0x7b82cc57) vmsgtu.vx v24, v24, t0
core   0: 0x12000474 (0x4189b457) vadc.vim v8, v24, -13, v0
core   0: 0x12000478 (0x8d0c2c57) vrem.vv v24, v16, v24, v0.t
core   0: 0x1200047c (0x9b082457) vmulhsu.vv v8, v16, v16
core   0: 0x12000480 (0x938c2457) vmulhu.vv v8, v24, v24
core   0: 0x12000484 (0x9d0c2857) vmulh.vv v16, v16, v24, v0.t
core   0: 0x12000488 (0xa50c2457) vmadd.vv v8, v24, v16, v0.t
core   0: 0x1200048c (0xa682e857) vmadd.vx v16, t0, v8
core   0: 0x12000490 (0x000f5807) vle16.v v16, (t5), v0.t
core   0: 0x12000494 (0x020f5c07) vle16.v v24, (t5)
core   0: 0x12000498 (0x030f5407) vle16ff.v v8, (t5)
core   0: 0x1200049c (0xa18c0457) vsrl.vv v8, v24, v24, v0.t
core   0: 0x120004a0 (0x660e4457) vmsne.vx v8, v0, t3
core   0: 0x120004a4 (0x7b07b857) vmsgtu.vi v16, v16, 15
core   0: 0x120004a8 (0xbd842c57) vnmsac.vv v24, v8, v24, v0.t
core   0: 0x120004ac (0xbd842857) vnmsac.vv v16, v8, v24, v0.t
core   0: 0x120004b0 (0x8d8fe857) vrem.vx v16, v24, t6, v0.t
core   0: 0x120004b4 (0x8d896857) vrem.vx v16, v24, s2, v0.t
core   0: 0x120004b8 (0xbf0ee857) vnmsac.vx v16, t4, v16
core   0: 0x120004bc (0x020f5407) vle16.v v8, (t5)
core   0: 0x120004c0 (0x020f5027) vse16.v v0, (t5)
core   0: 0x120004c4 (0x030f5c07) vle16ff.v v24, (t5)
core   0: >>>>  footer
core   0: 0x120004c8 (0x0180006f) j       pc + 0x18
core   0: >>>>  end
core   0: 0x120004e0 (0x00000033) add     zero, zero, zero
core   0: 0x120004e4 (0x00100293) li      t0, 1
core   0: 0x120004e8 (0x0e004317) auipc   t1, 0xe004
core   0: 0x120004ec (0xb1830313) addi    t1, t1, -1256
core   0: 0x120004f0 (0x00532023) sw      t0, 0(t1)
core   0: >>>>  loop_stop
core   0: 0x120004f4 (0x0000006f) j       pc + 0x0
