core   0: 0x00001000 (0x00000297) auipc   t0, 0x0
core   0: 0x00001004 (0x02028593) addi    a1, t0, 32
core   0: 0x00001008 (0xf1402573) csrr    a0, mhartid
core   0: 0x0000100c (0x0182a283) lw      t0, 24(t0)
core   0: 0x00001010 (0x00028067) jr      t0
core   0: >>>>  $xrv32i2p1_m2p0_f2p2_d2p2_v1p0_zicsr2p0_zmmul1p0_zve32f1p0_zve32x1p0_zve64d1p0_zve64f1p0_zve64x1p0_zvl128b1p0_zvl32b1p0_zvl64b1p0
core   0: 0x12000000 (0x60000293) li      t0, 1536
core   0: 0x12000004 (0x3002a073) csrs    mstatus, t0
core   0: 0x12000008 (0xe2100013) li      zero, -479
core   0: 0x1200000c (0xf9200293) li      t0, -110
core   0: 0x12000010 (0x0ac00313) li      t1, 172
core   0: 0x12000014 (0x33200393) li      t2, 818
core   0: 0x12000018 (0x50000413) li      s0, 1280
core   0: 0x1200001c (0x15000493) li      s1, 336
core   0: 0x12000020 (0xfc300513) li      a0, -61
core   0: 0x12000024 (0x27c00593) li      a1, 636
core   0: 0x12000028 (0x53e00613) li      a2, 1342
core   0: 0x1200002c (0x05600693) li      a3, 86
core   0: 0x12000030 (0x2d500793) li      a5, 725
core   0: 0x12000034 (0x11f00813) li      a6, 287
core   0: 0x12000038 (0x49900913) li      s2, 1177
core   0: 0x1200003c (0xde100993) li      s3, -543
core   0: 0x12000040 (0xfa000a13) li      s4, -96
core   0: 0x12000044 (0xa0f00a93) li      s5, -1521
core   0: 0x12000048 (0x52600b13) li      s6, 1318
core   0: 0x1200004c (0x46400b93) li      s7, 1124
core   0: 0x12000050 (0x10600c13) li      s8, 262
core   0: 0x12000054 (0xef600c93) li      s9, -266
core   0: 0x12000058 (0x98300d13) li      s10, -1661
core   0: 0x1200005c (0x47700e13) li      t3, 1143
core   0: 0x12000060 (0x5c900e93) li      t4, 1481
core   0: 0x12000064 (0xbc100f93) li      t6, -1087
core   0: 0x12000068 (0x20002f37) lui     t5, 0x20002
core   0: 0x1200006c (0x000f0f13) mv      t5, t5
core   0: 0x12000070 (0x12000737) lui     a4, 0x12000
core   0: 0x12000074 (0x4d870713) addi    a4, a4, 1240
core   0: 0x12000078 (0x120008b7) lui     a7, 0x12000
core   0: 0x1200007c (0x09c88893) addi    a7, a7, 156
core   0: 0x12000080 (0x0d000d93) li      s11, 208
core   0: 0x12000084 (0x0930f457) vsetvli s0, ra, e32, m8, tu, ma
core   0: 0x12000088 (0x5e05c057) vmv.v.x v0, a1
core   0: 0x1200008c (0x5e00c457) vmv.v.x v8, ra
core   0: 0x12000090 (0x5e054857) vmv.v.x v16, a0
core   0: 0x12000094 (0x5e07cc57) vmv.v.x v24, a5
core   0: 0x12000098 (0x0180006f) j       pc + 0x18
core   0: >>>>  body
core   0: 0x120000b0 (0x98388017) auipc   zero, 0x98388
core   0: 0x120000b4 (0x027457b3) divu    a5, s0, t2
core   0: 0x120000b8 (0x020652b3) divu    t0, a2, zero
core   0: 0x120000bc (0x4a83a857) vsext.vf2 v16, v8
core   0: 0x120000c0 (0x66844057) vmsne.vx v0, v8, s0
core   0: 0x120000c4 (0x8b8be457) vremu.vx v8, v24, s7
core   0: 0x120000c8 (0x020f6427) vse32.v v8, (t5)
core   0: 0x120000cc (0x8b0c2c57) vremu.vv v24, v16, v24
core   0: 0x120000d0 (0x6309cc57) vmseq.vx v24, v16, s3
core   0: 0x120000d4 (0x5954db17) auipc   s6, 0x5954d
core   0: 0x120000d8 (0x6382bc57) vmseq.vi v24, v24, 5
core   0: 0x120000dc (0x448a4c57) vmadc.vxm v24, v8, s4, v0
core   0: 0x120000e0 (0x02bf0c27) vsm.v   v24, (t5)
core   0: 0x120000e4 (0x5d083457) vmerge.vim v8, v16, -16, v0
core   0: 0x120000e8 (0x00070be7) jalr    s7, a4, 0
core   0: >>>>  extra_func1
core   0: 0x120004d8 (0x00a00293) li      t0, 10
core   0: 0x120004dc (0x01200a13) li      s4, 18
core   0: >>>>  loop2
core   0: 0x120004e0 (0x00128293) addi    t0, t0, 1
core   0: 0x120004e4 (0xff42eee3) bltu    t0, s4, pc - 4
core   0: >>>>  loop2
core   0: 0x120004e0 (0x00128293) addi    t0, t0, 1
core   0: 0x120004e4 (0xff42eee3) bltu    t0, s4, pc - 4
core   0: >>>>  loop2
core   0: 0x120004e0 (0x00128293) addi    t0, t0, 1
core   0: 0x120004e4 (0xff42eee3) bltu    t0, s4, pc - 4
core   0: >>>>  loop2
core   0: 0x120004e0 (0x00128293) addi    t0, t0, 1
core   0: 0x120004e4 (0xff42eee3) bltu    t0, s4, pc - 4
core   0: >>>>  loop2
core   0: 0x120004e0 (0x00128293) addi    t0, t0, 1
core   0: 0x120004e4 (0xff42eee3) bltu    t0, s4, pc - 4
core   0: >>>>  loop2
core   0: 0x120004e0 (0x00128293) addi    t0, t0, 1
core   0: 0x120004e4 (0xff42eee3) bltu    t0, s4, pc - 4
core   0: >>>>  loop2
core   0: 0x120004e0 (0x00128293) addi    t0, t0, 1
core   0: 0x120004e4 (0xff42eee3) bltu    t0, s4, pc - 4
core   0: >>>>  loop2
core   0: 0x120004e0 (0x00128293) addi    t0, t0, 1
core   0: 0x120004e4 (0xff42eee3) bltu    t0, s4, pc - 4
core   0: 0x120004e8 (0x000b8067) jr      s7
core   0: 0x120000ec (0x000f0f07) vle8.v  v30, (t5), v0.t
core   0: 0x120000f0 (0x2c834c57) vxor.vx v24, v8, t1, v0.t
core   0: 0x120000f4 (0x030f5407) vle16ff.v v8, (t5)
core   0: 0x120000f8 (0x2e043857) vxor.vi v16, v0, 8
core   0: 0x120000fc (0x03637b33) remu    s6, t1, s6
core   0: >>>>  label20
core   0: 0x12000100 (0x0ca67ad7) vsetvli s5, a2, e16, m4, ta, ma
core   0: 0x12000104 (0x5d013e57) vmerge.vim v28, v16, 2, v0
core   0: 0x12000108 (0xfc0ee457) vwmaccsu.vx v8, t4, v0, v0.t
core   0: 0x1200010c (0x4b832657) vzext.vf2 v12, v24
core   0: 0x12000110 (0x030f6c07) vle32ff.v v24, (t5)
core   0: 0x12000114 (0xc6442c57) vwadd.vv v24, v4, v8
core   0: 0x12000118 (0x25ce0257) vand.vv v4, v28, v28, v0.t
core   0: 0x1200011c (0x01f31eb3) sll     t4, t1, t6
core   0: >>>>  label28
core   0: 0x12000120 (0x81b5f7d7) vsetvl  a5, a1, s11
core   0: >>>>  label29
core   0: 0x12000124 (0x2dea32d7) vxor.vi v5, v30, -12, v0.t
core   0: 0x12000128 (0x7bcf2503) lw      a0, 1980(t5)
core   0: 0x1200012c (0x3ce337b7) lui     a5, 0x3ce33
core   0: 0x12000130 (0xc65f1023) sh      t0, -928(t5)
core   0: 0x12000134 (0xbc4c6757) vnmsac.vx v14, s8, v4, v0.t
core   0: 0x12000138 (0x01b57ab3) and     s5, a0, s11
core   0: 0x1200013c (0x167e0ad7) vmin.vv v21, v7, v28
core   0: 0x12000140 (0x0316be33) mulhu   t3, a3, a7
core   0: 0x12000144 (0x77ba81d7) vmsle.vv v3, v27, v21
core   0: 0x12000148 (0x2866ce57) vor.vx  v28, v6, a3, v0.t
core   0: 0x1200014c (0x010f0987) vle8ff.v v19, (t5), v0.t
core   0: >>>>  label40
core   0: 0x12000150 (0x08bb7457) vsetvli s0, s6, e16, m8, tu, ma
core   0: 0x12000154 (0x62840c57) vmseq.vv v24, v8, v8
core   0: 0x12000158 (0x03921c63) bne     tp, s9, pc + 56
core   0: >>>>  label56
core   0: 0x12000190 (0x08f872d7) vsetvli t0, a6, e16, mf2, tu, ma
core   0: 0x12000194 (0x5e084557) vmv.v.x v10, a6
core   0: 0x12000198 (0xe87133b7) lui     t2, 0xe8713
core   0: >>>>  label59
core   0: 0x1200019c (0x6a0b8ed7) vmsltu.vv v29, v0, v23
core   0: 0x120001a0 (0x2a2b3ad7) vor.vi  v21, v2, -10
core   0: 0x120001a4 (0x97ec4757) vsll.vx v14, v30, s8
core   0: 0x120001a8 (0x000f6e87) vle32.v v29, (t5), v0.t
core   0: 0x120001ac (0x000f5207) vle16.v v4, (t5), v0.t
core   0: 0x120001b0 (0x2a9e85d7) vor.vv  v11, v9, v29
core   0: 0x120001b4 (0x6721b5d7) vmsne.vi v11, v18, 3
core   0: 0x120001b8 (0x02d92633) mulhsu  a2, s2, a3
core   0: 0x120001bc (0xfd91a857) vwmaccsu.vv v16, v3, v25, v0.t
core   0: 0x120001c0 (0x41078bb3) sub     s7, a5, a6
core   0: 0x120001c4 (0x262e48d7) vand.vx v17, v2, t3
core   0: 0x120001c8 (0x72a5c3d7) vmsleu.vx v7, v10, a1
core   0: 0x120001cc (0xb3dac1d7) vnsrl.wx v3, v29, s5
core   0: 0x120001d0 (0xd83f2623) sw      gp, -628(t5)
core   0: 0x120001d4 (0x40b054b3) sra     s1, zero, a1
core   0: 0x120001d8 (0xe30e2557) vwmulu.vv v10, v16, v28
core   0: 0x120001dc (0x02af09d7) vadd.vv v19, v10, v30
core   0: 0x120001e0 (0x97fc6cd7) vmul.vx v25, v31, s8
core   0: 0x120001e4 (0x012b0033) add     zero, s6, s2
core   0: 0x120001e8 (0x40425a93) srai    s5, tp, 4
core   0: 0x120001ec (0x036cec33) rem     s8, s9, s6
core   0: 0x120001f0 (0x568747b7) lui     a5, 0x56874
core   0: >>>>  label81
core   0: 0x120001f4 (0x048b7e57) vsetvli t3, s6, e16, m1, ta, mu
core   0: >>>>  label82
core   0: 0x120001f8 (0xcd1573d7) vsetivli t2, 10, e32, m2, ta, ma
core   0: >>>>  label83
core   0: 0x120001fc (0x81bb7ed7) vsetvl  t4, s6, s11
core   0: >>>>  label84
core   0: 0x12000200 (0xc437f957) vsetivli s2, 15, e8, m8, ta, mu
core   0: 0x12000204 (0x01c7f5b3) and     a1, a5, t3
core   0: 0x12000208 (0x020f0407) vle8.v  v8, (t5)
core   0: 0x1200020c (0x468c0457) vmadc.vv v8, v8, v24
core   0: 0x12000210 (0x000f0407) vle8.v  v8, (t5), v0.t
core   0: >>>>  label89
core   0: 0x12000214 (0xa691a517) auipc   a0, 0xa691a
core   0: 0x12000218 (0x86813b93) sltiu   s7, sp, -1944
core   0: 0x1200021c (0x1b840457) vmaxu.vv v8, v24, v8
core   0: 0x12000220 (0x1c814913) xori    s2, sp, 456
core   0: >>>>  label93
core   0: 0x12000224 (0xc0a2f3d7) vsetivli t2, 5, e16, m4, tu, mu
core   0: 0x12000228 (0x02bf07a7) vsm.v   v15, (t5)
core   0: 0x1200022c (0x020f0c27) vse8.v  v24, (t5)
core   0: 0x12000230 (0x032e4833) div     a6, t3, s2
core   0: >>>>  label97
core   0: 0x12000234 (0x81bc7fd7) vsetvl  t6, s8, s11
core   0: 0x12000238 (0x0e8de393) ori     t2, s11, 232
core   0: 0x1200023c (0x4ea400d7) vmsbc.vv v1, v10, v8
core   0: >>>>  label100
core   0: 0x12000240 (0x81befa57) vsetvl  s4, t4, s11
core   0: 0x12000244 (0x02aeea33) rem     s4, t4, a0
core   0: >>>>  label102
core   0: 0x12000248 (0x81b47d57) vsetvl  s10, s0, s11
core   0: 0x1200024c (0x01ed5bb3) srl     s7, s10, t5
core   0: >>>>  label104
core   0: 0x12000250 (0x081cfc57) vsetvli s8, s9, e8, m2, tu, ma
core   0: >>>>  label105
core   0: 0x12000254 (0x050b72d7) vsetvli t0, s6, e32, m1, ta, mu
core   0: >>>>  label106
core   0: 0x12000258 (0xcd1e7a57) vsetivli s4, 28, e32, m2, ta, ma
core   0: 0x1200025c (0x884f5303) lhu     t1, -1916(t5)
core   0: 0x12000260 (0x02bf0b07) vlm.v   v22, (t5)
core   0: 0x12000264 (0x5bdf1023) sh      t4, 1440(t5)
core   0: 0x12000268 (0x000f0427) vse8.v  v8, (t5), v0.t
core   0: 0x1200026c (0xbe696757) vnmsac.vx v14, s2, v6
core   0: >>>>  label112
core   0: 0x12000270 (0x81b7f657) vsetvl  a2, a5, s11
core   0: 0x12000274 (0x010f6c07) vle32ff.v v24, (t5), v0.t
core   0: 0x12000278 (0x000f6207) vle32.v v4, (t5), v0.t
core   0: 0x1200027c (0x71cf2c23) sw      t3, 1816(t5)
core   0: 0x12000280 (0x9e11a8d7) vmulh.vv v17, v1, v3
core   0: 0x12000284 (0x1aba0257) vmaxu.vv v4, v11, v20
core   0: 0x12000288 (0x484e07d7) vsbc.vvm v15, v4, v28, v0
core   0: >>>>  label119
core   0: 0x1200028c (0x72cf1a23) sh      a2, 1844(t5)
core   0: >>>>  label120
core   0: 0x12000290 (0x083cf357) vsetvli t1, s9, e8, m8, tu, ma
core   0: 0x12000294 (0x9fcf2e23) sw      t3, -1540(t5)
core   0: 0x12000298 (0x00485293) srli    t0, a6, 4
core   0: 0x1200029c (0x02fccfb3) div     t6, s9, a5
core   0: 0x120002a0 (0x1e000c57) vmax.vv v24, v0, v0
core   0: 0x120002a4 (0x01964eb3) xor     t4, a2, s9
core   0: 0x120002a8 (0x01af1123) sh      s10, 2(t5)
core   0: 0x120002ac (0xdaaebbb7) lui     s7, 0xdaaeb
core   0: 0x120002b0 (0x03d50b33) mul     s6, a0, t4
core   0: 0x120002b4 (0x01f8ceb3) xor     t4, a7, t6
core   0: 0x120002b8 (0x2f084057) vxor.vx v0, v16, a6
core   0: 0x120002bc (0x01835813) srli    a6, t1, 24
core   0: 0x120002c0 (0x610d3457) vmseq.vi v8, v16, -6, v0.t
core   0: 0x120002c4 (0x6a86c057) vmsltu.vx v0, v8, a3
core   0: 0x120002c8 (0x4102c457) vadc.vxm v8, v16, t0, v0
core   0: 0x120002cc (0x2b0cc857) vor.vx  v16, v16, s9
core   0: >>>>  label136
core   0: 0x120002d0 (0x04affa57) vsetvli s4, t6, e16, m4, ta, mu
core   0: 0x120002d4 (0x01f6fbb3) and     s7, a3, t6
core   0: 0x120002d8 (0x15dce4b7) lui     s1, 0x15dce
core   0: 0x120002dc (0x026a54b3) divu    s1, s4, t1
core   0: 0x120002e0 (0x026516b3) mulh    a3, a0, t1
core   0: 0x120002e4 (0x6441dbb7) lui     s7, 0x6441d
core   0: 0x120002e8 (0x0cc5ca57) vrsub.vx v20, v12, a1, v0.t
core   0: 0x120002ec (0x03766933) rem     s2, a2, s7
core   0: 0x120002f0 (0x000f0507) vle8.v  v10, (t5), v0.t
core   0: 0x120002f4 (0xb73f0483) lb      s1, -1165(t5)
core   0: 0x120002f8 (0x41085e13) srai    t3, a6, 16
core   0: 0x120002fc (0x7c4bbe57) vmsgt.vi v28, v4, -9, v0.t
core   0: 0x12000300 (0xa38c0057) vsrl.vv v0, v24, v24
core   0: >>>>  label149
core   0: 0x12000304 (0x021e36b3) mulhu   a3, t3, ra
core   0: >>>>  label150
core   0: 0x12000308 (0x0063fa57) vsetvli s4, t2, e8, mf4, tu, mu
core   0: 0x1200030c (0xf256ab57) vwmaccu.vv v22, v13, v5
core   0: 0x12000310 (0x007f7833) and     a6, t5, t2
core   0: 0x12000314 (0xeed82fd7) vwmul.vv v31, v13, v16
core   0: 0x12000318 (0x28e83757) vor.vi  v14, v14, -16, v0.t
core   0: 0x1200031c (0x5c1bb4d7) vmerge.vim v9, v1, -9, v0
core   0: 0x12000320 (0x04e15463) bge     sp, a4, pc + 72
core   0: 0x12000324 (0x030f6507) vle32ff.v v10, (t5)
core   0: 0x12000328 (0x020f0187) vle8.v  v3, (t5)
core   0: 0x1200032c (0x010f0207) vle8ff.v v4, (t5), v0.t
core   0: 0x12000330 (0x2c6d84d7) vxor.vv v9, v6, v27, v0.t
core   0: 0x12000334 (0x7d7539d7) vmsgt.vi v19, v23, 10, v0.t
core   0: 0x12000338 (0x644b5937) lui     s2, 0x644b5
core   0: 0x1200033c (0x01ed0433) add     s0, s10, t5
core   0: 0x12000340 (0x1c3a8857) vmax.vv v16, v3, v21, v0.t
core   0: 0x12000344 (0x8e2569d7) vrem.vx v19, v2, a0
core   0: 0x12000348 (0x845b28d7) vdiv.vv v17, v5, v22, v0.t
core   0: 0x1200034c (0x030f5887) vle16ff.v v17, (t5)
core   0: 0x12000350 (0x030f0587) vle8ff.v v11, (t5)
core   0: 0x12000354 (0x412f55b3) sra     a1, t5, s2
core   0: 0x12000358 (0x712ebb57) vmsleu.vi v22, v18, 29, v0.t
core   0: 0x1200035c (0x4e3bc3d7) vmsbc.vx v7, v3, s7
core   0: 0x12000360 (0x152f0003) lb      zero, 338(t5)
core   0: 0x12000364 (0x020f6f87) vle32.v v31, (t5)
core   0: >>>>  label174
core   0: 0x12000368 (0x0cf3fed7) vsetvli t4, t2, e16, mf2, ta, ma
core   0: 0x1200036c (0x000f0da7) vse8.v  v27, (t5), v0.t
core   0: 0x12000370 (0x2ccf1223) sh      a2, 708(t5)
core   0: 0x12000374 (0xbe954993) xori    s3, a0, -1047
core   0: >>>>  label178
core   0: 0x12000378 (0x81b673d7) vsetvl  t2, a2, s11
core   0: >>>>  label179
core   0: 0x1200037c (0x04697b57) vsetvli s6, s2, e8, mf4, ta, mu
core   0: 0x12000380 (0x47800657) vmadc.vv v12, v24, v0
core   0: 0x12000384 (0x4116c3d7) vadc.vxm v7, v17, a3, v0
core   0: >>>>  label182
core   0: 0x12000388 (0x0123fc57) vsetvli s8, t2, e32, m4, tu, mu
core   0: 0x1200038c (0xabbf2e23) sw      s11, -1348(t5)
core   0: 0x12000390 (0x4fc3c457) vmsbc.vx v8, v28, t2
core   0: 0x12000394 (0x61c40e57) vmseq.vv v28, v28, v8, v0.t
core   0: 0x12000398 (0x4c8c0e57) vmsbc.vvm v28, v8, v24, v0
core   0: 0x1200039c (0xa4cf2a23) sw      a2, -1452(t5)
core   0: 0x120003a0 (0x74834857) vmsle.vx v16, v8, t1, v0.t
core   0: >>>>  label189
core   0: 0x120003a4 (0x81bcf457) vsetvl  s0, s9, s11
core   0: 0x120003a8 (0x02bf0027) vsm.v   v0, (t5)
core   0: 0x120003ac (0x020f5507) vle16.v v10, (t5)
core   0: 0x120003b0 (0x4edb40d7) vmsbc.vx v1, v13, s6
core   0: 0x120003b4 (0x34805e17) auipc   t3, 0x34805
core   0: 0x120003b8 (0x75de84d7) vmsle.vv v9, v29, v29, v0.t
core   0: 0x120003bc (0x41f50857) vadc.vvm v16, v31, v10, v0
core   0: 0x120003c0 (0x018403b3) add     t2, s0, s8
core   0: 0x120003c4 (0x02b29cb3) mulh    s9, t0, a1
core   0: 0x120003c8 (0x037ca6b3) mulhsu  a3, s9, s7
core   0: 0x120003cc (0xa5f94e57) vsra.vx v28, v31, s2, v0.t
core   0: 0x120003d0 (0x7b194cd7) vmsgtu.vx v25, v17, s2
core   0: 0x120003d4 (0x6d8f2823) sw      s8, 1744(t5)
core   0: 0x120003d8 (0xd73de337) lui     t1, 0xd73de
core   0: 0x120003dc (0x0206b333) mulhu   t1, a3, zero
core   0: 0x120003e0 (0x403234d7) vadc.vim v9, v3, 4, v0
core   0: 0x120003e4 (0x2bb28a57) vor.vv  v20, v27, v5
core   0: 0x120003e8 (0x6d4f1923) sh      s4, 1746(t5)
core   0: 0x120003ec (0x76a93ad7) vmsle.vi v21, v10, -14
core   0: 0x120003f0 (0x030f5e07) vle16ff.v v28, (t5)
core   0: >>>>  label209
core   0: 0x120003f4 (0x6f0e8cd7) vmslt.vv v25, v16, v29
core   0: 0x120003f8 (0xbd786b57) vnmsac.vx v22, a6, v23, v0.t
core   0: 0x120003fc (0x000f5fa7) vse16.v v31, (t5), v0.t
core   0: 0x12000400 (0x5d1134d7) vmerge.vim v9, v17, 2, v0
core   0: 0x12000404 (0xa7054657) vsra.vx v12, v16, a0
core   0: 0x12000408 (0xa63b4bd7) vsra.vx v23, v3, s6
core   0: 0x1200040c (0x000f6227) vse32.v v4, (t5), v0.t
core   0: 0x12000410 (0x020f0a27) vse8.v  v20, (t5)
core   0: 0x12000414 (0x0306ed33) rem     s10, a3, a6
core   0: 0x12000418 (0x14c10557) vmin.vv v10, v12, v2, v0.t
core   0: 0x1200041c (0x2a0c31d7) vor.vi  v3, v0, -8
core   0: >>>>  label220
core   0: 0x12000420 (0xc4a57457) vsetivli s0, 10, e16, m4, ta, mu
core   0: 0x12000424 (0x43af1723) sh      s10, 1070(t5)
core   0: 0x12000428 (0xfcca2c57) vwmaccsu.vv v24, v20, v12, v0.t
core   0: 0x1200042c (0x5c4e0857) vmerge.vvm v16, v4, v28, v0
core   0: 0x12000430 (0xcc456857) vwsub.vx v16, v4, a0, v0.t
core   0: 0x12000434 (0x01025933) srl     s2, tp, a6
core   0: 0x12000438 (0xb30e4457) vnsrl.wx v8, v16, t3
core   0: 0x1200043c (0x84c66857) vdiv.vx v16, v12, a2, v0.t
core   0: 0x12000440 (0xd18ee457) vwaddu.wx v8, v24, t4, v0.t
core   0: 0x12000444 (0x037c97b3) mulh    a5, s9, s7
core   0: 0x12000448 (0x010f0307) vle8ff.v v6, (t5), v0.t
core   0: 0x1200044c (0x5c941e17) auipc   t3, 0x5c941
core   0: 0x12000450 (0x92cf5383) lhu     t2, -1748(t5)
core   0: 0x12000454 (0x02fec533) div     a0, t4, a5
core   0: 0x12000458 (0x658f1523) sh      s8, 1610(t5)
core   0: 0x1200045c (0x022edb33) divu    s6, t4, sp
core   0: >>>>  label236
core   0: 0x12000460 (0xcc75fcd7) vsetivli s9, 11, e8, mf2, ta, ma
core   0: 0x12000464 (0x02bf0787) vlm.v   v15, (t5)
core   0: 0x12000468 (0x403e02d7) vadc.vvm v5, v3, v28, v0
core   0: >>>>  label239
core   0: 0x1200046c (0x030f5b07) vle16ff.v v22, (t5)
core   0: 0x12000470 (0x03560533) mul     a0, a2, s5
core   0: 0x12000474 (0x000f6f07) vle32.v v30, (t5), v0.t
core   0: 0x12000478 (0xd77aa0d7) vwadd.wv v1, v23, v21
core   0: 0x1200047c (0xdc442f57) vwsub.wv v30, v4, v8, v0.t
core   0: 0x12000480 (0x88a12f57) vremu.vv v30, v10, v2, v0.t
core   0: 0x12000484 (0x96dda4d7) vmul.vv v9, v13, v27
core   0: 0x12000488 (0xda61a9d7) vwsubu.wv v19, v6, v3
core   0: 0x1200048c (0xc64661d7) vwadd.vx v3, v4, a2
core   0: 0x12000490 (0xe869eb57) vwmulsu.vx v22, v6, s3, v0.t
core   0: 0x12000494 (0xa687eed7) vmadd.vx v29, a5, v8
core   0: 0x12000498 (0xf209e5d7) vwmaccu.vx v11, s3, v0
core   0: 0x1200049c (0xc25a6f57) vwaddu.vx v30, v5, s4
core   0: 0x120004a0 (0x010f5f07) vle16ff.v v30, (t5), v0.t
core   0: 0x120004a4 (0x030f5607) vle16ff.v v12, (t5)
core   0: 0x120004a8 (0xb7382b57) vmacc.vv v22, v16, v19
core   0: 0x120004ac (0xc2f12bd7) vwaddu.vv v23, v15, v2
core   0: 0x120004b0 (0x9f262a57) vmulh.vv v20, v18, v12
core   0: 0x120004b4 (0xdc7d2157) vwsub.wv v2, v7, v26, v0.t
core   0: 0x120004b8 (0x815be257) vdivu.vx v4, v21, s7, v0.t
core   0: 0x120004bc (0x810469d7) vdivu.vx v19, v16, s0, v0.t
core   0: 0x120004c0 (0x8113ea57) vdivu.vx v20, v17, t2, v0.t
core   0: 0x120004c4 (0xcc3e6457) vwsub.vx v8, v3, t3, v0.t
core   0: 0x120004c8 (0x8c7fe857) vrem.vx v16, v7, t6, v0.t
core   0: 0x120004cc (0x030f5587) vle16ff.v v11, (t5)
core   0: 0x120004d0 (0x030f0087) vle8ff.v v1, (t5)
core   0: >>>>  footer
core   0: 0x120004d4 (0x0180006f) j       pc + 0x18
core   0: >>>>  end
core   0: 0x120004ec (0x00000033) add     zero, zero, zero
core   0: 0x120004f0 (0x00100293) li      t0, 1
core   0: 0x120004f4 (0x0e004317) auipc   t1, 0xe004
core   0: 0x120004f8 (0xb0c30313) addi    t1, t1, -1268
core   0: 0x120004fc (0x00532023) sw      t0, 0(t1)
core   0: >>>>  loop_stop
core   0: 0x12000500 (0x0000006f) j       pc + 0x0
