core   0: 0x00001000 (0x00000297) auipc   t0, 0x0
core   0: 0x00001004 (0x02028593) addi    a1, t0, 32
core   0: 0x00001008 (0xf1402573) csrr    a0, mhartid
core   0: 0x0000100c (0x0182a283) lw      t0, 24(t0)
core   0: 0x00001010 (0x00028067) jr      t0
core   0: >>>>  $xrv32i2p1_m2p0_f2p2_d2p2_v1p0_zicsr2p0_zmmul1p0_zve32f1p0_zve32x1p0_zve64d1p0_zve64f1p0_zve64x1p0_zvl128b1p0_zvl32b1p0_zvl64b1p0
core   0: 0x12000000 (0x60000293) li      t0, 1536
core   0: 0x12000004 (0x3002a073) csrs    mstatus, t0
core   0: 0x12000008 (0xe2100013) li      zero, -479
core   0: 0x1200000c (0xf9200293) li      t0, -110
core   0: 0x12000010 (0x0ac00313) li      t1, 172
core   0: 0x12000014 (0x33200393) li      t2, 818
core   0: 0x12000018 (0x50000413) li      s0, 1280
core   0: 0x1200001c (0x15000493) li      s1, 336
core   0: 0x12000020 (0xfc300513) li      a0, -61
core   0: 0x12000024 (0x27c00593) li      a1, 636
core   0: 0x12000028 (0x53e00613) li      a2, 1342
core   0: 0x1200002c (0x05600693) li      a3, 86
core   0: 0x12000030 (0x2d500793) li      a5, 725
core   0: 0x12000034 (0x11f00813) li      a6, 287
core   0: 0x12000038 (0x49900913) li      s2, 1177
core   0: 0x1200003c (0xde100993) li      s3, -543
core   0: 0x12000040 (0xfa000a13) li      s4, -96
core   0: 0x12000044 (0xa0f00a93) li      s5, -1521
core   0: 0x12000048 (0x52600b13) li      s6, 1318
core   0: 0x1200004c (0x46400b93) li      s7, 1124
core   0: 0x12000050 (0x10600c13) li      s8, 262
core   0: 0x12000054 (0xef600c93) li      s9, -266
core   0: 0x12000058 (0x98300d13) li      s10, -1661
core   0: 0x1200005c (0x47700e13) li      t3, 1143
core   0: 0x12000060 (0x5c900e93) li      t4, 1481
core   0: 0x12000064 (0xbc100f93) li      t6, -1087
core   0: 0x12000068 (0x20002f37) lui     t5, 0x20002
core   0: 0x1200006c (0x000f0f13) mv      t5, t5
core   0: 0x12000070 (0x12000737) lui     a4, 0x12000
core   0: 0x12000074 (0x4e870713) addi    a4, a4, 1256
core   0: 0x12000078 (0x120008b7) lui     a7, 0x12000
core   0: 0x1200007c (0x09c88893) addi    a7, a7, 156
core   0: 0x12000080 (0x0d000d93) li      s11, 208
core   0: 0x12000084 (0x0930f457) vsetvli s0, ra, e32, m8, tu, ma
core   0: 0x12000088 (0x5e05c057) vmv.v.x v0, a1
core   0: 0x1200008c (0x5e00c457) vmv.v.x v8, ra
core   0: 0x12000090 (0x5e054857) vmv.v.x v16, a0
core   0: 0x12000094 (0x5e07cc57) vmv.v.x v24, a5
core   0: 0x12000098 (0x0180006f) j       pc + 0x18
core   0: >>>>  body
core   0: 0x120000b0 (0x020f6427) vse32.v v8, (t5)
core   0: 0x120000b4 (0x71b82b13) slti    s6, a6, 1819
core   0: 0x120000b8 (0x7d084857) vmsgt.vx v16, v16, a6, v0.t
core   0: 0x120000bc (0xa3af5b83) lhu     s7, -1478(t5)
core   0: 0x120000c0 (0x0046fe33) and     t3, a3, tp
core   0: 0x120000c4 (0x10880857) vminu.vv v16, v8, v16, v0.t
core   0: 0x120000c8 (0x832eaa13) slti    s4, t4, -1998
core   0: 0x120000cc (0x038f1c23) sh      s8, 56(t5)
core   0: 0x120000d0 (0x02bf0327) vsm.v   v6, (t5)
core   0: >>>>  label9
core   0: 0x120000d4 (0x0c387c57) vsetvli s8, a6, e8, m8, ta, ma
core   0: 0x120000d8 (0x6d5f0323) sb      s5, 1734(t5)
core   0: 0x120000dc (0x00e30a33) add     s4, t1, a4
core   0: 0x120000e0 (0x2b063c57) vor.vi  v24, v16, 12
core   0: 0x120000e4 (0xdfaf0f23) sb      s10, -514(t5)
core   0: 0x120000e8 (0x6187b857) vmseq.vi v16, v24, 15, v0.t
core   0: >>>>  label15
core   0: 0x120000ec (0x81b6f957) vsetvl  s2, a3, s11
core   0: 0x120000f0 (0x034e1b33) mulh    s6, t3, s4
core   0: 0x120000f4 (0x82de21d7) vdivu.vv v3, v13, v28
core   0: 0x120000f8 (0x01d7c7b3) xor     a5, a5, t4
core   0: 0x120000fc (0x031fde33) divu    t3, t6, a7
core   0: 0x12000100 (0x008b8d33) add     s10, s7, s0
core   0: 0x12000104 (0x847f05a3) sb      t2, -1973(t5)
core   0: 0x12000108 (0x7fdbb7d7) vmsgt.vi v15, v29, -9
core   0: 0x1200010c (0xa7838fd7) vsra.vv v31, v24, v7
core   0: 0x12000110 (0x034a85b7) lui     a1, 0x34a8
core   0: 0x12000114 (0xfdb17513) andi    a0, sp, -37
core   0: 0x12000118 (0x75333457) vmsle.vi v8, v19, 6, v0.t
core   0: 0x1200011c (0x45bab1d7) vmadc.vim v3, v27, -11, v0
core   0: 0x12000120 (0x02083eb3) mulhu   t4, a6, zero
core   0: >>>>  label29
core   0: 0x12000124 (0x42eab413) sltiu   s0, s5, 1070
core   0: 0x12000128 (0x21e3d037) lui     zero, 0x21e3d
core   0: 0x1200012c (0x5e0e0cd7) vmv.v.v v25, v28
core   0: 0x12000130 (0xc0a62c17) auipc   s8, 0xc0a62
core   0: 0x12000134 (0xc5ff2023) sw      t6, -960(t5)
core   0: 0x12000138 (0x00781593) slli    a1, a6, 7
core   0: 0x1200013c (0x749f01a3) sb      s1, 1859(t5)
core   0: 0x12000140 (0x46d78257) vmadc.vv v4, v13, v15
core   0: 0x12000144 (0x2ca86a97) auipc   s5, 0x2ca86
core   0: 0x12000148 (0x5c6fbf57) vmerge.vim v30, v6, -1, v0
core   0: 0x1200014c (0x027cd333) divu    t1, s9, t2
core   0: 0x12000150 (0x44acb2d7) vmadc.vim v5, v10, -7, v0
core   0: 0x12000154 (0xfa303997) auipc   s3, 0xfa303
core   0: 0x12000158 (0x117a4bd7) vminu.vx v23, v23, s4, v0.t
core   0: 0x1200015c (0x029e2933) mulhsu  s2, t3, s1
core   0: 0x12000160 (0x83906557) vdivu.vx v10, v25, zero
core   0: 0x12000164 (0x8d0f2423) sw      a6, -1848(t5)
core   0: 0x12000168 (0x8bb6e557) vremu.vx v10, v27, a3
core   0: 0x1200016c (0x020f0427) vse8.v  v8, (t5)
core   0: 0x12000170 (0x08d101d7) vsub.vv v3, v13, v2, v0.t
core   0: 0x12000174 (0x65470457) vmsne.vv v8, v20, v14, v0.t
core   0: 0x12000178 (0x02140bb3) mul     s7, s0, ra
core   0: 0x1200017c (0xafc5add7) vnmsub.vv v27, v11, v28
core   0: >>>>  label52
core   0: 0x12000180 (0x81b5fed7) vsetvl  t4, a1, s11
core   0: 0x12000184 (0x034b2b33) mulhsu  s6, s6, s4
core   0: 0x12000188 (0x0272a7b3) mulhsu  a5, t0, t2
core   0: 0x1200018c (0x0d83b9d7) vrsub.vi v19, v24, 7, v0.t
core   0: >>>>  label56
core   0: 0x12000190 (0xc92e73d7) vsetivli t2, 28, e32, m4, tu, ma
core   0: 0x12000194 (0x8cc14317) auipc   t1, 0x8cc14
core   0: 0x12000198 (0x75494e57) vmsle.vx v28, v20, s2, v0.t
core   0: >>>>  label59
core   0: 0x1200019c (0x006e5033) srl     zero, t3, t1
core   0: 0x120001a0 (0x6708b657) vmsne.vi v12, v16, -15
core   0: 0x120001a4 (0x16860857) vmin.vv v16, v8, v12
core   0: >>>>  label62
core   0: 0x120001a8 (0xc0aff6d7) vsetivli a3, 31, e16, m4, tu, mu
core   0: 0x120001ac (0x02bf0927) vsm.v   v18, (t5)
core   0: 0x120001b0 (0x01ad09b3) add     s3, s10, s10
core   0: 0x120001b4 (0x032cd633) divu    a2, s9, s2
core   0: >>>>  label66
core   0: 0x120001b8 (0x0c65f7d7) vsetvli a5, a1, e8, mf4, ta, ma
core   0: 0x120001bc (0xa48a8bd7) vsra.vv v23, v8, v21, v0.t
core   0: 0x120001c0 (0x163b84d7) vmin.vv v9, v3, v23
core   0: 0x120001c4 (0x146f1823) sh      t1, 336(t5)
core   0: 0x120001c8 (0x000f58a7) vse16.v v17, (t5), v0.t
core   0: 0x120001cc (0x98f56ed7) vmulhsu.vx v29, v15, a0, v0.t
core   0: 0x120001d0 (0x960986b7) lui     a3, 0x96098
core   0: 0x120001d4 (0x0184eb33) or      s6, s1, s8
core   0: 0x120001d8 (0x374f0a83) lb      s5, 884(t5)
core   0: 0x120001dc (0xf27e65d7) vwmaccu.vx v11, t3, v7
core   0: 0x120001e0 (0x02bf0da7) vsm.v   v27, (t5)
core   0: 0x120001e4 (0xc35729d7) vwaddu.vv v19, v21, v14
core   0: 0x120001e8 (0xed7323d7) vwmul.vv v7, v23, v6, v0.t
core   0: 0x120001ec (0x7eaa4657) vmsgt.vx v12, v10, s4
core   0: >>>>  label80
core   0: 0x120001f0 (0xcc30fcd7) vsetivli s9, 1, e8, m8, ta, ma
core   0: 0x120001f4 (0x3c623fb7) lui     t6, 0x3c623
core   0: 0x120001f8 (0x02bf0b07) vlm.v   v22, (t5)
core   0: >>>>  label83
core   0: 0x120001fc (0x81b97857) vsetvl  a6, s2, s11
core   0: >>>>  label84
core   0: 0x12000200 (0xc4b1fad7) vsetivli s5, 3, e16, m8, ta, mu
core   0: 0x12000204 (0x2705c457) vand.vx v8, v16, a1
core   0: 0x12000208 (0x030f5807) vle16ff.v v16, (t5)
core   0: 0x1200020c (0x948bec57) vmul.vx v24, v8, s7, v0.t
core   0: 0x12000210 (0x2d0b3c57) vxor.vi v24, v16, -10, v0.t
core   0: >>>>  label89
core   0: 0x12000214 (0x0085c857) vadd.vx v16, v8, a1, v0.t
core   0: >>>>  label90
core   0: 0x12000218 (0xccf6fc57) vsetivli s8, 13, e16, mf2, ta, ma
core   0: >>>>  label91
core   0: 0x1200021c (0x81b877d7) vsetvl  a5, a6, s11
core   0: 0x12000220 (0x70e4cb57) vmsleu.vx v22, v14, s1, v0.t
core   0: 0x12000224 (0xd8d94e97) auipc   t4, 0xd8d94
core   0: 0x12000228 (0x010f0587) vle8ff.v v11, (t5), v0.t
core   0: 0x1200022c (0x0105c9b3) xor     s3, a1, a6
core   0: 0x12000230 (0x2ab5bfd7) vor.vi  v31, v11, 11
core   0: 0x12000234 (0x4fdd4a57) vmsbc.vx v20, v29, s10
core   0: 0x12000238 (0x024a17b3) mulh    a5, s4, tp
core   0: 0x1200023c (0x000f5fa7) vse16.v v31, (t5), v0.t
core   0: 0x12000240 (0x020f0087) vle8.v  v1, (t5)
core   0: 0x12000244 (0xa0b66e93) ori     t4, a2, -1525
core   0: 0x12000248 (0x404f5b03) lhu     s6, 1028(t5)
core   0: 0x1200024c (0x2556bb57) vand.vi v22, v21, 13, v0.t
core   0: 0x12000250 (0x030f6107) vle32ff.v v2, (t5)
core   0: 0x12000254 (0x033b87b3) mul     a5, s7, s3
core   0: >>>>  label106
core   0: 0x12000258 (0x0536f9d7) vsetvli s3, a3, e32, m8, ta, mu
core   0: 0x1200025c (0x03fffa33) remu    s4, t6, t6
core   0: 0x12000260 (0x020f5027) vse16.v v0, (t5)
core   0: 0x12000264 (0x121f1e23) sh      ra, 316(t5)
core   0: 0x12000268 (0x2600b597) auipc   a1, 0x2600b
core   0: 0x1200026c (0x028b2533) mulhsu  a0, s6, s0
core   0: >>>>  label112
core   0: 0x12000270 (0x04047457) vsetvli s0, s0, e8, m1, ta, mu
core   0: 0x12000274 (0x4db102d7) vmsbc.vvm v5, v27, v2, v0
core   0: 0x12000278 (0x083d8157) vsub.vv v2, v3, v27, v0.t
core   0: 0x1200027c (0x010f5507) vle16ff.v v10, (t5), v0.t
core   0: >>>>  label116
core   0: 0x12000280 (0x81b4fc57) vsetvl  s8, s1, s11
core   0: >>>>  label117
core   0: 0x12000284 (0x81b2f457) vsetvl  s0, t0, s11
core   0: 0x12000288 (0x0368fcb3) remu    s9, a7, s6
core   0: >>>>  label119
core   0: 0x1200028c (0x00cf8a33) add     s4, t6, a2
core   0: 0x12000290 (0x020f5b87) vle16.v v23, (t5)
core   0: 0x12000294 (0x6bee0ad7) vmsltu.vv v21, v30, v28
core   0: 0x12000298 (0x030f0e87) vle8ff.v v29, (t5)
core   0: 0x1200029c (0x030f0307) vle8ff.v v6, (t5)
core   0: 0x120002a0 (0x020f5187) vle16.v v3, (t5)
core   0: >>>>  label125
core   0: 0x120002a4 (0xc83179d7) vsetivli s3, 2, e8, m8, tu, ma
core   0: >>>>  label126
core   0: 0x120002a8 (0xc4617c57) vsetivli s8, 2, e8, mf4, ta, mu
core   0: 0x120002ac (0xb21339d7) vnsrl.wi v19, v1, 6
core   0: 0x120002b0 (0x05f26a63) bltu    tp, t6, pc + 84
core   0: >>>>  label149
core   0: 0x12000304 (0x81b67fd7) vsetvl  t6, a2, s11
core   0: 0x12000308 (0x010f0787) vle8ff.v v15, (t5), v0.t
core   0: >>>>  label151
core   0: 0x1200030c (0x81bff557) vsetvl  a0, t6, s11
core   0: 0x12000310 (0x664e3c57) vmsne.vi v24, v4, -4
core   0: 0x12000314 (0x5da2c9d7) vmerge.vxm v19, v26, t0, v0
core   0: 0x12000318 (0x023c34b3) mulhu   s1, s8, gp
core   0: 0x1200031c (0x5185eab7) lui     s5, 0x5185e
core   0: 0x12000320 (0x02bf0387) vlm.v   v7, (t5)
core   0: 0x12000324 (0x9bc566d7) vmulhsu.vx v13, v28, a0
core   0: 0x12000328 (0x7223a493) slti    s1, t2, 1826
core   0: 0x1200032c (0x000f6607) vle32.v v12, (t5), v0.t
core   0: 0x12000330 (0x9ea56fd7) vmulh.vx v31, v10, a0
core   0: 0x12000334 (0xd6568e17) auipc   t3, 0xd6568
core   0: 0x12000338 (0x030f0f87) vle8ff.v v31, (t5)
core   0: 0x1200033c (0x000f0f07) vle8.v  v30, (t5), v0.t
core   0: 0x12000340 (0x02db4933) div     s2, s6, a3
core   0: 0x12000344 (0x013a2833) slt     a6, s4, s3
core   0: 0x12000348 (0x000f07a7) vse8.v  v15, (t5), v0.t
core   0: 0x1200034c (0x5cfcc2d7) vmerge.vxm v5, v15, s9, v0
core   0: 0x12000350 (0x090b8c57) vsub.vv v24, v16, v23, v0.t
core   0: >>>>  label169
core   0: 0x12000354 (0x047d7957) vsetvli s2, s10, e8, mf2, ta, mu
core   0: 0x12000358 (0x000f5a07) vle16.v v20, (t5), v0.t
core   0: 0x1200035c (0x020f6c07) vle32.v v24, (t5)
core   0: 0x12000360 (0x622ecfd7) vmseq.vx v31, v2, t4
core   0: 0x12000364 (0x03162433) mulhsu  s0, a2, a7
core   0: 0x12000368 (0x2b2942d7) vor.vx  v5, v18, s2
core   0: 0x1200036c (0x5e0902d7) vmv.v.v v5, v18
core   0: 0x12000370 (0x1e827317) auipc   t1, 0x1e827
core   0: 0x12000374 (0x00763c33) sltu    s8, a2, t2
core   0: 0x12000378 (0x45c9c257) vmadc.vxm v4, v28, s3, v0
core   0: >>>>  label179
core   0: 0x1200037c (0x9217e3d7) vmulhu.vx v7, v1, a5
core   0: 0x12000380 (0x455f2023) sw      s5, 1088(t5)
core   0: >>>>  label181
core   0: 0x12000384 (0xc4f3fa57) vsetivli s4, 7, e16, mf2, ta, mu
core   0: 0x12000388 (0x2b1db257) vor.vi  v4, v17, -5
core   0: 0x1200038c (0x5e054c57) vmv.v.x v24, a0
core   0: 0x12000390 (0x14a443d7) vmin.vx v7, v10, s0, v0.t
core   0: 0x12000394 (0xa5d84257) vsra.vx v4, v29, a6, v0.t
core   0: 0x12000398 (0x01565b93) srli    s7, a2, 21
core   0: >>>>  label187
core   0: 0x1200039c (0x81ba75d7) vsetvl  a1, s4, s11
core   0: 0x120003a0 (0x8e17e4d7) vrem.vx v9, v1, a5
core   0: 0x120003a4 (0x000f0b07) vle8.v  v22, (t5), v0.t
core   0: 0x120003a8 (0xcbfc9037) lui     zero, 0xcbfc9
core   0: 0x120003ac (0x010f5607) vle16ff.v v12, (t5), v0.t
core   0: 0x120003b0 (0x2a2c3593) sltiu   a1, s8, 674
core   0: 0x120003b4 (0x1dfbfa97) auipc   s5, 0x1dfbf
core   0: 0x120003b8 (0x5e0a43d7) vmv.v.x v7, s4
core   0: 0x120003bc (0x02bf0427) vsm.v   v8, (t5)
core   0: 0x120003c0 (0x95c20357) vsll.vv v6, v28, v4, v0.t
core   0: 0x120003c4 (0x760d8157) vmsle.vv v2, v0, v27
core   0: 0x120003c8 (0x010f6107) vle32ff.v v2, (t5), v0.t
core   0: >>>>  label199
core   0: 0x120003cc (0x046d7457) vsetvli s0, s10, e8, mf4, ta, mu
core   0: 0x120003d0 (0x020f0fa7) vse8.v  v31, (t5)
core   0: 0x120003d4 (0x0297f3b3) remu    t2, a5, s1
core   0: 0x120003d8 (0x0382aa33) mulhsu  s4, t0, s8
core   0: 0x120003dc (0xc3ca6d57) vwaddu.vx v26, v28, s4
core   0: 0x120003e0 (0x000f0187) vle8.v  v3, (t5), v0.t
core   0: 0x120003e4 (0x87a1fa93) andi    s5, gp, -1926
core   0: 0x120003e8 (0xae77aed7) vnmsub.vv v29, v15, v7
core   0: 0x120003ec (0x574f2c03) lw      s8, 1396(t5)
core   0: 0x120003f0 (0x40c006b3) sub     a3, zero, a2
core   0: >>>>  label209
core   0: 0x120003f4 (0x04657bd7) vsetvli s7, a0, e8, mf4, ta, mu
core   0: >>>>  label210
core   0: 0x120003f8 (0x04b57a57) vsetvli s4, a0, e16, m8, ta, mu
core   0: 0x120003fc (0x824f1723) sh      tp, -2002(t5)
core   0: 0x12000400 (0x032ed3b3) divu    t2, t4, s2
core   0: 0x12000404 (0x498ec457) vsbc.vxm v8, v24, t4, v0
core   0: 0x12000408 (0x978c0c57) vsll.vv v24, v24, v24
core   0: 0x1200040c (0x72803c57) vmsleu.vi v24, v8, 0
core   0: 0x12000410 (0xa50c2457) vmadd.vv v8, v24, v16, v0.t
core   0: 0x12000414 (0x87082857) vdiv.vv v16, v16, v16
core   0: 0x12000418 (0x72840057) vmsleu.vv v0, v8, v8
core   0: 0x1200041c (0x5baf0c23) sb      s10, 1464(t5)
core   0: 0x12000420 (0x6a0fc057) vmsltu.vx v0, v0, t6
core   0: 0x12000424 (0x02bf0d87) vlm.v   v27, (t5)
core   0: 0x12000428 (0x010f0407) vle8ff.v v8, (t5), v0.t
core   0: 0x1200042c (0x010f0a07) vle8ff.v v20, (t5), v0.t
core   0: 0x12000430 (0xf9792b93) slti    s7, s2, -105
core   0: >>>>  label225
core   0: 0x12000434 (0xc8acffd7) vsetivli t6, 25, e16, m4, tu, ma
core   0: 0x12000438 (0x00d966b3) or      a3, s2, a3
core   0: 0x1200043c (0x5e0b4657) vmv.v.x v12, s6
core   0: 0x12000440 (0xd28ae857) vwaddu.wx v16, v8, s5
core   0: 0x12000444 (0xc3456057) vwaddu.vx v0, v20, a0
core   0: 0x12000448 (0x030ff933) remu    s2, t6, a6
core   0: 0x1200044c (0x2a060257) vor.vv  v4, v0, v12
core   0: 0x12000450 (0x000f6407) vle32.v v8, (t5), v0.t
core   0: 0x12000454 (0xb386b657) vnsrl.wi v12, v24, 13
core   0: 0x12000458 (0x01b21a63) bne     tp, s11, pc + 20
core   0: >>>>  label239
core   0: 0x1200046c (0x4e440c57) vmsbc.vv v24, v4, v8
core   0: 0x12000470 (0x66820657) vmsne.vv v12, v8, v4
core   0: 0x12000474 (0xda822857) vwsubu.wv v16, v8, v4
core   0: 0x12000478 (0x9b822257) vmulhsu.vv v4, v24, v4
core   0: 0x1200047c (0x9a8e2457) vmulhsu.vv v8, v8, v28
core   0: 0x12000480 (0x988e2657) vmulhsu.vv v12, v8, v28, v0.t
core   0: 0x12000484 (0x9cc42857) vmulh.vv v16, v12, v8, v0.t
core   0: 0x12000488 (0xf2cc2057) vwmaccu.vv v0, v24, v12
core   0: 0x1200048c (0xd90c2457) vwsubu.wv v8, v16, v24, v0.t
core   0: 0x12000490 (0xd3082057) vwaddu.wv v0, v16, v16
core   0: 0x12000494 (0x95cd6c57) vmul.vx v24, v28, s10, v0.t
core   0: 0x12000498 (0xa5086a57) vmadd.vx v20, a6, v16, v0.t
core   0: 0x1200049c (0xf6446457) vwmacc.vx v8, s0, v4
core   0: 0x120004a0 (0x030f0a07) vle8ff.v v20, (t5)
core   0: 0x120004a4 (0x44c40457) vmadc.vvm v8, v12, v8, v0
core   0: 0x120004a8 (0xa5060657) vsra.vv v12, v16, v12, v0.t
core   0: 0x120004ac (0xb6ce2257) vmacc.vv v4, v28, v12
core   0: 0x120004b0 (0x89882a57) vremu.vv v20, v24, v16, v0.t
core   0: 0x120004b4 (0x96c82257) vmul.vv v4, v12, v16
core   0: 0x120004b8 (0xc8c62c57) vwsubu.vv v24, v12, v12, v0.t
core   0: 0x120004bc (0xeb022457) vwmulsu.vv v8, v16, v4
core   0: 0x120004c0 (0xcc0e2457) vwsub.vv v8, v0, v28, v0.t
core   0: 0x120004c4 (0xa44c2857) vmadd.vv v16, v24, v4, v0.t
core   0: 0x120004c8 (0xea0e2857) vwmulsu.vv v16, v0, v28
core   0: 0x120004cc (0xf60a2457) vwmacc.vv v8, v20, v0
core   0: 0x120004d0 (0xc1002c57) vwaddu.vv v24, v16, v0, v0.t
core   0: 0x120004d4 (0xbfc86a57) vnmsac.vx v20, a6, v28
core   0: 0x120004d8 (0xa4cc6a57) vmadd.vx v20, s8, v12, v0.t
core   0: 0x120004dc (0xd7846457) vwadd.wx v8, v24, s0
core   0: 0x120004e0 (0x010f0f07) vle8ff.v v30, (t5), v0.t
core   0: >>>>  footer
core   0: 0x120004e4 (0x0180006f) j       pc + 0x18
core   0: >>>>  end
core   0: 0x120004fc (0x00000033) add     zero, zero, zero
core   0: 0x12000500 (0x00100293) li      t0, 1
core   0: 0x12000504 (0x0e004317) auipc   t1, 0xe004
core   0: 0x12000508 (0xafc30313) addi    t1, t1, -1284
core   0: 0x1200050c (0x00532023) sw      t0, 0(t1)
core   0: >>>>  loop_stop
core   0: 0x12000510 (0x0000006f) j       pc + 0x0
