core   0: 0x00001000 (0x00000297) auipc   t0, 0x0
core   0: 0x00001004 (0x02028593) addi    a1, t0, 32
core   0: 0x00001008 (0xf1402573) csrr    a0, mhartid
core   0: 0x0000100c (0x0182a283) lw      t0, 24(t0)
core   0: 0x00001010 (0x00028067) jr      t0
core   0: >>>>  $xrv32i2p1_m2p0_f2p2_d2p2_v1p0_zicsr2p0_zmmul1p0_zve32f1p0_zve32x1p0_zve64d1p0_zve64f1p0_zve64x1p0_zvl128b1p0_zvl32b1p0_zvl64b1p0
core   0: 0x12000000 (0x60000293) li      t0, 1536
core   0: 0x12000004 (0x3002a073) csrs    mstatus, t0
core   0: 0x12000008 (0xe2100013) li      zero, -479
core   0: 0x1200000c (0xf9200293) li      t0, -110
core   0: 0x12000010 (0x0ac00313) li      t1, 172
core   0: 0x12000014 (0x33200393) li      t2, 818
core   0: 0x12000018 (0x50000413) li      s0, 1280
core   0: 0x1200001c (0x15000493) li      s1, 336
core   0: 0x12000020 (0xfc300513) li      a0, -61
core   0: 0x12000024 (0x27c00593) li      a1, 636
core   0: 0x12000028 (0x53e00613) li      a2, 1342
core   0: 0x1200002c (0x05600693) li      a3, 86
core   0: 0x12000030 (0x2d500793) li      a5, 725
core   0: 0x12000034 (0x11f00813) li      a6, 287
core   0: 0x12000038 (0x49900913) li      s2, 1177
core   0: 0x1200003c (0xde100993) li      s3, -543
core   0: 0x12000040 (0xfa000a13) li      s4, -96
core   0: 0x12000044 (0xa0f00a93) li      s5, -1521
core   0: 0x12000048 (0x52600b13) li      s6, 1318
core   0: 0x1200004c (0x46400b93) li      s7, 1124
core   0: 0x12000050 (0x10600c13) li      s8, 262
core   0: 0x12000054 (0xef600c93) li      s9, -266
core   0: 0x12000058 (0x98300d13) li      s10, -1661
core   0: 0x1200005c (0x47700e13) li      t3, 1143
core   0: 0x12000060 (0x5c900e93) li      t4, 1481
core   0: 0x12000064 (0xbc100f93) li      t6, -1087
core   0: 0x12000068 (0x20002f37) lui     t5, 0x20002
core   0: 0x1200006c (0x000f0f13) mv      t5, t5
core   0: 0x12000070 (0x12000737) lui     a4, 0x12000
core   0: 0x12000074 (0x4e870713) addi    a4, a4, 1256
core   0: 0x12000078 (0x120008b7) lui     a7, 0x12000
core   0: 0x1200007c (0x09c88893) addi    a7, a7, 156
core   0: 0x12000080 (0x0d000d93) li      s11, 208
core   0: 0x12000084 (0x0930f457) vsetvli s0, ra, e32, m8, tu, ma
core   0: 0x12000088 (0x5e05c057) vmv.v.x v0, a1
core   0: 0x1200008c (0x5e00c457) vmv.v.x v8, ra
core   0: 0x12000090 (0x5e054857) vmv.v.x v16, a0
core   0: 0x12000094 (0x5e07cc57) vmv.v.x v24, a5
core   0: 0x12000098 (0x0180006f) j       pc + 0x18
core   0: >>>>  body
core   0: 0x120000b0 (0x2b0fb857) vor.vi  v16, v16, -1
core   0: 0x120000b4 (0x6d3f2623) sw      s3, 1740(t5)
core   0: >>>>  label2
core   0: 0x120000b8 (0x08f57bd7) vsetvli s7, a0, e16, mf2, tu, ma
core   0: 0x120000bc (0x000f5fa7) vse16.v v31, (t5), v0.t
core   0: 0x120000c0 (0x9f0ee2d7) vmulh.vx v5, v16, t4
core   0: 0x120000c4 (0x03a81d33) mulh    s10, a6, s10
core   0: 0x120000c8 (0x030ab4b3) mulhu   s1, s5, a6
core   0: 0x120000cc (0x000f0f07) vle8.v  v30, (t5), v0.t
core   0: 0x120000d0 (0x01a833b3) sltu    t2, a6, s10
core   0: 0x120000d4 (0x26fb4757) vand.vx v14, v15, s6
core   0: 0x120000d8 (0xeee3aed7) vwmul.vv v29, v14, v7
core   0: 0x120000dc (0x03a98eb3) mul     t4, s3, s10
core   0: 0x120000e0 (0xafcd6857) vnmsub.vx v16, s10, v28
core   0: >>>>  label13
core   0: 0x120000e4 (0xcc8c7857) vsetivli a6, 24, e16, m1, ta, ma
core   0: 0x120000e8 (0xc95bad57) vwsubu.vv v26, v21, v23, v0.t
core   0: 0x120000ec (0x7b82ced7) vmsgtu.vx v29, v24, t0
core   0: 0x120000f0 (0x0a080257) vsub.vv v4, v0, v16
core   0: 0x120000f4 (0x40dad333) sra     t1, s5, a3
core   0: 0x120000f8 (0x020f0e87) vle8.v  v29, (t5)
core   0: 0x120000fc (0x2a55c0d7) vor.vx  v1, v5, a1
core   0: 0x12000100 (0x014dd533) srl     a0, s11, s4
core   0: 0x12000104 (0x02b1e833) rem     a6, gp, a1
core   0: 0x12000108 (0x648aced7) vmsne.vx v29, v8, s5, v0.t
core   0: 0x1200010c (0x02823e33) mulhu   t3, tp, s0
core   0: 0x12000110 (0x038f69b3) rem     s3, t5, s8
core   0: 0x12000114 (0x4933a657) vsext.vf2 v12, v19, v0.t
core   0: >>>>  label26
core   0: 0x12000118 (0xc4327957) vsetivli s2, 4, e8, m8, ta, mu
core   0: 0x1200011c (0x94896857) vmul.vx v16, v8, s2, v0.t
core   0: 0x12000120 (0x1c880857) vmax.vv v16, v8, v16, v0.t
core   0: >>>>  label29
core   0: 0x12000124 (0x298c0457) vor.vv  v8, v24, v24, v0.t
core   0: >>>>  label30
core   0: 0x12000128 (0xc829fd57) vsetivli s10, 19, e8, m4, tu, ma
core   0: 0x1200012c (0x4d054a57) vmsbc.vxm v20, v16, a0, v0
core   0: 0x12000130 (0xb5840457) vnsra.wv v8, v24, v8, v0.t
core   0: 0x12000134 (0x009d5eb3) srl     t4, s10, s1
core   0: 0x12000138 (0xe8062c57) vwmulsu.vv v24, v0, v12, v0.t
core   0: 0x1200013c (0x0337fd33) remu    s10, a5, s3
core   0: 0x12000140 (0x0e0f1d03) lh      s10, 224(t5)
core   0: 0x12000144 (0xee1f2023) sw      ra, -288(t5)
core   0: 0x12000148 (0xcb0b6457) vwsubu.vx v8, v16, s6
core   0: 0x1200014c (0x020f0007) vle8.v  v0, (t5)
core   0: 0x12000150 (0x000f5c27) vse16.v v24, (t5), v0.t
core   0: 0x12000154 (0x618e0c57) vmseq.vv v24, v24, v28, v0.t
core   0: 0x12000158 (0x2a5bceb7) lui     t4, 0x2a5bc
core   0: 0x1200015c (0x138f1123) sh      s8, 290(t5)
core   0: 0x12000160 (0x0e404057) vrsub.vx v0, v4, zero
core   0: 0x12000164 (0x1f040c57) vmax.vv v24, v16, v8
core   0: 0x12000168 (0x0cb88ab7) lui     s5, 0xcb88
core   0: 0x1200016c (0x081f2223) sw      ra, 132(t5)
core   0: 0x12000170 (0x03563033) mulhu   zero, a2, s5
core   0: >>>>  label49
core   0: 0x12000174 (0x09087fd7) vsetvli t6, a6, e32, m1, tu, ma
core   0: 0x12000178 (0x648348d7) vmsne.vx v17, v8, t1, v0.t
core   0: 0x1200017c (0x5e023b57) vmv.v.i v22, 4
core   0: 0x12000180 (0x411a5613) srai    a2, s4, 17
core   0: 0x12000184 (0x1bdec757) vmaxu.vx v14, v29, t4
core   0: 0x12000188 (0x01d2c533) xor     a0, t0, t4
core   0: 0x1200018c (0x9172ead7) vmulhu.vx v21, v23, t0, v0.t
core   0: >>>>  label56
core   0: 0x12000190 (0x0c06f9d7) vsetvli s3, a3, e8, m1, ta, ma
core   0: >>>>  label57
core   0: 0x12000194 (0x81b87e57) vsetvl  t3, a6, s11
core   0: 0x12000198 (0xa6c444d7) vsra.vx v9, v12, s0
core   0: >>>>  label59
core   0: 0x1200019c (0x020f5507) vle16.v v10, (t5)
core   0: 0x120001a0 (0xcbef0023) sb      t5, -864(t5)
core   0: 0x120001a4 (0x93b963d7) vmulhu.vx v7, v27, s2
core   0: 0x120001a8 (0x0105e933) or      s2, a1, a6
core   0: 0x120001ac (0x2b8841d7) vor.vx  v3, v24, a6
core   0: >>>>  label64
core   0: 0x120001b0 (0xc900fad7) vsetivli s5, 1, e32, m1, tu, ma
core   0: 0x120001b4 (0x010f0487) vle8ff.v v9, (t5), v0.t
core   0: 0x120001b8 (0x8ed0aad7) vrem.vv v21, v13, v1
core   0: 0x120001bc (0x0277fbb3) remu    s7, a5, t2
core   0: 0x120001c0 (0x6de885d7) vmslt.vv v11, v30, v17, v0.t
core   0: 0x120001c4 (0x68628e57) vmsltu.vv v28, v6, v5, v0.t
core   0: 0x120001c8 (0x6baf5283) lhu     t0, 1722(t5)
core   0: 0x120001cc (0x134e4f57) vminu.vx v30, v20, t3
core   0: 0x120001d0 (0xe6626417) auipc   s0, 0xe6626
core   0: 0x120001d4 (0x9ee36557) vmulh.vx v10, v14, t1
core   0: 0x120001d8 (0x0315fcb3) remu    s9, a1, a7
core   0: >>>>  label75
core   0: 0x120001dc (0x081373d7) vsetvli t2, t1, e8, m2, tu, ma
core   0: 0x120001e0 (0x47c30857) vmadc.vv v16, v28, v6
core   0: 0x120001e4 (0xc60b2e57) vwadd.vv v28, v0, v22
core   0: 0x120001e8 (0xecc62457) vwmul.vv v8, v12, v12, v0.t
core   0: 0x120001ec (0x4d6d0357) vmsbc.vvm v6, v22, v26, v0
core   0: 0x120001f0 (0x000f5827) vse16.v v16, (t5), v0.t
core   0: >>>>  label81
core   0: 0x120001f4 (0x81b97b57) vsetvl  s6, s2, s11
core   0: 0x120001f8 (0xa457b3d7) vsra.vi v7, v5, 15, v0.t
core   0: 0x120001fc (0x037a7eb3) remu    t4, s4, s7
core   0: 0x12000200 (0x054f1223) sh      s4, 68(t5)
core   0: 0x12000204 (0xcecf0223) sb      a2, -796(t5)
core   0: 0x12000208 (0x010f6a07) vle32ff.v v20, (t5), v0.t
core   0: >>>>  label87
core   0: 0x1200020c (0x81b3f3d7) vsetvl  t2, t2, s11
core   0: 0x12000210 (0x5e023557) vmv.v.i v10, 4
core   0: >>>>  label89
core   0: 0x12000214 (0x4d6041d7) vmsbc.vxm v3, v22, zero, v0
core   0: 0x12000218 (0x577f2423) sw      s7, 1384(t5)
core   0: >>>>  label91
core   0: 0x1200021c (0x00697ad7) vsetvli s5, s2, e8, mf4, tu, mu
core   0: 0x12000220 (0x000f5427) vse16.v v8, (t5), v0.t
core   0: >>>>  label93
core   0: 0x12000224 (0xc47577d7) vsetivli a5, 10, e8, mf2, ta, mu
core   0: 0x12000228 (0x41850ab3) sub     s5, a0, s8
core   0: 0x1200022c (0x0073a9b3) slt     s3, t2, t2
core   0: 0x12000230 (0xbcfcad57) vnmsac.vv v26, v25, v15, v0.t
core   0: 0x12000234 (0x7e3527b7) lui     a5, 0x7e352
core   0: 0x12000238 (0xacdd2257) vnmsub.vv v4, v26, v13, v0.t
core   0: 0x1200023c (0x03fd9633) mulh    a2, s11, t6
core   0: 0x12000240 (0xc74ca657) vwadd.vv v12, v20, v25
core   0: 0x12000244 (0xf316fa13) andi    s4, a3, -207
core   0: 0x12000248 (0x0261c6b3) div     a3, gp, t1
core   0: 0x1200024c (0x000b7a33) and     s4, s6, zero
core   0: 0x12000250 (0x283bc3d7) vor.vx  v7, v3, s7, v0.t
core   0: >>>>  label105
core   0: 0x12000254 (0x04affd57) vsetvli s10, t6, e16, m4, ta, mu
core   0: 0x12000258 (0x000f0a27) vse8.v  v20, (t5), v0.t
core   0: 0x1200025c (0x7bceb057) vmsgtu.vi v0, v28, 29
core   0: 0x12000260 (0xbd4c2c57) vnmsac.vv v24, v24, v20, v0.t
core   0: 0x12000264 (0x03f58c33) mul     s8, a1, t6
core   0: 0x12000268 (0x03c63cb3) mulhu   s9, a2, t3
core   0: >>>>  label111
core   0: 0x1200026c (0xc482fd57) vsetivli s10, 5, e16, m1, ta, mu
core   0: 0x12000270 (0x96b8b757) vsll.vi v14, v11, -15
core   0: 0x12000274 (0x000f6807) vle32.v v16, (t5), v0.t
core   0: 0x12000278 (0x28ac4757) vor.vx  v14, v10, s8, v0.t
core   0: 0x1200027c (0xd3a96457) vwaddu.wx v8, v26, s2
core   0: 0x12000280 (0x02e7d833) divu    a6, a5, a4
core   0: 0x12000284 (0x01995e33) srl     t3, s2, s9
core   0: 0x12000288 (0x030f0887) vle8ff.v v17, (t5)
core   0: >>>>  label119
core   0: 0x1200028c (0x72583557) vmsleu.vi v10, v5, 16
core   0: 0x12000290 (0x01a0bc33) sltu    s8, ra, s10
core   0: 0x12000294 (0x825aee57) vdivu.vx v28, v5, s5
core   0: 0x12000298 (0x020f6707) vle32.v v14, (t5)
core   0: 0x1200029c (0x51a6ae93) slti    t4, a3, 1306
core   0: 0x120002a0 (0x19090d57) vmaxu.vv v26, v16, v18, v0.t
core   0: 0x120002a4 (0x5d9e4c57) vmerge.vxm v24, v25, t3, v0
core   0: 0x120002a8 (0x000f6307) vle32.v v6, (t5), v0.t
core   0: 0x120002ac (0x020f5aa7) vse16.v v21, (t5)
core   0: 0x120002b0 (0x75728b57) vmsle.vv v22, v23, v5, v0.t
core   0: 0x120002b4 (0x65148fd7) vmsne.vv v31, v17, v9, v0.t
core   0: 0x120002b8 (0x4007d993) srai    s3, a5, 0
core   0: 0x120002bc (0x6eaf1b23) sh      a0, 1782(t5)
core   0: 0x120002c0 (0x14d28bd7) vmin.vv v23, v13, v5, v0.t
core   0: 0x120002c4 (0x01299933) sll     s2, s3, s2
core   0: 0x120002c8 (0x12d486d7) vminu.vv v13, v13, v9
core   0: 0x120002cc (0x41cbb6d7) vadc.vim v13, v28, -9, v0
core   0: 0x120002d0 (0xd2f7d617) auipc   a2, 0xd2f7d
core   0: 0x120002d4 (0x7642c657) vmsle.vx v12, v4, t0
core   0: 0x120002d8 (0x9dfba993) slti    s3, s7, -1569
core   0: 0x120002dc (0x74bb4517) auipc   a0, 0x74bb4
core   0: 0x120002e0 (0x76820e57) vmsle.vv v28, v8, v4
core   0: 0x120002e4 (0x48a79517) auipc   a0, 0x48a79
core   0: 0x120002e8 (0x007f4e33) xor     t3, t5, t2
core   0: 0x120002ec (0x5f3f0803) lb      a6, 1523(t5)
core   0: 0x120002f0 (0x02bf0207) vlm.v   v4, (t5)
core   0: 0x120002f4 (0x000f6427) vse32.v v8, (t5), v0.t
core   0: 0x120002f8 (0xb76b33d7) vnsra.wi v7, v22, 22
core   0: 0x120002fc (0x01bec857) vadd.vx v16, v27, t4, v0.t
core   0: 0x12000300 (0x00a34cb3) xor     s9, t1, a0
core   0: >>>>  label149
core   0: 0x12000304 (0xc12875d7) vsetivli a1, 16, e32, m4, tu, mu
core   0: 0x12000308 (0x61840657) vmseq.vv v12, v24, v8, v0.t
core   0: 0x1200030c (0x030f5d07) vle16ff.v v26, (t5)
core   0: 0x12000310 (0x134e0657) vminu.vv v12, v20, v28
core   0: 0x12000314 (0x00088be7) jalr    s7, a7, 0
core   0: >>>>  extra_func2
core   0: 0x1200009c (0x00900993) li      s3, 9
core   0: 0x120000a0 (0x01200793) li      a5, 18
core   0: >>>>  loop1
core   0: 0x120000a4 (0x00198993) addi    s3, s3, 1
core   0: 0x120000a8 (0xfef99ee3) bne     s3, a5, pc - 4
core   0: >>>>  loop1
core   0: 0x120000a4 (0x00198993) addi    s3, s3, 1
core   0: 0x120000a8 (0xfef99ee3) bne     s3, a5, pc - 4
core   0: >>>>  loop1
core   0: 0x120000a4 (0x00198993) addi    s3, s3, 1
core   0: 0x120000a8 (0xfef99ee3) bne     s3, a5, pc - 4
core   0: >>>>  loop1
core   0: 0x120000a4 (0x00198993) addi    s3, s3, 1
core   0: 0x120000a8 (0xfef99ee3) bne     s3, a5, pc - 4
core   0: >>>>  loop1
core   0: 0x120000a4 (0x00198993) addi    s3, s3, 1
core   0: 0x120000a8 (0xfef99ee3) bne     s3, a5, pc - 4
core   0: >>>>  loop1
core   0: 0x120000a4 (0x00198993) addi    s3, s3, 1
core   0: 0x120000a8 (0xfef99ee3) bne     s3, a5, pc - 4
core   0: >>>>  loop1
core   0: 0x120000a4 (0x00198993) addi    s3, s3, 1
core   0: 0x120000a8 (0xfef99ee3) bne     s3, a5, pc - 4
core   0: >>>>  loop1
core   0: 0x120000a4 (0x00198993) addi    s3, s3, 1
core   0: 0x120000a8 (0xfef99ee3) bne     s3, a5, pc - 4
core   0: >>>>  loop1
core   0: 0x120000a4 (0x00198993) addi    s3, s3, 1
core   0: 0x120000a8 (0xfef99ee3) bne     s3, a5, pc - 4
core   0: 0x120000ac (0x000b8067) jr      s7
core   0: >>>>  label154
core   0: 0x12000318 (0x0037fb57) vsetvli s6, a5, e8, m8, tu, mu
core   0: 0x1200031c (0x258c0c57) vand.vv v24, v24, v24, v0.t
core   0: 0x12000320 (0x007dfc63) bgeu    s11, t2, pc + 24
core   0: >>>>  label162
core   0: 0x12000338 (0xc804ffd7) vsetivli t6, 9, e8, m1, tu, ma
core   0: 0x1200033c (0x4e9309d7) vmsbc.vv v19, v9, v6
core   0: 0x12000340 (0x01bbdb93) srli    s7, s7, 27
core   0: 0x12000344 (0x5e0207d7) vmv.v.v v15, v4
core   0: 0x12000348 (0xea6e2757) vwmulsu.vv v14, v6, v28
core   0: 0x1200034c (0x97ac6cd7) vmul.vx v25, v26, s8
core   0: 0x12000350 (0xa2173937) lui     s2, 0xa2173
core   0: 0x12000354 (0xab8d2593) slti    a1, s10, -1352
core   0: 0x12000358 (0x01ec4433) xor     s0, s8, t5
core   0: 0x1200035c (0x0f98bbd7) vrsub.vi v23, v25, -15
core   0: 0x12000360 (0x010f5107) vle16ff.v v2, (t5), v0.t
core   0: 0x12000364 (0x02041c33) mulh    s8, s0, zero
core   0: 0x12000368 (0xc6896757) vwadd.vx v14, v8, s2
core   0: 0x1200036c (0x8d2dff97) auipc   t6, 0x8d2df
core   0: 0x12000370 (0x459238d7) vmadc.vim v17, v25, 4, v0
core   0: 0x12000374 (0x030f5707) vle16ff.v v14, (t5)
core   0: 0x12000378 (0x7493be57) vmsle.vi v28, v9, 7, v0.t
core   0: >>>>  label179
core   0: 0x1200037c (0x030f0f87) vle8ff.v v31, (t5)
core   0: 0x12000380 (0x025c45b3) div     a1, s8, t0
core   0: 0x12000384 (0xdb25a657) vwsubu.wv v12, v18, v11
core   0: >>>>  label182
core   0: 0x12000388 (0xcc6f7ed7) vsetivli t4, 30, e8, mf4, ta, ma
core   0: 0x1200038c (0xe3b7e857) vwmulu.vx v16, v27, a5
core   0: 0x12000390 (0xa3298bd7) vsrl.vv v23, v18, v19
core   0: 0x12000394 (0x000f6fa7) vse32.v v31, (t5), v0.t
core   0: 0x12000398 (0x02663cb3) mulhu   s9, a2, t1
core   0: 0x1200039c (0xf6ccebd7) vwmacc.vx v23, s9, v12
core   0: 0x120003a0 (0xb0c63b57) vnsrl.wi v22, v12, 12, v0.t
core   0: 0x120003a4 (0x0375b7b3) mulhu   a5, a1, s7
core   0: >>>>  label190
core   0: 0x120003a8 (0x81b9f857) vsetvl  a6, s3, s11
core   0: 0x120003ac (0xa63fe2d7) vmadd.vx v5, t6, v3
core   0: 0x120003b0 (0x618e09d7) vmseq.vv v19, v24, v28, v0.t
core   0: 0x120003b4 (0xa2c3ccd7) vsrl.vx v25, v12, t2
core   0: >>>>  label194
core   0: 0x120003b8 (0xc89ffed7) vsetivli t4, 31, e16, m2, tu, ma
core   0: 0x120003bc (0x02bf0fa7) vsm.v   v31, (t5)
core   0: 0x120003c0 (0x034aac97) auipc   s9, 0x34aa
core   0: 0x120003c4 (0xd54f2b03) lw      s6, -684(t5)
core   0: 0x120003c8 (0x086f0523) sb      t1, 138(t5)
core   0: 0x120003cc (0x278b4857) vand.vx v16, v24, s6
core   0: 0x120003d0 (0x6769cb57) vmsne.vx v22, v22, s3
core   0: 0x120003d4 (0x6b7f0323) sb      s7, 1702(t5)
core   0: 0x120003d8 (0x031b2533) mulhsu  a0, s6, a7
core   0: 0x120003dc (0x01835863) bge     t1, s8, pc + 16
core   0: 0x120003e0 (0x60c93357) vmseq.vi v6, v12, -14, v0.t
core   0: 0x120003e4 (0x020f0d07) vle8.v  v26, (t5)
core   0: 0x120003e8 (0x1dee4457) vmax.vx v8, v30, t3, v0.t
core   0: >>>>  label207
core   0: 0x120003ec (0x011577d7) vsetvli a5, a0, e32, m2, tu, mu
core   0: 0x120003f0 (0xc7a63917) auipc   s2, 0xc7a63
core   0: >>>>  label209
core   0: 0x120003f4 (0x02dffb33) remu    s6, t6, a3
core   0: 0x120003f8 (0x84d6a2b7) lui     t0, 0x84d6a
core   0: 0x120003fc (0x020f6507) vle32.v v10, (t5)
core   0: 0x12000400 (0x030f0987) vle8ff.v v19, (t5)
core   0: 0x12000404 (0x0a810a57) vsub.vv v20, v8, v2
core   0: 0x12000408 (0x690f0a57) vmsltu.vv v20, v16, v30, v0.t
core   0: 0x1200040c (0xe31a5e17) auipc   t3, 0xe31a5
core   0: >>>>  label216
core   0: 0x12000410 (0xc005f457) vsetivli s0, 11, e8, m1, tu, mu
core   0: 0x12000414 (0x4557c557) vmadc.vxm v10, v21, a5, v0
core   0: 0x12000418 (0x020f6c07) vle32.v v24, (t5)
core   0: 0x1200041c (0x84cf1003) lh      zero, -1972(t5)
core   0: >>>>  label220
core   0: 0x12000420 (0x0d247457) vsetvli s0, s0, e32, m4, ta, ma
core   0: 0x12000424 (0x4d8fc257) vmsbc.vxm v4, v24, t6, v0
core   0: 0x12000428 (0x85062457) vdiv.vv v8, v16, v12, v0.t
core   0: 0x1200042c (0x517f0723) sb      s7, 1294(t5)
core   0: 0x12000430 (0x296f5003) lhu     zero, 662(t5)
core   0: 0x12000434 (0x49484a57) vsbc.vxm v20, v20, a6, v0
core   0: 0x12000438 (0x03da85b3) mul     a1, s5, t4
core   0: 0x1200043c (0x02d81833) mulh    a6, a6, a3
core   0: 0x12000440 (0x581e6a37) lui     s4, 0x581e6
core   0: 0x12000444 (0x03dc0ab3) mul     s5, s8, t4
core   0: 0x12000448 (0x000f0d27) vse8.v  v26, (t5), v0.t
core   0: 0x1200044c (0x010f6e07) vle32ff.v v28, (t5), v0.t
core   0: >>>>  label232
core   0: 0x12000450 (0x04667fd7) vsetvli t6, a2, e8, mf4, ta, mu
core   0: 0x12000454 (0x000f6227) vse32.v v4, (t5), v0.t
core   0: 0x12000458 (0x020f5327) vse16.v v6, (t5)
core   0: 0x1200045c (0x030f0687) vle8ff.v v13, (t5)
core   0: 0x12000460 (0x00088be7) jalr    s7, a7, 0
core   0: >>>>  extra_func2
core   0: 0x1200009c (0x00900993) li      s3, 9
core   0: 0x120000a0 (0x01200793) li      a5, 18
core   0: >>>>  loop1
core   0: 0x120000a4 (0x00198993) addi    s3, s3, 1
core   0: 0x120000a8 (0xfef99ee3) bne     s3, a5, pc - 4
core   0: >>>>  loop1
core   0: 0x120000a4 (0x00198993) addi    s3, s3, 1
core   0: 0x120000a8 (0xfef99ee3) bne     s3, a5, pc - 4
core   0: >>>>  loop1
core   0: 0x120000a4 (0x00198993) addi    s3, s3, 1
core   0: 0x120000a8 (0xfef99ee3) bne     s3, a5, pc - 4
core   0: >>>>  loop1
core   0: 0x120000a4 (0x00198993) addi    s3, s3, 1
core   0: 0x120000a8 (0xfef99ee3) bne     s3, a5, pc - 4
core   0: >>>>  loop1
core   0: 0x120000a4 (0x00198993) addi    s3, s3, 1
core   0: 0x120000a8 (0xfef99ee3) bne     s3, a5, pc - 4
core   0: >>>>  loop1
core   0: 0x120000a4 (0x00198993) addi    s3, s3, 1
core   0: 0x120000a8 (0xfef99ee3) bne     s3, a5, pc - 4
core   0: >>>>  loop1
core   0: 0x120000a4 (0x00198993) addi    s3, s3, 1
core   0: 0x120000a8 (0xfef99ee3) bne     s3, a5, pc - 4
core   0: >>>>  loop1
core   0: 0x120000a4 (0x00198993) addi    s3, s3, 1
core   0: 0x120000a8 (0xfef99ee3) bne     s3, a5, pc - 4
core   0: >>>>  loop1
core   0: 0x120000a4 (0x00198993) addi    s3, s3, 1
core   0: 0x120000a8 (0xfef99ee3) bne     s3, a5, pc - 4
core   0: 0x120000ac (0x000b8067) jr      s7
core   0: 0x12000464 (0x020f6307) vle32.v v6, (t5)
core   0: 0x12000468 (0x000f0827) vse8.v  v16, (t5), v0.t
core   0: >>>>  label239
core   0: 0x1200046c (0x93c51bb7) lui     s7, 0x93c51
core   0: 0x12000470 (0x0e4bbd57) vrsub.vi v26, v4, -9
core   0: >>>>  label241
core   0: 0x12000474 (0x0085f6d7) vsetvli a3, a1, e16, m1, tu, mu
core   0: 0x12000478 (0xb3efba57) vnsrl.wi v20, v30, 31
core   0: 0x1200047c (0x29e987d7) vor.vv  v15, v30, v19, v0.t
core   0: 0x12000480 (0xb60ac7d7) vnsra.wx v15, v0, s5
core   0: 0x12000484 (0x796d4c57) vmsgtu.vx v24, v22, s10, v0.t
core   0: 0x12000488 (0x5ca336d7) vmerge.vim v13, v10, 6, v0
core   0: 0x1200048c (0xdf89ad57) vwsub.wv v26, v24, v19
core   0: 0x12000490 (0x86262f57) vdiv.vv v30, v2, v12
core   0: 0x12000494 (0x8e752157) vrem.vv v2, v7, v10
core   0: 0x12000498 (0xd8cf2757) vwsubu.wv v14, v12, v30, v0.t
core   0: 0x1200049c (0xb68566d7) vmacc.vx v13, a0, v8
core   0: 0x120004a0 (0x020f6627) vse32.v v12, (t5)
core   0: 0x120004a4 (0x010f0407) vle8ff.v v8, (t5), v0.t
core   0: 0x120004a8 (0x010f6707) vle32ff.v v14, (t5), v0.t
core   0: 0x120004ac (0x030f0007) vle8ff.v v0, (t5)
core   0: 0x120004b0 (0x03560ad7) vadd.vv v21, v21, v12
core   0: 0x120004b4 (0x48c44557) vsbc.vxm v10, v12, s0, v0
core   0: 0x120004b8 (0x0f4542d7) vrsub.vx v5, v20, a0
core   0: 0x120004bc (0x732a3257) vmsleu.vi v4, v18, 20
core   0: 0x120004c0 (0xd1232157) vwaddu.wv v2, v18, v6, v0.t
core   0: 0x120004c4 (0xe8022457) vwmulsu.vv v8, v0, v4, v0.t
core   0: 0x120004c8 (0xeb7eac57) vwmulsu.vv v24, v23, v29
core   0: 0x120004cc (0xcf362157) vwsub.vv v2, v19, v12
core   0: 0x120004d0 (0xf43e6657) vwmacc.vx v12, t3, v3, v0.t
core   0: 0x120004d4 (0x000f5d07) vle16.v v26, (t5), v0.t
core   0: 0x120004d8 (0x010f0d07) vle8ff.v v26, (t5), v0.t
core   0: 0x120004dc (0x030f6e07) vle32ff.v v28, (t5)
core   0: 0x120004e0 (0x030f6907) vle32ff.v v18, (t5)
core   0: >>>>  footer
core   0: 0x120004e4 (0x0180006f) j       pc + 0x18
core   0: >>>>  end
core   0: 0x120004fc (0x00000033) add     zero, zero, zero
core   0: 0x12000500 (0x00100293) li      t0, 1
core   0: 0x12000504 (0x0e004317) auipc   t1, 0xe004
core   0: 0x12000508 (0xafc30313) addi    t1, t1, -1284
core   0: 0x1200050c (0x00532023) sw      t0, 0(t1)
core   0: >>>>  loop_stop
core   0: 0x12000510 (0x0000006f) j       pc + 0x0
