core   0: 0x00001000 (0x00000297) auipc   t0, 0x0
core   0: 0x00001004 (0x02028593) addi    a1, t0, 32
core   0: 0x00001008 (0xf1402573) csrr    a0, mhartid
core   0: 0x0000100c (0x0182a283) lw      t0, 24(t0)
core   0: 0x00001010 (0x00028067) jr      t0
core   0: >>>>  $xrv32i2p1_m2p0_f2p2_d2p2_v1p0_zicsr2p0_zmmul1p0_zve32f1p0_zve32x1p0_zve64d1p0_zve64f1p0_zve64x1p0_zvl128b1p0_zvl32b1p0_zvl64b1p0
core   0: 0x12000000 (0x60000293) li      t0, 1536
core   0: 0x12000004 (0x3002a073) csrs    mstatus, t0
core   0: 0x12000008 (0xe2100013) li      zero, -479
core   0: 0x1200000c (0xf9200293) li      t0, -110
core   0: 0x12000010 (0x0ac00313) li      t1, 172
core   0: 0x12000014 (0x33200393) li      t2, 818
core   0: 0x12000018 (0x50000413) li      s0, 1280
core   0: 0x1200001c (0x15000493) li      s1, 336
core   0: 0x12000020 (0xfc300513) li      a0, -61
core   0: 0x12000024 (0x27c00593) li      a1, 636
core   0: 0x12000028 (0x53e00613) li      a2, 1342
core   0: 0x1200002c (0x05600693) li      a3, 86
core   0: 0x12000030 (0x2d500793) li      a5, 725
core   0: 0x12000034 (0x11f00813) li      a6, 287
core   0: 0x12000038 (0x49900913) li      s2, 1177
core   0: 0x1200003c (0xde100993) li      s3, -543
core   0: 0x12000040 (0xfa000a13) li      s4, -96
core   0: 0x12000044 (0xa0f00a93) li      s5, -1521
core   0: 0x12000048 (0x52600b13) li      s6, 1318
core   0: 0x1200004c (0x46400b93) li      s7, 1124
core   0: 0x12000050 (0x10600c13) li      s8, 262
core   0: 0x12000054 (0xef600c93) li      s9, -266
core   0: 0x12000058 (0x98300d13) li      s10, -1661
core   0: 0x1200005c (0x47700e13) li      t3, 1143
core   0: 0x12000060 (0x5c900e93) li      t4, 1481
core   0: 0x12000064 (0xbc100f93) li      t6, -1087
core   0: 0x12000068 (0x20002f37) lui     t5, 0x20002
core   0: 0x1200006c (0x000f0f13) mv      t5, t5
core   0: 0x12000070 (0x12000737) lui     a4, 0x12000
core   0: 0x12000074 (0x4cc70713) addi    a4, a4, 1228
core   0: 0x12000078 (0x120008b7) lui     a7, 0x12000
core   0: 0x1200007c (0x09c88893) addi    a7, a7, 156
core   0: 0x12000080 (0x0d000d93) li      s11, 208
core   0: 0x12000084 (0x0930f457) vsetvli s0, ra, e32, m8, tu, ma
core   0: 0x12000088 (0x5e05c057) vmv.v.x v0, a1
core   0: 0x1200008c (0x5e00c457) vmv.v.x v8, ra
core   0: 0x12000090 (0x5e054857) vmv.v.x v16, a0
core   0: 0x12000094 (0x5e07cc57) vmv.v.x v24, a5
core   0: 0x12000098 (0x0180006f) j       pc + 0x18
core   0: >>>>  body
core   0: 0x120000b0 (0x69080457) vmsltu.vv v8, v16, v16, v0.t
core   0: 0x120000b4 (0x028f3457) vadd.vi v8, v8, -2
core   0: 0x120000b8 (0xb70fe457) vmacc.vx v8, t6, v16
core   0: 0x120000bc (0x01a40b33) add     s6, s0, s10
core   0: 0x120000c0 (0x019d7c63) bgeu    s10, s9, pc + 24
core   0: 0x120000c4 (0x5e0fb857) vmv.v.i v16, -1
core   0: 0x120000c8 (0x50203813) sltiu   a6, zero, 1282
core   0: 0x120000cc (0x83042c57) vdivu.vv v24, v16, v8
core   0: 0x120000d0 (0x01234633) xor     a2, t1, s2
core   0: 0x120000d4 (0x150d4857) vmin.vx v16, v16, s10, v0.t
core   0: >>>>  label10
core   0: 0x120000d8 (0x087efd57) vsetvli s10, t4, e8, mf2, tu, ma
core   0: 0x120000dc (0x0e2a3157) vrsub.vi v2, v2, -12
core   0: 0x120000e0 (0x5ccf83d7) vmerge.vvm v7, v12, v31, v0
core   0: 0x120000e4 (0x000f5287) vle16.v v5, (t5), v0.t
core   0: 0x120000e8 (0xd5442cd7) vwadd.wv v25, v20, v8, v0.t
core   0: 0x120000ec (0x7cc7c6d7) vmsgt.vx v13, v12, a5, v0.t
core   0: 0x120000f0 (0x0369b657) vadd.vi v12, v22, -13
core   0: 0x120000f4 (0x4533bdd7) vmadc.vim v27, v19, 7, v0
core   0: 0x120000f8 (0x8c146757) vrem.vx v14, v1, s0, v0.t
core   0: 0x120000fc (0xcd79cbb7) lui     s7, 0xcd79c
core   0: 0x12000100 (0x1b87ba17) auipc   s4, 0x1b87b
core   0: 0x12000104 (0x9c1eab57) vmulh.vv v22, v1, v29, v0.t
core   0: 0x12000108 (0x09810913) addi    s2, sp, 152
core   0: 0x1200010c (0xa1af5d03) lhu     s10, -1510(t5)
core   0: 0x12000110 (0x0265b633) mulhu   a2, a1, t1
core   0: 0x12000114 (0x030f6707) vle32ff.v v14, (t5)
core   0: 0x12000118 (0xdefd25d7) vwsub.wv v11, v15, v26
core   0: >>>>  label27
core   0: 0x1200011c (0x81baffd7) vsetvl  t6, s5, s11
core   0: 0x12000120 (0x407802b3) sub     t0, a6, t2
core   0: >>>>  label29
core   0: 0x12000124 (0x000f56a7) vse16.v v13, (t5), v0.t
core   0: 0x12000128 (0x7afac8d7) vmsgtu.vx v17, v15, s5
core   0: 0x1200012c (0x030f0987) vle8ff.v v19, (t5)
core   0: 0x12000130 (0x010f5907) vle16ff.v v18, (t5), v0.t
core   0: 0x12000134 (0x025ae6b3) rem     a3, s5, t0
core   0: 0x12000138 (0x030f6887) vle32ff.v v17, (t5)
core   0: >>>>  label35
core   0: 0x1200013c (0x81befe57) vsetvl  t3, t4, s11
core   0: 0x12000140 (0x3bf9ce97) auipc   t4, 0x3bf9c
core   0: 0x12000144 (0x914f5d03) lhu     s10, -1772(t5)
core   0: 0x12000148 (0x411b5e97) auipc   t4, 0x411b5
core   0: 0x1200014c (0x6f9607d7) vmslt.vv v15, v25, v12
core   0: 0x12000150 (0x92a32bd7) vmulhu.vv v23, v10, v6
core   0: 0x12000154 (0x399f2223) sw      s9, 900(t5)
core   0: 0x12000158 (0x96e33457) vsll.vi v8, v14, 6
core   0: 0x1200015c (0x020f5627) vse16.v v12, (t5)
core   0: 0x12000160 (0xa2ce0cd7) vsrl.vv v25, v12, v28
core   0: 0x12000164 (0x83e3ecd7) vdivu.vx v25, v30, t2
core   0: 0x12000168 (0x000f0727) vse8.v  v14, (t5), v0.t
core   0: 0x1200016c (0x76ed0557) vmsle.vv v10, v14, v26
core   0: 0x12000170 (0x2a6d3257) vor.vi  v4, v6, -6
core   0: >>>>  label49
core   0: 0x12000174 (0xc91976d7) vsetivli a3, 18, e32, m2, tu, ma
core   0: 0x12000178 (0x5e010b57) vmv.v.v v22, v2
core   0: 0x1200017c (0x039884b3) mul     s1, a7, s9
core   0: 0x12000180 (0x036a8633) mul     a2, s5, s6
core   0: 0x12000184 (0x02485633) divu    a2, a6, tp
core   0: 0x12000188 (0xbf6c6b57) vnmsac.vx v22, s8, v22
core   0: 0x1200018c (0x61694857) vmseq.vx v16, v22, s2, v0.t
core   0: >>>>  label56
core   0: 0x12000190 (0x81b5f357) vsetvl  t1, a1, s11
core   0: 0x12000194 (0x000f5907) vle16.v v18, (t5), v0.t
core   0: 0x12000198 (0x020f6827) vse32.v v16, (t5)
core   0: >>>>  label59
core   0: 0x1200019c (0xfda26c17) auipc   s8, 0xfda26
core   0: 0x120001a0 (0x000f5827) vse16.v v16, (t5), v0.t
core   0: 0x120001a4 (0x5db2b1d7) vmerge.vim v3, v27, 5, v0
core   0: 0x120001a8 (0x74ad82d7) vmsle.vv v5, v10, v27, v0.t
core   0: 0x120001ac (0x46a2c5d7) vmadc.vx v11, v10, t0
core   0: 0x120001b0 (0x24af2623) sw      a0, 588(t5)
core   0: 0x120001b4 (0x2b8e02d7) vor.vv  v5, v24, v28
core   0: 0x120001b8 (0x26df02a3) sb      a3, 613(t5)
core   0: >>>>  label67
core   0: 0x120001bc (0x04067457) vsetvli s0, a2, e8, m1, ta, mu
core   0: 0x120001c0 (0x282ac4d7) vor.vx  v9, v2, s5, v0.t
core   0: 0x120001c4 (0x010f0e87) vle8ff.v v29, (t5), v0.t
core   0: 0x120001c8 (0x5e0ac657) vmv.v.x v12, s5
core   0: 0x120001cc (0x020f6c27) vse32.v v24, (t5)
core   0: 0x120001d0 (0xe063ae57) vwmulu.vv v28, v6, v7, v0.t
core   0: 0x120001d4 (0xb44f0603) lb      a2, -1212(t5)
core   0: 0x120001d8 (0x01fa5633) srl     a2, s4, t6
core   0: 0x120001dc (0x01e365b3) or      a1, t1, t5
core   0: 0x120001e0 (0x42872293) slti    t0, a4, 1064
core   0: 0x120001e4 (0xb4604f57) vnsra.wx v30, v6, zero, v0.t
core   0: 0x120001e8 (0x81b5ae57) vdivu.vv v28, v27, v11, v0.t
core   0: 0x120001ec (0x02bf0287) vlm.v   v5, (t5)
core   0: 0x120001f0 (0x01008333) add     t1, ra, a6
core   0: 0x120001f4 (0x01941263) bne     s0, s9, pc + 4
core   0: >>>>  label82
core   0: 0x120001f8 (0x0007fb57) vsetvli s6, a5, e8, m1, tu, mu
core   0: 0x120001fc (0x013426b3) slt     a3, s0, s3
core   0: 0x12000200 (0x6afe4e57) vmsltu.vx v28, v15, t3
core   0: 0x12000204 (0x5c890bb7) lui     s7, 0x5c890
core   0: 0x12000208 (0x033cd833) divu    a6, s9, s3
core   0: 0x1200020c (0x4aff0d23) sb      a5, 1210(t5)
core   0: 0x12000210 (0x1dcf0a23) sb      t3, 468(t5)
core   0: >>>>  label89
core   0: 0x12000214 (0x000f5207) vle16.v v4, (t5), v0.t
core   0: 0x12000218 (0x020f0087) vle8.v  v1, (t5)
core   0: 0x1200021c (0x010f0087) vle8ff.v v1, (t5), v0.t
core   0: 0x12000220 (0x02bf0507) vlm.v   v10, (t5)
core   0: 0x12000224 (0x6d5d0e57) vmslt.vv v28, v21, v26, v0.t
core   0: 0x12000228 (0x978831d7) vsll.vi v3, v24, -16
core   0: 0x1200022c (0x014799b3) sll     s3, a5, s4
core   0: 0x12000230 (0xd0056f57) vwaddu.wx v30, v0, a0, v0.t
core   0: >>>>  label97
core   0: 0x12000234 (0x81b6f957) vsetvl  s2, a3, s11
core   0: 0x12000238 (0x4d244d57) vmsbc.vxm v26, v18, s0, v0
core   0: 0x1200023c (0x5cc7c857) vmerge.vxm v16, v12, a5, v0
core   0: 0x12000240 (0x24f9c1d7) vand.vx v3, v15, s3, v0.t
core   0: >>>>  label101
core   0: 0x12000244 (0x81b57b57) vsetvl  s6, a0, s11
core   0: 0x12000248 (0x010f5207) vle16ff.v v4, (t5), v0.t
core   0: 0x1200024c (0x2bd786d7) vor.vv  v13, v29, v15
core   0: >>>>  label104
core   0: 0x12000250 (0x81b47557) vsetvl  a0, s0, s11
core   0: 0x12000254 (0x5e0bcd57) vmv.v.x v26, s7
core   0: 0x12000258 (0x5d4d8a57) vmerge.vvm v20, v20, v27, v0
core   0: 0x1200025c (0x166d4ed7) vmin.vx v29, v6, s10
core   0: 0x12000260 (0x02bf0e87) vlm.v   v29, (t5)
core   0: 0x12000264 (0x030f5887) vle16ff.v v17, (t5)
core   0: >>>>  label110
core   0: 0x12000268 (0xcd327457) vsetivli s0, 4, e32, m8, ta, ma
core   0: 0x1200026c (0x015304b3) add     s1, t1, s5
core   0: 0x12000270 (0x418ec857) vadc.vxm v16, v24, t4, v0
core   0: 0x12000274 (0x0319b333) mulhu   t1, s3, a7
core   0: >>>>  label114
core   0: 0x12000278 (0xc807f7d7) vsetivli a5, 15, e8, m1, tu, ma
core   0: >>>>  label115
core   0: 0x1200027c (0xcd19f6d7) vsetivli a3, 19, e32, m2, ta, ma
core   0: 0x12000280 (0x000f6727) vse32.v v14, (t5), v0.t
core   0: 0x12000284 (0x7e6f0723) sb      t1, 2030(t5)
core   0: 0x12000288 (0x0363cab3) div     s5, t2, s6
core   0: >>>>  label119
core   0: 0x1200028c (0xc46f76d7) vsetivli a3, 30, e8, mf4, ta, mu
core   0: 0x12000290 (0x000f0f27) vse8.v  v30, (t5), v0.t
core   0: 0x12000294 (0x020f02a7) vse8.v  v5, (t5)
core   0: 0x12000298 (0xf8ef2623) sw      a4, -116(t5)
core   0: 0x1200029c (0x5e053257) vmv.v.i v4, 10
core   0: 0x120002a0 (0x02d3d933) divu    s2, t2, a3
core   0: 0x120002a4 (0x037f22b3) mulhsu  t0, t5, s7
core   0: 0x120002a8 (0x000f61a7) vse32.v v3, (t5), v0.t
core   0: 0x120002ac (0x45df2a23) sw      t4, 1108(t5)
core   0: 0x120002b0 (0x9e946513) ori     a0, s0, -1559
core   0: >>>>  label129
core   0: 0x120002b4 (0x81b57ed7) vsetvl  t4, a0, s11
core   0: >>>>  label130
core   0: 0x120002b8 (0x0c06fa57) vsetvli s4, a3, e8, m1, ta, ma
core   0: 0x120002bc (0x3a67f2b7) lui     t0, 0x3a67f
core   0: 0x120002c0 (0x095cc4d7) vsub.vx v9, v21, s9, v0.t
core   0: 0x120002c4 (0x86ef0f23) sb      a4, -1922(t5)
core   0: 0x120002c8 (0x030f0d07) vle8ff.v v26, (t5)
core   0: 0x120002cc (0x00eba333) slt     t1, s7, a4
core   0: 0x120002d0 (0x5f03f6b7) lui     a3, 0x5f03f
core   0: 0x120002d4 (0x02986333) rem     t1, a6, s1
core   0: 0x120002d8 (0x000f5f27) vse16.v v30, (t5), v0.t
core   0: 0x120002dc (0x965120d7) vmul.vv v1, v5, v2
core   0: 0x120002e0 (0x02bf0907) vlm.v   v18, (t5)
core   0: >>>>  label141
core   0: 0x120002e4 (0x81b37fd7) vsetvl  t6, t1, s11
core   0: 0x120002e8 (0x02bf0e87) vlm.v   v29, (t5)
core   0: 0x120002ec (0x1fcf2623) sw      t3, 492(t5)
core   0: 0x120002f0 (0x1d5f05a3) sb      s5, 459(t5)
core   0: 0x120002f4 (0xa61b0957) vsra.vv v18, v1, v22
core   0: >>>>  label146
core   0: 0x120002f8 (0xcc7fffd7) vsetivli t6, 31, e8, mf2, ta, ma
core   0: 0x120002fc (0x1a8a8357) vmaxu.vv v6, v8, v21
core   0: 0x12000300 (0x1b5e0057) vmaxu.vv v0, v21, v28
core   0: >>>>  label149
core   0: 0x12000304 (0x00c003b3) add     t2, zero, a2
core   0: 0x12000308 (0x95f4b3d7) vsll.vi v7, v31, 9, v0.t
core   0: 0x1200030c (0x03185933) divu    s2, a6, a7
core   0: 0x12000310 (0xd3396357) vwaddu.wx v6, v19, s2
core   0: 0x12000314 (0x49701a17) auipc   s4, 0x49701
core   0: >>>>  label154
core   0: 0x12000318 (0x81b2fa57) vsetvl  s4, t0, s11
core   0: 0x1200031c (0x49370557) vsbc.vvm v10, v19, v14, v0
core   0: >>>>  label156
core   0: 0x12000320 (0xc86bf4d7) vsetivli s1, 23, e8, mf4, tu, ma
core   0: 0x12000324 (0x68b7c757) vmsltu.vx v14, v11, a5, v0.t
core   0: >>>>  label158
core   0: 0x12000328 (0x81b57ad7) vsetvl  s5, a0, s11
core   0: 0x1200032c (0x03056eb3) rem     t4, a0, a6
core   0: 0x12000330 (0x730f5a83) lhu     s5, 1840(t5)
core   0: 0x12000334 (0xcb81cb17) auipc   s6, 0xcb81c
core   0: 0x12000338 (0x1f628ed7) vmax.vv v29, v22, v5
core   0: 0x1200033c (0x445786d7) vmadc.vvm v13, v5, v15, v0
core   0: 0x12000340 (0x0302f433) remu    s0, t0, a6
core   0: >>>>  label165
core   0: 0x12000344 (0x81bc7657) vsetvl  a2, s8, s11
core   0: 0x12000348 (0x00441513) slli    a0, s0, 4
core   0: 0x1200034c (0x5e0d4fd7) vmv.v.x v31, s10
core   0: 0x12000350 (0x025404b3) mul     s1, s0, t0
core   0: 0x12000354 (0x841cab57) vdiv.vv v22, v1, v25, v0.t
core   0: 0x12000358 (0x4d72c5d7) vmsbc.vxm v11, v23, t0, v0
core   0: 0x1200035c (0x651f2a23) sw      a7, 1620(t5)
core   0: 0x12000360 (0x71c202d7) vmsleu.vv v5, v28, v4, v0.t
core   0: 0x12000364 (0x7b5f3fd7) vmsgtu.vi v31, v21, 30
core   0: 0x12000368 (0xac356757) vnmsub.vx v14, a0, v3, v0.t
core   0: 0x1200036c (0x000f0e07) vle8.v  v28, (t5), v0.t
core   0: 0x12000370 (0x1426c3d7) vmin.vx v7, v2, a3, v0.t
core   0: 0x12000374 (0x03369633) mulh    a2, a3, s3
core   0: 0x12000378 (0xb7872cd7) vmacc.vv v25, v14, v24
core   0: >>>>  label179
core   0: 0x1200037c (0x01d61cb3) sll     s9, a2, t4
core   0: 0x12000380 (0x03ff1a33) mulh    s4, t5, t6
core   0: 0x12000384 (0x010f5807) vle16ff.v v16, (t5), v0.t
core   0: 0x12000388 (0x030f6307) vle32ff.v v6, (t5)
core   0: 0x1200038c (0xb3df0e23) sb      t4, -1220(t5)
core   0: 0x12000390 (0xa25ee793) ori     a5, t4, -1499
core   0: 0x12000394 (0x020f0e87) vle8.v  v29, (t5)
core   0: 0x12000398 (0x034443b3) div     t2, s0, s4
core   0: 0x1200039c (0x029ec333) div     t1, t4, s1
core   0: 0x120003a0 (0x000f5b07) vle16.v v22, (t5), v0.t
core   0: >>>>  label189
core   0: 0x120003a4 (0x050474d7) vsetvli s1, s0, e32, m1, ta, mu
core   0: 0x120003a8 (0x5e04cc57) vmv.v.x v24, s1
core   0: 0x120003ac (0x964b0057) vsll.vv v0, v4, v22
core   0: 0x120003b0 (0x4a732d57) vzext.vf2 v26, v7
core   0: >>>>  label193
core   0: 0x120003b4 (0x81bc7bd7) vsetvl  s7, s8, s11
core   0: 0x120003b8 (0x03b59a33) mulh    s4, a1, s11
core   0: 0x120003bc (0x25678657) vand.vv v12, v22, v15, v0.t
core   0: 0x120003c0 (0x3728c297) auipc   t0, 0x3728c
core   0: 0x120003c4 (0x000f0327) vse8.v  v6, (t5), v0.t
core   0: >>>>  label198
core   0: 0x120003c8 (0xc1157b57) vsetivli s6, 10, e32, m2, tu, mu
core   0: 0x120003cc (0x00867c33) and     s8, a2, s0
core   0: 0x120003d0 (0x5c45d017) auipc   zero, 0x5c45d
core   0: 0x120003d4 (0x462a3757) vmadc.vi v14, v2, -12
core   0: 0x120003d8 (0x0172a333) slt     t1, t0, s7
core   0: >>>>  label203
core   0: 0x120003dc (0x81bcf857) vsetvl  a6, s9, s11
core   0: 0x120003e0 (0x0fa7c557) vrsub.vx v10, v26, a5
core   0: 0x120003e4 (0x02bf0627) vsm.v   v12, (t5)
core   0: 0x120003e8 (0x6fef01a3) sb      t5, 1763(t5)
core   0: 0x120003ec (0x9073e557) vmulhu.vx v10, v7, t2, v0.t
core   0: 0x120003f0 (0x114b8ad7) vminu.vv v21, v20, v23, v0.t
core   0: >>>>  label209
core   0: 0x120003f4 (0x91df1a23) sh      t4, -1772(t5)
core   0: 0x120003f8 (0x02fd8833) mul     a6, s11, a5
core   0: 0x120003fc (0x03aead33) mulhsu  s10, t4, s10
core   0: 0x12000400 (0x726642d7) vmsleu.vx v5, v6, a2
core   0: 0x12000404 (0x44fcbdd7) vmadc.vim v27, v15, -7, v0
core   0: 0x12000408 (0x760c89d7) vmsle.vv v19, v0, v25
core   0: 0x1200040c (0x2acf2603) lw      a2, 684(t5)
core   0: 0x12000410 (0xe2cf2e83) lw      t4, -468(t5)
core   0: 0x12000414 (0x00088be7) jalr    s7, a7, 0
core   0: >>>>  extra_func2
core   0: 0x1200009c (0x00900993) li      s3, 9
core   0: 0x120000a0 (0x01200793) li      a5, 18
core   0: >>>>  loop1
core   0: 0x120000a4 (0x00198993) addi    s3, s3, 1
core   0: 0x120000a8 (0xfef99ee3) bne     s3, a5, pc - 4
core   0: >>>>  loop1
core   0: 0x120000a4 (0x00198993) addi    s3, s3, 1
core   0: 0x120000a8 (0xfef99ee3) bne     s3, a5, pc - 4
core   0: >>>>  loop1
core   0: 0x120000a4 (0x00198993) addi    s3, s3, 1
core   0: 0x120000a8 (0xfef99ee3) bne     s3, a5, pc - 4
core   0: >>>>  loop1
core   0: 0x120000a4 (0x00198993) addi    s3, s3, 1
core   0: 0x120000a8 (0xfef99ee3) bne     s3, a5, pc - 4
core   0: >>>>  loop1
core   0: 0x120000a4 (0x00198993) addi    s3, s3, 1
core   0: 0x120000a8 (0xfef99ee3) bne     s3, a5, pc - 4
core   0: >>>>  loop1
core   0: 0x120000a4 (0x00198993) addi    s3, s3, 1
core   0: 0x120000a8 (0xfef99ee3) bne     s3, a5, pc - 4
core   0: >>>>  loop1
core   0: 0x120000a4 (0x00198993) addi    s3, s3, 1
core   0: 0x120000a8 (0xfef99ee3) bne     s3, a5, pc - 4
core   0: >>>>  loop1
core   0: 0x120000a4 (0x00198993) addi    s3, s3, 1
core   0: 0x120000a8 (0xfef99ee3) bne     s3, a5, pc - 4
core   0: >>>>  loop1
core   0: 0x120000a4 (0x00198993) addi    s3, s3, 1
core   0: 0x120000a8 (0xfef99ee3) bne     s3, a5, pc - 4
core   0: 0x120000ac (0x000b8067) jr      s7
core   0: 0x12000418 (0x5ce609d7) vmerge.vvm v19, v14, v12, v0
core   0: 0x1200041c (0x2fb4c957) vxor.vx v18, v27, s1
core   0: 0x12000420 (0x45b7c557) vmadc.vxm v10, v27, a5, v0
core   0: 0x12000424 (0x89ee0513) addi    a0, t3, -1890
core   0: 0x12000428 (0x03834cb3) div     s9, t1, s8
core   0: 0x1200042c (0x030f6d07) vle32ff.v v26, (t5)
core   0: 0x12000430 (0x010f6b87) vle32ff.v v23, (t5), v0.t
core   0: 0x12000434 (0x020f0d87) vle8.v  v27, (t5)
core   0: 0x12000438 (0x001d3e57) vadd.vi v28, v1, -6, v0.t
core   0: 0x1200043c (0x46c60597) auipc   a1, 0x46c60
core   0: 0x12000440 (0x25eb0257) vand.vv v4, v30, v22, v0.t
core   0: 0x12000444 (0x40fe8033) sub     zero, t4, a5
core   0: 0x12000448 (0x02932fb3) mulhsu  t6, t1, s1
core   0: 0x1200044c (0x038f7bb3) remu    s7, t5, s8
core   0: 0x12000450 (0x542927b7) lui     a5, 0x54292
core   0: 0x12000454 (0xd537b413) sltiu   s0, a5, -685
core   0: 0x12000458 (0xed37d397) auipc   t2, 0xed37d
core   0: 0x1200045c (0x03a31033) mulh    zero, t1, s10
core   0: 0x12000460 (0x741eb4d7) vmsle.vi v9, v1, -3, v0.t
core   0: 0x12000464 (0x776f8cd7) vmsle.vv v25, v22, v31
core   0: 0x12000468 (0x28a08a57) vor.vv  v20, v10, v1, v0.t
core   0: >>>>  label239
core   0: 0x1200046c (0x71acc1d7) vmsleu.vx v3, v26, s9, v0.t
core   0: 0x12000470 (0x29373fd7) vor.vi  v31, v19, 14, v0.t
core   0: 0x12000474 (0xa1173e57) vsrl.vi v28, v17, 14, v0.t
core   0: 0x12000478 (0x48722257) vzext.vf4 v4, v7, v0.t
core   0: 0x1200047c (0x4ad22557) vzext.vf4 v10, v13
core   0: 0x12000480 (0x8a3ea157) vremu.vv v2, v3, v29
core   0: 0x12000484 (0xbd5ceed7) vnmsac.vx v29, s9, v21, v0.t
core   0: 0x12000488 (0x8dcd6cd7) vrem.vx v25, v28, s10, v0.t
core   0: 0x1200048c (0xa7d46cd7) vmadd.vx v25, s0, v29
core   0: 0x12000490 (0x8ad56b57) vremu.vx v22, v13, a0
core   0: 0x12000494 (0x5d698dd7) vmerge.vvm v27, v22, v19, v0
core   0: 0x12000498 (0x5e0a8057) vmv.v.v v0, v21
core   0: 0x1200049c (0xa19d4457) vsrl.vx v8, v25, s10, v0.t
core   0: 0x120004a0 (0x03623957) vadd.vi v18, v22, 4
core   0: 0x120004a4 (0x29fb32d7) vor.vi  v5, v31, -10, v0.t
core   0: 0x120004a8 (0x9ea1a6d7) vmulh.vv v13, v10, v3
core   0: 0x120004ac (0xb57e2557) vmacc.vv v10, v28, v23, v0.t
core   0: 0x120004b0 (0x834aae57) vdivu.vv v28, v20, v21
core   0: 0x120004b4 (0x9f892457) vmulh.vv v8, v24, v18
core   0: 0x120004b8 (0xb50960d7) vmacc.vx v1, s2, v16, v0.t
core   0: 0x120004bc (0x8ecaea57) vrem.vx v20, v12, s5
core   0: 0x120004c0 (0x97906b57) vmul.vx v22, v25, zero
core   0: 0x120004c4 (0xb58cedd7) vmacc.vx v27, s9, v24, v0.t
core   0: >>>>  footer
core   0: 0x120004c8 (0x0180006f) j       pc + 0x18
core   0: >>>>  end
core   0: 0x120004e0 (0x00000033) add     zero, zero, zero
core   0: 0x120004e4 (0x00100293) li      t0, 1
core   0: 0x120004e8 (0x0e004317) auipc   t1, 0xe004
core   0: 0x120004ec (0xb1830313) addi    t1, t1, -1256
core   0: 0x120004f0 (0x00532023) sw      t0, 0(t1)
core   0: >>>>  loop_stop
core   0: 0x120004f4 (0x0000006f) j       pc + 0x0
