core   0: 0x00001000 (0x00000297) auipc   t0, 0x0
core   0: 0x00001004 (0x02028593) addi    a1, t0, 32
core   0: 0x00001008 (0xf1402573) csrr    a0, mhartid
core   0: 0x0000100c (0x0182a283) lw      t0, 24(t0)
core   0: 0x00001010 (0x00028067) jr      t0
core   0: >>>>  $xrv32i2p1_m2p0_f2p2_d2p2_v1p0_zicsr2p0_zmmul1p0_zve32f1p0_zve32x1p0_zve64d1p0_zve64f1p0_zve64x1p0_zvl128b1p0_zvl32b1p0_zvl64b1p0
core   0: 0x12000000 (0x60000293) li      t0, 1536
core   0: 0x12000004 (0x3002a073) csrs    mstatus, t0
core   0: 0x12000008 (0xe2100013) li      zero, -479
core   0: 0x1200000c (0xf9200293) li      t0, -110
core   0: 0x12000010 (0x0ac00313) li      t1, 172
core   0: 0x12000014 (0x33200393) li      t2, 818
core   0: 0x12000018 (0x50000413) li      s0, 1280
core   0: 0x1200001c (0x15000493) li      s1, 336
core   0: 0x12000020 (0xfc300513) li      a0, -61
core   0: 0x12000024 (0x27c00593) li      a1, 636
core   0: 0x12000028 (0x53e00613) li      a2, 1342
core   0: 0x1200002c (0x05600693) li      a3, 86
core   0: 0x12000030 (0x2d500793) li      a5, 725
core   0: 0x12000034 (0x11f00813) li      a6, 287
core   0: 0x12000038 (0x49900913) li      s2, 1177
core   0: 0x1200003c (0xde100993) li      s3, -543
core   0: 0x12000040 (0xfa000a13) li      s4, -96
core   0: 0x12000044 (0xa0f00a93) li      s5, -1521
core   0: 0x12000048 (0x52600b13) li      s6, 1318
core   0: 0x1200004c (0x46400b93) li      s7, 1124
core   0: 0x12000050 (0x10600c13) li      s8, 262
core   0: 0x12000054 (0xef600c93) li      s9, -266
core   0: 0x12000058 (0x98300d13) li      s10, -1661
core   0: 0x1200005c (0x47700e13) li      t3, 1143
core   0: 0x12000060 (0x5c900e93) li      t4, 1481
core   0: 0x12000064 (0xbc100f93) li      t6, -1087
core   0: 0x12000068 (0x20002f37) lui     t5, 0x20002
core   0: 0x1200006c (0x000f0f13) mv      t5, t5
core   0: 0x12000070 (0x12000737) lui     a4, 0x12000
core   0: 0x12000074 (0x4f870713) addi    a4, a4, 1272
core   0: 0x12000078 (0x120008b7) lui     a7, 0x12000
core   0: 0x1200007c (0x09c88893) addi    a7, a7, 156
core   0: 0x12000080 (0x0d000d93) li      s11, 208
core   0: 0x12000084 (0x0930f457) vsetvli s0, ra, e32, m8, tu, ma
core   0: 0x12000088 (0x5e05c057) vmv.v.x v0, a1
core   0: 0x1200008c (0x5e00c457) vmv.v.x v8, ra
core   0: 0x12000090 (0x5e054857) vmv.v.x v16, a0
core   0: 0x12000094 (0x5e07cc57) vmv.v.x v24, a5
core   0: 0x12000098 (0x0180006f) j       pc + 0x18
core   0: >>>>  body
core   0: 0x120000b0 (0xb27f1123) sh      t2, -1246(t5)
core   0: 0x120000b4 (0x033a6d33) rem     s10, s4, s3
core   0: 0x120000b8 (0x0055d313) srli    t1, a1, 5
core   0: 0x120000bc (0x110d4857) vminu.vx v16, v16, s10, v0.t
core   0: 0x120000c0 (0x01c794b3) sll     s1, a5, t3
core   0: 0x120000c4 (0xb880eb93) ori     s7, ra, -1144
core   0: 0x120000c8 (0x2c804c57) vxor.vx v24, v8, zero, v0.t
core   0: 0x120000cc (0xc4577d17) auipc   s10, 0xc4577
core   0: 0x120000d0 (0xb9ef5603) lhu     a2, -1122(t5)
core   0: >>>>  label9
core   0: 0x120000d4 (0xc8b6f557) vsetivli a0, 13, e16, m8, tu, ma
core   0: 0x120000d8 (0x03ff7a33) remu    s4, t5, t6
core   0: 0x120000dc (0x038c12b3) mulh    t0, s8, s8
core   0: 0x120000e0 (0x090fc857) vsub.vx v16, v16, t6, v0.t
core   0: 0x120000e4 (0x000f0427) vse8.v  v8, (t5), v0.t
core   0: >>>>  label14
core   0: 0x120000e8 (0x0867f857) vsetvli a6, a5, e8, mf4, tu, ma
core   0: >>>>  label15
core   0: 0x120000ec (0xc8127557) vsetivli a0, 4, e8, m2, tu, ma
core   0: >>>>  label16
core   0: 0x120000f0 (0x0c397857) vsetvli a6, s2, e8, m8, ta, ma
core   0: 0x120000f4 (0x01bbd293) srli    t0, s7, 27
core   0: 0x120000f8 (0x00a10c33) add     s8, sp, a0
core   0: 0x120000fc (0x01880c57) vadd.vv v24, v24, v16, v0.t
core   0: 0x12000100 (0x197f1f23) sh      s7, 414(t5)
core   0: 0x12000104 (0x928f1023) sh      s0, -1760(t5)
core   0: 0x12000108 (0x000f0427) vse8.v  v8, (t5), v0.t
core   0: 0x1200010c (0x9702cc57) vsll.vx v24, v16, t0
core   0: 0x12000110 (0x7e004457) vmsgt.vx v8, v0, zero
core   0: 0x12000114 (0x8a836857) vremu.vx v16, v8, t1
core   0: 0x12000118 (0x878be457) vdiv.vx v8, v24, s7
core   0: 0x1200011c (0x02db57b3) divu    a5, s6, a3
core   0: 0x12000120 (0x010f0407) vle8ff.v v8, (t5), v0.t
core   0: >>>>  label29
core   0: 0x12000124 (0xa1803857) vsrl.vi v16, v24, 0, v0.t
core   0: 0x12000128 (0x020f0c27) vse8.v  v24, (t5)
core   0: 0x1200012c (0xcc6f5283) lhu     t0, -826(t5)
core   0: 0x12000130 (0x02bf0527) vsm.v   v10, (t5)
core   0: 0x12000134 (0x0314d433) divu    s0, s1, a7
core   0: >>>>  label34
core   0: 0x12000138 (0x81bafc57) vsetvl  s8, s5, s11
core   0: 0x1200013c (0xfcdf1823) sh      a3, -48(t5)
core   0: 0x12000140 (0x7f14b657) vmsgt.vi v12, v17, 9
core   0: 0x12000144 (0x675b4457) vmsne.vx v8, v21, s6
core   0: 0x12000148 (0x000f6ea7) vse32.v v29, (t5), v0.t
core   0: 0x1200014c (0x384f2c23) sw      tp, 920(t5)
core   0: 0x12000150 (0x4ae7e9b7) lui     s3, 0x4ae7e
core   0: 0x12000154 (0x95306457) vmul.vx v8, v19, zero, v0.t
core   0: 0x12000158 (0x030f5487) vle16ff.v v9, (t5)
core   0: 0x1200015c (0x0165dbb3) srl     s7, a1, s6
core   0: 0x12000160 (0x02b87833) remu    a6, a6, a1
core   0: 0x12000164 (0x010f5207) vle16ff.v v4, (t5), v0.t
core   0: 0x12000168 (0x019d74b3) and     s1, s10, s9
core   0: 0x1200016c (0x19160357) vmaxu.vv v6, v17, v12, v0.t
core   0: 0x12000170 (0x02621433) mulh    s0, tp, t1
core   0: 0x12000174 (0x002cbfb3) sltu    t6, s9, sp
core   0: 0x12000178 (0x68d78357) vmsltu.vv v6, v13, v15, v0.t
core   0: 0x1200017c (0x010f0807) vle8ff.v v16, (t5), v0.t
core   0: 0x12000180 (0x03818a33) mul     s4, gp, s8
core   0: 0x12000184 (0x02bc5633) divu    a2, s8, a1
core   0: 0x12000188 (0x0054c257) vadd.vx v4, v5, s1, v0.t
core   0: 0x1200018c (0x5c803dd7) vmerge.vim v27, v8, 0, v0
core   0: 0x12000190 (0x02bf0287) vlm.v   v5, (t5)
core   0: 0x12000194 (0xfa6f2423) sw      t1, -88(t5)
core   0: 0x12000198 (0x767e3757) vmsle.vi v14, v7, -4
core   0: >>>>  label59
core   0: 0x1200019c (0x020f6f27) vse32.v v30, (t5)
core   0: 0x120001a0 (0x4613b457) vmadc.vi v8, v1, 7
core   0: >>>>  label61
core   0: 0x120001a4 (0xc085fad7) vsetivli s5, 11, e16, m1, tu, mu
core   0: 0x120001a8 (0x728c3f57) vmsleu.vi v30, v8, 24
core   0: 0x120001ac (0x448ecfd7) vmadc.vxm v31, v8, t4, v0
core   0: 0x120001b0 (0x1c508657) vmax.vv v12, v5, v1, v0.t
core   0: 0x120001b4 (0xb5890b57) vnsra.wv v22, v24, v18, v0.t
core   0: 0x120001b8 (0x6baf5903) lhu     s2, 1722(t5)
core   0: 0x120001bc (0x030f0e87) vle8ff.v v29, (t5)
core   0: 0x120001c0 (0x10a78457) vminu.vv v8, v10, v15, v0.t
core   0: 0x120001c4 (0x7ef549d7) vmsgt.vx v19, v15, a0
core   0: 0x120001c8 (0xa07ac757) vsrl.vx v14, v7, s5, v0.t
core   0: 0x120001cc (0x97572ed7) vmul.vv v29, v21, v14
core   0: 0x120001d0 (0xca3b2857) vwsubu.vv v16, v3, v22
core   0: 0x120001d4 (0x27454dd7) vand.vx v27, v20, a0
core   0: 0x120001d8 (0xbc5cedd7) vnmsac.vx v27, s9, v5, v0.t
core   0: 0x120001dc (0x00ef0b23) sb      a4, 22(t5)
core   0: 0x120001e0 (0xf9896757) vwmaccus.vx v14, s2, v24, v0.t
core   0: 0x120001e4 (0x0092de33) srl     t3, t0, s1
core   0: 0x120001e8 (0x5d5c82d7) vmerge.vvm v5, v21, v25, v0
core   0: 0x120001ec (0xb590a5d7) vmacc.vv v11, v1, v25, v0.t
core   0: 0x120001f0 (0x8fb46697) auipc   a3, 0x8fb46
core   0: 0x120001f4 (0x010f6507) vle32ff.v v10, (t5), v0.t
core   0: 0x120001f8 (0x44e93857) vmadc.vim v16, v14, -14, v0
core   0: 0x120001fc (0x496aa637) lui     a2, 0x496aa
core   0: >>>>  label84
core   0: 0x12000200 (0xc03af7d7) vsetivli a5, 21, e8, m8, tu, mu
core   0: 0x12000204 (0x6488bc57) vmsne.vi v24, v8, -15, v0.t
core   0: 0x12000208 (0x02ae2333) mulhsu  t1, t3, a0
core   0: 0x1200020c (0x9a8c2457) vmulhsu.vv v8, v8, v24
core   0: 0x12000210 (0x7812ec97) auipc   s9, 0x7812e
core   0: >>>>  label89
core   0: 0x12000214 (0x03a037b3) mulhu   a5, zero, s10
core   0: >>>>  label90
core   0: 0x12000218 (0x0d22f2d7) vsetvli t0, t0, e32, m4, ta, ma
core   0: >>>>  label91
core   0: 0x1200021c (0x0096fcd7) vsetvli s9, a3, e16, m2, tu, mu
core   0: 0x12000220 (0x020f07a7) vse8.v  v15, (t5)
core   0: 0x12000224 (0x010f0e07) vle8ff.v v28, (t5), v0.t
core   0: 0x12000228 (0xc7ef1523) sh      t5, -918(t5)
core   0: 0x1200022c (0x7fe3ca57) vmsgt.vx v20, v30, t2
core   0: 0x12000230 (0xf7082057) vwmacc.vv v0, v16, v16
core   0: 0x12000234 (0x29ed0657) vor.vv  v12, v30, v26, v0.t
core   0: 0x12000238 (0x58388497) auipc   s1, 0x58388
core   0: 0x1200023c (0x2da70657) vxor.vv v12, v26, v14, v0.t
core   0: 0x12000240 (0x48cd0357) vsbc.vvm v6, v12, v26, v0
core   0: 0x12000244 (0x41dade33) sra     t3, s5, t4
core   0: 0x12000248 (0x97040a57) vsll.vv v20, v16, v8
core   0: 0x1200024c (0xa02a4f57) vsrl.vx v30, v2, s4, v0.t
core   0: 0x12000250 (0xee6d2e57) vwmul.vv v28, v6, v26
core   0: 0x12000254 (0x61e03457) vmseq.vi v8, v30, 0, v0.t
core   0: 0x12000258 (0x014eb957) vadd.vi v18, v20, -3, v0.t
core   0: >>>>  label107
core   0: 0x1200025c (0xc90b74d7) vsetivli s1, 22, e32, m1, tu, ma
core   0: 0x12000260 (0x02a3cbb3) div     s7, t2, a0
core   0: 0x12000264 (0x02bbca33) div     s4, s7, a1
core   0: 0x12000268 (0x02dbd263) bge     s7, a3, pc + 36
core   0: >>>>  label119
core   0: 0x1200028c (0x240f4a83) lbu     s5, 576(t5)
core   0: 0x12000290 (0x648f2023) sw      s0, 1600(t5)
core   0: 0x12000294 (0x000f0927) vse8.v  v18, (t5), v0.t
core   0: 0x12000298 (0x0064d433) srl     s0, s1, t1
core   0: >>>>  label123
core   0: 0x1200029c (0x81b477d7) vsetvl  a5, s0, s11
core   0: 0x120002a0 (0x865f0ca3) sb      t0, -1927(t5)
core   0: 0x120002a4 (0xfdda3517) auipc   a0, 0xfdda3
core   0: 0x120002a8 (0xa14bca57) vsrl.vx v20, v20, s7, v0.t
core   0: 0x120002ac (0x11070457) vminu.vv v8, v16, v14, v0.t
core   0: 0x120002b0 (0x9c35e957) vmulh.vx v18, v3, a1, v0.t
core   0: >>>>  label129
core   0: 0x120002b4 (0x81b57457) vsetvl  s0, a0, s11
core   0: 0x120002b8 (0x974bc0d7) vsll.vx v1, v20, s7
core   0: 0x120002bc (0x02bf05a7) vsm.v   v11, (t5)
core   0: 0x120002c0 (0x195c8257) vmaxu.vv v4, v21, v25, v0.t
core   0: 0x120002c4 (0xb2234013) xori    zero, t1, -1246
core   0: >>>>  label134
core   0: 0x120002c8 (0xc121f457) vsetivli s0, 3, e32, m4, tu, mu
core   0: >>>>  label135
core   0: 0x120002cc (0x00367c57) vsetvli s8, a2, e8, m8, tu, mu
core   0: 0x120002d0 (0x2a0f2903) lw      s2, 672(t5)
core   0: 0x120002d4 (0x03157c33) remu    s8, a0, a7
core   0: 0x120002d8 (0x03787933) remu    s2, a6, s7
core   0: 0x120002dc (0x6287c057) vmseq.vx v0, v8, a5
core   0: 0x120002e0 (0x02bf0b07) vlm.v   v22, (t5)
core   0: 0x120002e4 (0x0083bd33) sltu    s10, t2, s0
core   0: 0x120002e8 (0x0348d7b3) divu    a5, a7, s4
core   0: >>>>  label143
core   0: 0x120002ec (0x81b7ffd7) vsetvl  t6, a5, s11
core   0: 0x120002f0 (0x97753e57) vsll.vi v28, v23, 10
core   0: 0x120002f4 (0x51b03d37) lui     s10, 0x51b03
core   0: >>>>  label146
core   0: 0x120002f8 (0x08647bd7) vsetvli s7, s0, e8, mf4, tu, ma
core   0: 0x120002fc (0xaf2d2257) vnmsub.vv v4, v26, v18
core   0: 0x12000300 (0x010f6307) vle32ff.v v6, (t5), v0.t
core   0: >>>>  label149
core   0: 0x12000304 (0x037b7933) remu    s2, s6, s7
core   0: 0x12000308 (0x020f0a07) vle8.v  v20, (t5)
core   0: >>>>  label151
core   0: 0x1200030c (0x0505fad7) vsetvli s5, a1, e32, m1, ta, mu
core   0: 0x12000310 (0x08430c57) vsub.vv v24, v4, v6, v0.t
core   0: >>>>  label153
core   0: 0x12000314 (0xcc2e7cd7) vsetivli s9, 28, e8, m4, ta, ma
core   0: 0x12000318 (0x573f0823) sb      s3, 1392(t5)
core   0: 0x1200031c (0xd8022c57) vwsubu.wv v24, v0, v4, v0.t
core   0: 0x12000320 (0xa7886457) vmadd.vx v8, a6, v24
core   0: >>>>  label157
core   0: 0x12000324 (0x81b87657) vsetvl  a2, a6, s11
core   0: 0x12000328 (0x030f0607) vle8ff.v v12, (t5)
core   0: 0x1200032c (0x4baf4483) lbu     s1, 1210(t5)
core   0: 0x12000330 (0x5e098c57) vmv.v.v v24, v19
core   0: 0x12000334 (0x1ec81937) lui     s2, 0x1ec81
core   0: 0x12000338 (0x401f1b23) sh      ra, 1046(t5)
core   0: 0x1200033c (0x492222d7) vzext.vf4 v5, v18, v0.t
core   0: >>>>  label164
core   0: 0x12000340 (0x0c9efd57) vsetvli s10, t4, e16, m2, ta, ma
core   0: 0x12000344 (0x02f3a4b3) mulhsu  s1, t2, a5
core   0: 0x12000348 (0x000f0127) vse8.v  v2, (t5), v0.t
core   0: 0x1200034c (0x01097d33) and     s10, s2, a6
core   0: 0x12000350 (0x29ef4583) lbu     a1, 670(t5)
core   0: 0x12000354 (0x2e2c0257) vxor.vv v4, v2, v24
core   0: 0x12000358 (0x4f0f2803) lw      a6, 1264(t5)
core   0: 0x1200035c (0xbe42e257) vnmsac.vx v4, t0, v4
core   0: 0x12000360 (0x01e872b3) and     t0, a6, t5
core   0: >>>>  label173
core   0: 0x12000364 (0x81b9f3d7) vsetvl  t2, s3, s11
core   0: 0x12000368 (0xb09d7b13) andi    s6, s10, -1271
core   0: 0x1200036c (0x020f5487) vle16.v v9, (t5)
core   0: 0x12000370 (0xb4505e17) auipc   t3, 0xb4505
core   0: 0x12000374 (0x62d4b8d7) vmseq.vi v17, v13, 9
core   0: 0x12000378 (0x757446d7) vmsle.vx v13, v23, s0, v0.t
core   0: >>>>  label179
core   0: 0x1200037c (0xc8657ed7) vsetivli t4, 10, e8, mf4, tu, ma
core   0: 0x12000380 (0xb49db9b7) lui     s3, 0xb49db
core   0: 0x12000384 (0xeb4f1823) sh      s4, -336(t5)
core   0: 0x12000388 (0x020f6a07) vle32.v v20, (t5)
core   0: 0x1200038c (0x03054cb3) div     s9, a0, a6
core   0: 0x12000390 (0xa4a4c9b7) lui     s3, 0xa4a4c
core   0: 0x12000394 (0x743400d7) vmsle.vv v1, v3, v8, v0.t
core   0: 0x12000398 (0x02bf01a7) vsm.v   v3, (t5)
core   0: 0x1200039c (0x02bf0787) vlm.v   v15, (t5)
core   0: 0x120003a0 (0x020f5f87) vle16.v v31, (t5)
core   0: 0x120003a4 (0x017886b3) add     a3, a7, s7
core   0: 0x120003a8 (0x29cecf57) vor.vx  v30, v28, t4, v0.t
core   0: 0x120003ac (0x03b3d533) divu    a0, t2, s11
core   0: 0x120003b0 (0x030f0407) vle8ff.v v8, (t5)
core   0: 0x120003b4 (0x06d2f813) andi    a6, t0, 109
core   0: 0x120003b8 (0x713b4617) auipc   a2, 0x713b4
core   0: 0x120003bc (0xf5e64a17) auipc   s4, 0xf5e64
core   0: 0x120003c0 (0x86d42857) vdiv.vv v16, v13, v8
core   0: 0x120003c4 (0x969e2157) vmul.vv v2, v9, v28
core   0: >>>>  label198
core   0: 0x120003c8 (0x81b976d7) vsetvl  a3, s2, s11
core   0: 0x120003cc (0x0292deb3) divu    t4, t0, s1
core   0: 0x120003d0 (0x4c8fced7) vmsbc.vxm v29, v8, t6, v0
core   0: 0x120003d4 (0x400382b3) sub     t0, t2, zero
core   0: 0x120003d8 (0x6b94cbd7) vmsltu.vx v23, v25, s1
core   0: 0x120003dc (0x48944457) vsbc.vxm v8, v9, s0, v0
core   0: >>>>  label204
core   0: 0x120003e0 (0xcd2bf3d7) vsetivli t2, 23, e32, m4, ta, ma
core   0: 0x120003e4 (0x030f6007) vle32ff.v v0, (t5)
core   0: 0x120003e8 (0x893f0aa3) sb      s3, -1899(t5)
core   0: 0x120003ec (0x5c460457) vmerge.vvm v8, v4, v12, v0
core   0: 0x120003f0 (0x01fd4263) blt     s10, t6, pc + 4
core   0: >>>>  label209
core   0: 0x120003f4 (0x81be7357) vsetvl  t1, t3, s11
core   0: 0x120003f8 (0x6332b657) vmseq.vi v12, v19, 5
core   0: 0x120003fc (0xe4d85937) lui     s2, 0xe4d85
core   0: 0x12000400 (0x4f6d04d7) vmsbc.vv v9, v22, v26
core   0: >>>>  label213
core   0: 0x12000404 (0x81ba7957) vsetvl  s2, s4, s11
core   0: 0x12000408 (0x009444b3) xor     s1, s0, s1
core   0: 0x1200040c (0x02bf0387) vlm.v   v7, (t5)
core   0: 0x12000410 (0x832f1b23) sh      s2, -1994(t5)
core   0: 0x12000414 (0x02c892b3) mulh    t0, a7, a2
core   0: 0x12000418 (0x778087d7) vmsle.vv v15, v24, v1
core   0: 0x1200041c (0x03f09eb3) mulh    t4, ra, t6
core   0: 0x12000420 (0x0336dd33) divu    s10, a3, s3
core   0: 0x12000424 (0x000f6ca7) vse32.v v25, (t5), v0.t
core   0: 0x12000428 (0x031b2933) mulhsu  s2, s6, a7
core   0: 0x1200042c (0x018f1e83) lh      t4, 24(t5)
core   0: 0x12000430 (0x6d470cd7) vmslt.vv v25, v20, v14, v0.t
core   0: 0x12000434 (0x095b07d7) vsub.vv v15, v21, v22, v0.t
core   0: 0x12000438 (0x418481d7) vadc.vvm v3, v24, v9, v0
core   0: 0x1200043c (0xa4796257) vmadd.vx v4, s2, v7, v0.t
core   0: 0x12000440 (0x950c3657) vsll.vi v12, v16, -8, v0.t
core   0: 0x12000444 (0x2a2a44d7) vor.vx  v9, v2, s4
core   0: 0x12000448 (0x000f5887) vle16.v v17, (t5), v0.t
core   0: 0x1200044c (0x78654c57) vmsgtu.vx v24, v6, a0, v0.t
core   0: 0x12000450 (0x699b08d7) vmsltu.vv v17, v25, v22, v0.t
core   0: 0x12000454 (0x17508657) vmin.vv v12, v21, v1
core   0: 0x12000458 (0x7bc642d7) vmsgtu.vx v5, v28, a2
core   0: 0x1200045c (0x4ddd4e57) vmsbc.vxm v28, v29, s10, v0
core   0: 0x12000460 (0x45d33fd7) vmadc.vim v31, v29, 6, v0
core   0: 0x12000464 (0xa4f521d7) vmadd.vv v3, v10, v15, v0.t
core   0: 0x12000468 (0x8aa820d7) vremu.vv v1, v10, v16
core   0: >>>>  label239
core   0: 0x1200046c (0x8ab52ad7) vremu.vv v21, v11, v10
core   0: 0x12000470 (0x8ada22d7) vremu.vv v5, v13, v20
core   0: 0x12000474 (0x481321d7) vzext.vf2 v3, v1, v0.t
core   0: 0x12000478 (0xaf3a6157) vnmsub.vx v2, s4, v19
core   0: 0x1200047c (0xa7dfe1d7) vmadd.vx v3, t6, v29
core   0: 0x12000480 (0x9d2aec57) vmulh.vx v24, v18, s5, v0.t
core   0: 0x12000484 (0x000f5fa7) vse16.v v31, (t5), v0.t
core   0: 0x12000488 (0x020f0a87) vle8.v  v21, (t5)
core   0: 0x1200048c (0x000f5e07) vle16.v v28, (t5), v0.t
core   0: 0x12000490 (0x000f04a7) vse8.v  v9, (t5), v0.t
core   0: 0x12000494 (0x000f5f87) vle16.v v31, (t5), v0.t
core   0: 0x12000498 (0x030f0b07) vle8ff.v v22, (t5)
core   0: 0x1200049c (0x030f6207) vle32ff.v v4, (t5)
core   0: 0x120004a0 (0x68498f57) vmsltu.vv v30, v4, v19, v0.t
core   0: 0x120004a4 (0x4e9f83d7) vmsbc.vv v7, v9, v31
core   0: 0x120004a8 (0x4942c4d7) vsbc.vxm v9, v20, t0, v0
core   0: 0x120004ac (0x759548d7) vmsle.vx v17, v25, a0, v0.t
core   0: 0x120004b0 (0xa3463857) vsrl.vi v16, v20, 12
core   0: 0x120004b4 (0x4a22a6d7) vsext.vf4 v13, v2
core   0: 0x120004b8 (0x9648a2d7) vmul.vv v5, v4, v17
core   0: 0x120004bc (0xaf43ae57) vnmsub.vv v28, v7, v20
core   0: 0x120004c0 (0x87c12557) vdiv.vv v10, v28, v2
core   0: 0x120004c4 (0xa5b4a1d7) vmadd.vv v3, v9, v27, v0.t
core   0: 0x120004c8 (0xa79c2fd7) vmadd.vv v31, v24, v25
core   0: 0x120004cc (0xafe3e4d7) vnmsub.vx v9, t2, v30
core   0: 0x120004d0 (0x945be8d7) vmul.vx v17, v5, s7, v0.t
core   0: 0x120004d4 (0x983cee57) vmulhsu.vx v28, v3, s9, v0.t
core   0: 0x120004d8 (0x020f51a7) vse16.v v3, (t5)
core   0: 0x120004dc (0x020f5e87) vle16.v v29, (t5)
core   0: 0x120004e0 (0x02bf0a27) vsm.v   v20, (t5)
core   0: 0x120004e4 (0x020f5a27) vse16.v v20, (t5)
core   0: 0x120004e8 (0x02bf0d27) vsm.v   v26, (t5)
core   0: 0x120004ec (0x010f0587) vle8ff.v v11, (t5), v0.t
core   0: 0x120004f0 (0x010f0c07) vle8ff.v v24, (t5), v0.t
core   0: >>>>  footer
core   0: 0x120004f4 (0x0180006f) j       pc + 0x18
core   0: >>>>  end
core   0: 0x1200050c (0x00000033) add     zero, zero, zero
core   0: 0x12000510 (0x00100293) li      t0, 1
core   0: 0x12000514 (0x0e004317) auipc   t1, 0xe004
core   0: 0x12000518 (0xaec30313) addi    t1, t1, -1300
core   0: 0x1200051c (0x00532023) sw      t0, 0(t1)
core   0: >>>>  loop_stop
core   0: 0x12000520 (0x0000006f) j       pc + 0x0
