core   0: 0x00001000 (0x00000297) auipc   t0, 0x0
core   0: 0x00001004 (0x02028593) addi    a1, t0, 32
core   0: 0x00001008 (0xf1402573) csrr    a0, mhartid
core   0: 0x0000100c (0x0182a283) lw      t0, 24(t0)
core   0: 0x00001010 (0x00028067) jr      t0
core   0: >>>>  $xrv32i2p1_m2p0_f2p2_d2p2_v1p0_zicsr2p0_zmmul1p0_zve32f1p0_zve32x1p0_zve64d1p0_zve64f1p0_zve64x1p0_zvl128b1p0_zvl32b1p0_zvl64b1p0
core   0: 0x12000000 (0x60000293) li      t0, 1536
core   0: 0x12000004 (0x3002a073) csrs    mstatus, t0
core   0: 0x12000008 (0xe2100013) li      zero, -479
core   0: 0x1200000c (0xf9200293) li      t0, -110
core   0: 0x12000010 (0x0ac00313) li      t1, 172
core   0: 0x12000014 (0x33200393) li      t2, 818
core   0: 0x12000018 (0x50000413) li      s0, 1280
core   0: 0x1200001c (0x15000493) li      s1, 336
core   0: 0x12000020 (0xfc300513) li      a0, -61
core   0: 0x12000024 (0x27c00593) li      a1, 636
core   0: 0x12000028 (0x53e00613) li      a2, 1342
core   0: 0x1200002c (0x05600693) li      a3, 86
core   0: 0x12000030 (0x2d500793) li      a5, 725
core   0: 0x12000034 (0x11f00813) li      a6, 287
core   0: 0x12000038 (0x49900913) li      s2, 1177
core   0: 0x1200003c (0xde100993) li      s3, -543
core   0: 0x12000040 (0xfa000a13) li      s4, -96
core   0: 0x12000044 (0xa0f00a93) li      s5, -1521
core   0: 0x12000048 (0x52600b13) li      s6, 1318
core   0: 0x1200004c (0x46400b93) li      s7, 1124
core   0: 0x12000050 (0x10600c13) li      s8, 262
core   0: 0x12000054 (0xef600c93) li      s9, -266
core   0: 0x12000058 (0x98300d13) li      s10, -1661
core   0: 0x1200005c (0x47700e13) li      t3, 1143
core   0: 0x12000060 (0x5c900e93) li      t4, 1481
core   0: 0x12000064 (0xbc100f93) li      t6, -1087
core   0: 0x12000068 (0x20002f37) lui     t5, 0x20002
core   0: 0x1200006c (0x000f0f13) mv      t5, t5
core   0: 0x12000070 (0x12000737) lui     a4, 0x12000
core   0: 0x12000074 (0x4cc70713) addi    a4, a4, 1228
core   0: 0x12000078 (0x120008b7) lui     a7, 0x12000
core   0: 0x1200007c (0x09c88893) addi    a7, a7, 156
core   0: 0x12000080 (0x0d000d93) li      s11, 208
core   0: 0x12000084 (0x0930f457) vsetvli s0, ra, e32, m8, tu, ma
core   0: 0x12000088 (0x5e05c057) vmv.v.x v0, a1
core   0: 0x1200008c (0x5e00c457) vmv.v.x v8, ra
core   0: 0x12000090 (0x5e054857) vmv.v.x v16, a0
core   0: 0x12000094 (0x5e07cc57) vmv.v.x v24, a5
core   0: 0x12000098 (0x0180006f) j       pc + 0x18
core   0: >>>>  body
core   0: 0x120000b0 (0x81b2f957) vsetvl  s2, t0, s11
core   0: 0x120000b4 (0x0067ced7) vadd.vx v29, v6, a5, v0.t
core   0: 0x120000b8 (0x020f5b07) vle16.v v22, (t5)
core   0: 0x120000bc (0xa556ca57) vsra.vx v20, v21, a3, v0.t
core   0: 0x120000c0 (0x6c9bc657) vmslt.vx v12, v9, s7, v0.t
core   0: 0x120000c4 (0x03674bb3) div     s7, a4, s6
core   0: 0x120000c8 (0x000f5987) vle16.v v19, (t5), v0.t
core   0: 0x120000cc (0x026b5933) divu    s2, s6, t1
core   0: >>>>  label8
core   0: 0x120000d0 (0xc116f3d7) vsetivli t2, 13, e32, m2, tu, mu
core   0: 0x120000d4 (0x16cb0557) vmin.vv v10, v12, v22
core   0: 0x120000d8 (0x24a60c57) vand.vv v24, v10, v12, v0.t
core   0: 0x120000dc (0x850fb317) auipc   t1, 0x850fb
core   0: 0x120000e0 (0x658fc357) vmsne.vx v6, v24, t6, v0.t
core   0: 0x120000e4 (0x007d1033) sll     zero, s10, t2
core   0: 0x120000e8 (0xf1e3e6b7) lui     a3, 0xf1e3e
core   0: 0x120000ec (0x030f0887) vle8ff.v v17, (t5)
core   0: >>>>  label16
core   0: 0x120000f0 (0x00fe7557) vsetvli a0, t3, e16, mf2, tu, mu
core   0: 0x120000f4 (0x1f8f0f23) sb      s8, 510(t5)
core   0: 0x120000f8 (0x027fd4b3) divu    s1, t6, t2
core   0: 0x120000fc (0x25d03cd7) vand.vi v25, v29, 0, v0.t
core   0: 0x12000100 (0x9c6f2223) sw      t1, -1596(t5)
core   0: 0x12000104 (0x02802bb3) mulhsu  s7, zero, s0
core   0: 0x12000108 (0x2d4f1603) lh      a2, 724(t5)
core   0: 0x1200010c (0x1050f037) lui     zero, 0x1050f
core   0: >>>>  label24
core   0: 0x12000110 (0x0c16f557) vsetvli a0, a3, e8, m2, ta, ma
core   0: 0x12000114 (0x5e030357) vmv.v.v v6, v6
core   0: 0x12000118 (0x4ea84357) vmsbc.vx v6, v10, a6
core   0: 0x1200011c (0x010f6807) vle32ff.v v16, (t5), v0.t
core   0: 0x12000120 (0x023ef9b3) remu    s3, t4, gp
core   0: >>>>  label29
core   0: 0x12000124 (0xb7040157) vnsra.wv v2, v16, v8
core   0: >>>>  label30
core   0: 0x12000128 (0xc0167557) vsetivli a0, 12, e8, m2, tu, mu
core   0: 0x1200012c (0x00070be7) jalr    s7, a4, 0
core   0: >>>>  extra_func1
core   0: 0x120004cc (0x00a00293) li      t0, 10
core   0: 0x120004d0 (0x01200a13) li      s4, 18
core   0: >>>>  loop2
core   0: 0x120004d4 (0x00128293) addi    t0, t0, 1
core   0: 0x120004d8 (0xff42eee3) bltu    t0, s4, pc - 4
core   0: >>>>  loop2
core   0: 0x120004d4 (0x00128293) addi    t0, t0, 1
core   0: 0x120004d8 (0xff42eee3) bltu    t0, s4, pc - 4
core   0: >>>>  loop2
core   0: 0x120004d4 (0x00128293) addi    t0, t0, 1
core   0: 0x120004d8 (0xff42eee3) bltu    t0, s4, pc - 4
core   0: >>>>  loop2
core   0: 0x120004d4 (0x00128293) addi    t0, t0, 1
core   0: 0x120004d8 (0xff42eee3) bltu    t0, s4, pc - 4
core   0: >>>>  loop2
core   0: 0x120004d4 (0x00128293) addi    t0, t0, 1
core   0: 0x120004d8 (0xff42eee3) bltu    t0, s4, pc - 4
core   0: >>>>  loop2
core   0: 0x120004d4 (0x00128293) addi    t0, t0, 1
core   0: 0x120004d8 (0xff42eee3) bltu    t0, s4, pc - 4
core   0: >>>>  loop2
core   0: 0x120004d4 (0x00128293) addi    t0, t0, 1
core   0: 0x120004d8 (0xff42eee3) bltu    t0, s4, pc - 4
core   0: >>>>  loop2
core   0: 0x120004d4 (0x00128293) addi    t0, t0, 1
core   0: 0x120004d8 (0xff42eee3) bltu    t0, s4, pc - 4
core   0: 0x120004dc (0x000b8067) jr      s7
core   0: >>>>  label32
core   0: 0x12000130 (0x81bbf7d7) vsetvl  a5, s7, s11
core   0: 0x12000134 (0x26794a57) vand.vx v20, v7, s2
core   0: 0x12000138 (0x14d644d7) vmin.vx v9, v13, a2, v0.t
core   0: >>>>  label35
core   0: 0x1200013c (0x010c7ed7) vsetvli t4, s8, e32, m1, tu, mu
core   0: 0x12000140 (0x01e6d263) bge     a3, t5, pc + 4
core   0: >>>>  label37
core   0: 0x12000144 (0xc48cf957) vsetivli s2, 25, e16, m1, ta, mu
core   0: 0x12000148 (0x1b37ec17) auipc   s8, 0x1b37e
core   0: 0x1200014c (0xd285ac57) vwaddu.wv v24, v8, v11
core   0: 0x12000150 (0xebf7e857) vwmulsu.vx v16, v31, a5
core   0: 0x12000154 (0x01b78333) add     t1, a5, s11
core   0: >>>>  label42
core   0: 0x12000158 (0x81baf6d7) vsetvl  a3, s5, s11
core   0: 0x1200015c (0x17c68cd7) vmin.vv v25, v28, v13
core   0: 0x12000160 (0x020f0107) vle8.v  v2, (t5)
core   0: 0x12000164 (0x030f6087) vle32ff.v v1, (t5)
core   0: 0x12000168 (0x4d2a0bd7) vmsbc.vvm v23, v18, v20, v0
core   0: 0x1200016c (0x000f6fa7) vse32.v v31, (t5), v0.t
core   0: 0x12000170 (0x02bf0087) vlm.v   v1, (t5)
core   0: 0x12000174 (0x030f6407) vle32ff.v v8, (t5)
core   0: 0x12000178 (0x000f67a7) vse32.v v15, (t5), v0.t
core   0: 0x1200017c (0x7b643537) lui     a0, 0x7b643
core   0: 0x12000180 (0x76113957) vmsle.vi v18, v1, 2
core   0: 0x12000184 (0x000f5207) vle16.v v4, (t5), v0.t
core   0: 0x12000188 (0x1265c057) vminu.vx v0, v6, a1
core   0: 0x1200018c (0x000f0087) vle8.v  v1, (t5), v0.t
core   0: 0x12000190 (0x032bec33) rem     s8, s7, s2
core   0: 0x12000194 (0x03d4e2b3) rem     t0, s1, t4
core   0: >>>>  label58
core   0: 0x12000198 (0x81b3f5d7) vsetvl  a1, t2, s11
core   0: >>>>  label59
core   0: 0x1200019c (0x4faf5383) lhu     t2, 1274(t5)
core   0: 0x120001a0 (0x01feb9d7) vadd.vi v19, v31, -3, v0.t
core   0: 0x120001a4 (0x02bf0427) vsm.v   v8, (t5)
core   0: 0x120001a8 (0xb437a857) vmacc.vv v16, v15, v3, v0.t
core   0: >>>>  label63
core   0: 0x120001ac (0xc50a7ad7) vsetivli s5, 20, e32, m1, ta, mu
core   0: 0x120001b0 (0xbfeba9d7) vnmsac.vv v19, v23, v30
core   0: 0x120001b4 (0x020f6927) vse32.v v18, (t5)
core   0: 0x120001b8 (0x9752efd7) vmul.vx v31, v21, t0
core   0: 0x120001bc (0x2c5a4757) vxor.vx v14, v5, s4, v0.t
core   0: 0x120001c0 (0x68768b57) vmsltu.vv v22, v7, v13, v0.t
core   0: 0x120001c4 (0xdacd4413) xori    s0, s10, -596
core   0: 0x120001c8 (0x02c356b3) divu    a3, t1, a2
core   0: 0x120001cc (0xb7482857) vmacc.vv v16, v16, v20
core   0: 0x120001d0 (0x020f5887) vle16.v v17, (t5)
core   0: 0x120001d4 (0x11d88fd7) vminu.vv v31, v29, v17, v0.t
core   0: 0x120001d8 (0xa1068dd7) vsrl.vv v27, v16, v13, v0.t
core   0: 0x120001dc (0x020f6f87) vle32.v v31, (t5)
core   0: 0x120001e0 (0x40ba5633) sra     a2, s4, a1
core   0: >>>>  label77
core   0: 0x120001e4 (0x050d7a57) vsetvli s4, s10, e32, m1, ta, mu
core   0: 0x120001e8 (0x5c1a33d7) vmerge.vim v7, v1, -12, v0
core   0: 0x120001ec (0x4100b157) vadc.vim v2, v16, 1, v0
core   0: 0x120001f0 (0xa3c1ba57) vsrl.vi v20, v28, 3
core   0: 0x120001f4 (0x020f2a03) lw      s4, 32(t5)
core   0: 0x120001f8 (0x41d18e33) sub     t3, gp, t4
core   0: 0x120001fc (0x1212cbd7) vminu.vx v23, v1, t0
core   0: 0x12000200 (0x5e033ad7) vmv.v.i v21, 6
core   0: 0x12000204 (0x77cf1023) sh      t3, 1888(t5)
core   0: 0x12000208 (0x00075933) srl     s2, a4, zero
core   0: 0x1200020c (0x8bcf2823) sw      t3, -1872(t5)
core   0: 0x12000210 (0x034796b3) mulh    a3, a5, s4
core   0: >>>>  label89
core   0: 0x12000214 (0x000f03a7) vse8.v  v7, (t5), v0.t
core   0: 0x12000218 (0x03cc16b3) mulh    a3, s8, t3
core   0: 0x1200021c (0x0d3d3cd7) vrsub.vi v25, v19, -6, v0.t
core   0: 0x12000220 (0x2ad00b57) vor.vv  v22, v13, v0
core   0: 0x12000224 (0x030f6a87) vle32ff.v v21, (t5)
core   0: 0x12000228 (0xdd2f1d23) sh      s2, -550(t5)
core   0: 0x1200022c (0x03a8aeb3) mulhsu  t4, a7, s10
core   0: 0x12000230 (0x0303abb3) mulhsu  s7, t2, a6
core   0: 0x12000234 (0x8e4f2023) sw      tp, -1824(t5)
core   0: 0x12000238 (0x000f63a7) vse32.v v7, (t5), v0.t
core   0: 0x1200023c (0xf3ff2223) sw      t6, -220(t5)
core   0: >>>>  label100
core   0: 0x12000240 (0x81bb73d7) vsetvl  t2, s6, s11
core   0: 0x12000244 (0x47a101d7) vmadc.vv v3, v26, v2
core   0: 0x12000248 (0xa154bc57) vsrl.vi v24, v21, 9, v0.t
core   0: 0x1200024c (0x8bbf0c23) sb      s11, -1864(t5)
core   0: 0x12000250 (0x7a8ce917) auipc   s2, 0x7a8ce
core   0: 0x12000254 (0x1aeccfd7) vmaxu.vx v31, v14, s9
core   0: 0x12000258 (0x020f6ca7) vse32.v v25, (t5)
core   0: 0x1200025c (0xa7ba3357) vsra.vi v6, v27, 20
core   0: 0x12000260 (0x45771997) auipc   s3, 0x45771
core   0: 0x12000264 (0xd1c80917) auipc   s2, 0xd1c80
core   0: 0x12000268 (0x000f0f07) vle8.v  v30, (t5), v0.t
core   0: 0x1200026c (0xa36f2823) sw      s6, -1488(t5)
core   0: 0x12000270 (0x000f5e07) vle16.v v28, (t5), v0.t
core   0: 0x12000274 (0x97220857) vsll.vv v16, v18, v4
core   0: 0x12000278 (0x0f51b557) vrsub.vi v10, v21, 3
core   0: 0x1200027c (0x020f5987) vle16.v v19, (t5)
core   0: 0x12000280 (0x02536d33) rem     s10, t1, t0
core   0: 0x12000284 (0x142fcdd7) vmin.vx v27, v2, t6, v0.t
core   0: 0x12000288 (0x246eb357) vand.vi v6, v6, -3, v0.t
core   0: >>>>  label119
core   0: 0x1200028c (0xad3b2cd7) vnmsub.vv v25, v22, v19, v0.t
core   0: 0x12000290 (0x034c2b33) mulhsu  s6, s8, s4
core   0: 0x12000294 (0xa30b41d7) vsrl.vx v3, v16, s6
core   0: 0x12000298 (0x010f5287) vle16ff.v v5, (t5), v0.t
core   0: 0x1200029c (0xa7656b57) vmadd.vx v22, a0, v22
core   0: 0x120002a0 (0xae6f2023) sw      t1, -1312(t5)
core   0: 0x120002a4 (0xd83f0903) lb      s2, -637(t5)
core   0: 0x120002a8 (0xf921a617) auipc   a2, 0xf921a
core   0: 0x120002ac (0x030374b3) remu    s1, t1, a6
core   0: 0x120002b0 (0x08bd0557) vsub.vv v10, v11, v26, v0.t
core   0: >>>>  label129
core   0: 0x120002b4 (0x81b6fb57) vsetvl  s6, a3, s11
core   0: >>>>  label130
core   0: 0x120002b8 (0x009d7557) vsetvli a0, s10, e16, m2, tu, mu
core   0: 0x120002bc (0xe7b52993) slti    s3, a0, -389
core   0: 0x120002c0 (0xbf2ce957) vnmsac.vx v18, s9, v18
core   0: 0x120002c4 (0x0da44957) vrsub.vx v18, v26, s0, v0.t
core   0: 0x120002c8 (0x41870857) vadc.vvm v16, v24, v14, v0
core   0: 0x120002cc (0x9ce32657) vmulh.vv v12, v14, v6, v0.t
core   0: 0x120002d0 (0x692f2423) sw      s2, 1672(t5)
core   0: 0x120002d4 (0x3f974c37) lui     s8, 0x3f974
core   0: 0x120002d8 (0x000f6c27) vse32.v v24, (t5), v0.t
core   0: 0x120002dc (0x9a4be257) vmulhsu.vx v4, v4, s7
core   0: 0x120002e0 (0x53aeeab7) lui     s5, 0x53aee
core   0: 0x120002e4 (0x74cbc557) vmsle.vx v10, v12, s7, v0.t
core   0: 0x120002e8 (0x00194933) xor     s2, s2, ra
core   0: 0x120002ec (0xda0a6a57) vwsubu.wx v20, v0, s4
core   0: 0x120002f0 (0x3bf7fb93) andi    s7, a5, 959
core   0: 0x120002f4 (0x15c64457) vmin.vx v8, v28, a2, v0.t
core   0: 0x120002f8 (0x00088be7) jalr    s7, a7, 0
core   0: >>>>  extra_func2
core   0: 0x1200009c (0x00900993) li      s3, 9
core   0: 0x120000a0 (0x01200793) li      a5, 18
core   0: >>>>  loop1
core   0: 0x120000a4 (0x00198993) addi    s3, s3, 1
core   0: 0x120000a8 (0xfef99ee3) bne     s3, a5, pc - 4
core   0: >>>>  loop1
core   0: 0x120000a4 (0x00198993) addi    s3, s3, 1
core   0: 0x120000a8 (0xfef99ee3) bne     s3, a5, pc - 4
core   0: >>>>  loop1
core   0: 0x120000a4 (0x00198993) addi    s3, s3, 1
core   0: 0x120000a8 (0xfef99ee3) bne     s3, a5, pc - 4
core   0: >>>>  loop1
core   0: 0x120000a4 (0x00198993) addi    s3, s3, 1
core   0: 0x120000a8 (0xfef99ee3) bne     s3, a5, pc - 4
core   0: >>>>  loop1
core   0: 0x120000a4 (0x00198993) addi    s3, s3, 1
core   0: 0x120000a8 (0xfef99ee3) bne     s3, a5, pc - 4
core   0: >>>>  loop1
core   0: 0x120000a4 (0x00198993) addi    s3, s3, 1
core   0: 0x120000a8 (0xfef99ee3) bne     s3, a5, pc - 4
core   0: >>>>  loop1
core   0: 0x120000a4 (0x00198993) addi    s3, s3, 1
core   0: 0x120000a8 (0xfef99ee3) bne     s3, a5, pc - 4
core   0: >>>>  loop1
core   0: 0x120000a4 (0x00198993) addi    s3, s3, 1
core   0: 0x120000a8 (0xfef99ee3) bne     s3, a5, pc - 4
core   0: >>>>  loop1
core   0: 0x120000a4 (0x00198993) addi    s3, s3, 1
core   0: 0x120000a8 (0xfef99ee3) bne     s3, a5, pc - 4
core   0: 0x120000ac (0x000b8067) jr      s7
core   0: 0x120002fc (0x02bf0aa7) vsm.v   v21, (t5)
core   0: 0x12000300 (0x482a0c57) vsbc.vvm v24, v2, v20, v0
core   0: >>>>  label149
core   0: 0x12000304 (0x756abf57) vmsle.vi v30, v22, -11, v0.t
core   0: 0x12000308 (0x5dc40757) vmerge.vvm v14, v28, v8, v0
core   0: 0x1200030c (0xc942e457) vwsubu.vx v8, v20, t0, v0.t
core   0: 0x12000310 (0x034bb6b3) mulhu   a3, s7, s4
core   0: 0x12000314 (0xb6460957) vnsra.wv v18, v4, v12
core   0: 0x12000318 (0x68c80c57) vmsltu.vv v24, v12, v16, v0.t
core   0: 0x1200031c (0xf2ee2c57) vwmaccu.vv v24, v28, v14
core   0: 0x12000320 (0xd7002657) vwadd.wv v12, v16, v0
core   0: 0x12000324 (0x010f5a07) vle16ff.v v20, (t5), v0.t
core   0: 0x12000328 (0x00652833) slt     a6, a0, t1
core   0: 0x1200032c (0x02bf0a07) vlm.v   v20, (t5)
core   0: 0x12000330 (0x74ef1c23) sh      a4, 1880(t5)
core   0: >>>>  label161
core   0: 0x12000334 (0x81b37857) vsetvl  a6, t1, s11
core   0: 0x12000338 (0x956fc7d7) vsll.vx v15, v22, t6, v0.t
core   0: 0x1200033c (0x0106f433) and     s0, a3, a6
core   0: 0x12000340 (0x036ded33) rem     s10, s11, s6
core   0: >>>>  label165
core   0: 0x12000344 (0x0d17fbd7) vsetvli s7, a5, e32, m2, ta, ma
core   0: 0x12000348 (0xa721bd57) vsra.vi v26, v18, 3
core   0: 0x1200034c (0x010f6407) vle32ff.v v8, (t5), v0.t
core   0: 0x12000350 (0x2ac84f57) vor.vx  v30, v12, a6
core   0: 0x12000354 (0x94ce2457) vmul.vv v8, v12, v28, v0.t
core   0: 0x12000358 (0xa4c9ec57) vmadd.vx v24, s3, v12, v0.t
core   0: 0x1200035c (0xa42b0457) vsra.vv v8, v2, v22, v0.t
core   0: 0x12000360 (0xd8046937) lui     s2, 0xd8046
core   0: >>>>  label173
core   0: 0x12000364 (0x81befa57) vsetvl  s4, t4, s11
core   0: 0x12000368 (0xaf1f2423) sw      a7, -1304(t5)
core   0: 0x1200036c (0x019becb3) or      s9, s7, s9
core   0: 0x12000370 (0x74cecad7) vmsle.vx v21, v12, t4, v0.t
core   0: 0x12000374 (0x44348557) vmadc.vvm v10, v3, v9, v0
core   0: 0x12000378 (0x029e1eb3) mulh    t4, t3, s1
core   0: >>>>  label179
core   0: 0x1200037c (0x89c03c37) lui     s8, 0x89c03
core   0: 0x12000380 (0x01ffa9b3) slt     s3, t6, t6
core   0: 0x12000384 (0xdc0f1783) lh      a5, -576(t5)
core   0: 0x12000388 (0x006b5a33) srl     s4, s6, t1
core   0: 0x1200038c (0xa53cc957) vsra.vx v18, v19, s9, v0.t
core   0: 0x12000390 (0x48b2acd7) vsext.vf4 v25, v11, v0.t
core   0: 0x12000394 (0x02165033) divu    zero, a2, ra
core   0: 0x12000398 (0x030f6b07) vle32ff.v v22, (t5)
core   0: 0x1200039c (0x020f6087) vle32.v v1, (t5)
core   0: 0x120003a0 (0x03230333) mul     t1, t1, s2
core   0: 0x120003a4 (0x47f38557) vmadc.vv v10, v31, v7
core   0: 0x120003a8 (0x00891b33) sll     s6, s2, s0
core   0: 0x120003ac (0x5e0d4c57) vmv.v.x v24, s10
core   0: 0x120003b0 (0x13ec2d13) slti    s10, s8, 318
core   0: 0x120003b4 (0x900ade97) auipc   t4, 0x900ad
core   0: 0x120003b8 (0x030f5e87) vle16ff.v v29, (t5)
core   0: 0x120003bc (0x048f1223) sh      s0, 68(t5)
core   0: 0x120003c0 (0x02bf0fa7) vsm.v   v31, (t5)
core   0: 0x120003c4 (0x6421bb57) vmsne.vi v22, v2, 3, v0.t
core   0: >>>>  label198
core   0: 0x120003c8 (0xc51e74d7) vsetivli s1, 28, e32, m2, ta, mu
core   0: >>>>  label199
core   0: 0x120003cc (0xc520fed7) vsetivli t4, 1, e32, m4, ta, mu
core   0: 0x120003d0 (0x40f785b3) sub     a1, a5, a5
core   0: 0x120003d4 (0x02f9e063) bltu    s3, a5, pc + 32
core   0: >>>>  label209
core   0: 0x120003f4 (0x01d6ea33) or      s4, a3, t4
core   0: >>>>  label210
core   0: 0x120003f8 (0x049bf9d7) vsetvli s3, s7, e16, m2, ta, mu
core   0: 0x120003fc (0x14660157) vmin.vv v2, v6, v12, v0.t
core   0: 0x12000400 (0x000f0c07) vle8.v  v24, (t5), v0.t
core   0: 0x12000404 (0x03847ab3) remu    s5, s0, s8
core   0: 0x12000408 (0x2aa34a57) vor.vx  v20, v10, t1
core   0: 0x1200040c (0xcc0c6a57) vwsub.vx v20, v0, s8, v0.t
core   0: 0x12000410 (0x6222c757) vmseq.vx v14, v2, t0
core   0: 0x12000414 (0x030f5a07) vle16ff.v v20, (t5)
core   0: 0x12000418 (0xa6ceb757) vsra.vi v14, v12, 29
core   0: >>>>  label219
core   0: 0x1200041c (0xc49dfcd7) vsetivli s9, 27, e16, m2, ta, mu
core   0: 0x12000420 (0x783f1323) sh      gp, 1926(t5)
core   0: 0x12000424 (0x03d8b4b3) mulhu   s1, a7, t4
core   0: 0x12000428 (0xa505be13) sltiu   t3, a1, -1456
core   0: 0x1200042c (0x0321f4b3) remu    s1, gp, s2
core   0: 0x12000430 (0x008b5993) srli    s3, s6, 8
core   0: 0x12000434 (0x030f6e07) vle32ff.v v28, (t5)
core   0: 0x12000438 (0xafcb2d57) vnmsub.vv v26, v22, v28
core   0: 0x1200043c (0x03afcb33) div     s6, t6, s10
core   0: 0x12000440 (0x000f0c07) vle8.v  v24, (t5), v0.t
core   0: 0x12000444 (0x010f6a07) vle32ff.v v20, (t5), v0.t
core   0: >>>>  label230
core   0: 0x12000448 (0x0414f557) vsetvli a0, s1, e8, m2, ta, mu
core   0: 0x1200044c (0x31dbed17) auipc   s10, 0x31dbe
core   0: 0x12000450 (0x8b4f2e57) vremu.vv v28, v20, v30
core   0: 0x12000454 (0x554f2583) lw      a1, 1364(t5)
core   0: 0x12000458 (0xf009ee57) vwmaccu.vx v28, s3, v0, v0.t
core   0: >>>>  label235
core   0: 0x1200045c (0x81b67bd7) vsetvl  s7, a2, s11
core   0: 0x12000460 (0x4c34cf57) vmsbc.vxm v30, v3, s1, v0
core   0: >>>>  label237
core   0: 0x12000464 (0x008d72d7) vsetvli t0, s10, e16, m1, tu, mu
core   0: 0x12000468 (0x844ae457) vdiv.vx v8, v4, s5, v0.t
core   0: >>>>  label239
core   0: 0x1200046c (0xb5e2aa57) vmacc.vv v20, v5, v30, v0.t
core   0: 0x12000470 (0x94138357) vsll.vv v6, v1, v7, v0.t
core   0: 0x12000474 (0x2692c7d7) vand.vx v15, v9, t0
core   0: 0x12000478 (0x02c15533) divu    a0, sp, a2
core   0: 0x1200047c (0x7af43cd7) vmsgtu.vi v25, v15, 8
core   0: >>>>  label244
core   0: 0x12000480 (0x0c3a7857) vsetvli a6, s4, e8, m8, ta, ma
core   0: 0x12000484 (0x4f8c0c57) vmsbc.vv v24, v24, v24
core   0: 0x12000488 (0xa2880857) vsrl.vv v16, v8, v16
core   0: 0x1200048c (0x1d080457) vmax.vv v8, v16, v16, v0.t
core   0: 0x12000490 (0x7f8cb457) vmsgt.vi v8, v24, -7
core   0: 0x12000494 (0xb5842857) vmacc.vv v16, v8, v24, v0.t
core   0: 0x12000498 (0xa6866c57) vmadd.vx v24, a2, v8
core   0: 0x1200049c (0x9688b057) vsll.vi v0, v8, -15
core   0: 0x120004a0 (0x8f8c2857) vrem.vv v16, v24, v24
core   0: 0x120004a4 (0x8e856857) vrem.vx v16, v8, a0
core   0: 0x120004a8 (0x71893c57) vmsleu.vi v24, v24, 18, v0.t
core   0: 0x120004ac (0xad042857) vnmsub.vv v16, v8, v16, v0.t
core   0: 0x120004b0 (0x83842457) vdivu.vv v8, v24, v8
core   0: 0x120004b4 (0x8e8fe857) vrem.vx v16, v8, t6
core   0: 0x120004b8 (0x938e6c57) vmulhu.vx v24, v24, t3
core   0: 0x120004bc (0x408bb457) vadc.vim v8, v8, -9, v0
core   0: 0x120004c0 (0xad042857) vnmsub.vv v16, v8, v16, v0.t
core   0: 0x120004c4 (0xb48c2857) vmacc.vv v16, v24, v8, v0.t
core   0: >>>>  footer
core   0: 0x120004c8 (0x0180006f) j       pc + 0x18
core   0: >>>>  end
core   0: 0x120004e0 (0x00000033) add     zero, zero, zero
core   0: 0x120004e4 (0x00100293) li      t0, 1
core   0: 0x120004e8 (0x0e004317) auipc   t1, 0xe004
core   0: 0x120004ec (0xb1830313) addi    t1, t1, -1256
core   0: 0x120004f0 (0x00532023) sw      t0, 0(t1)
core   0: >>>>  loop_stop
core   0: 0x120004f4 (0x0000006f) j       pc + 0x0
