core   0: 0x00001000 (0x00000297) auipc   t0, 0x0
core   0: 0x00001004 (0x02028593) addi    a1, t0, 32
core   0: 0x00001008 (0xf1402573) csrr    a0, mhartid
core   0: 0x0000100c (0x0182a283) lw      t0, 24(t0)
core   0: 0x00001010 (0x00028067) jr      t0
core   0: >>>>  $xrv32i2p1_m2p0_f2p2_d2p2_v1p0_zicsr2p0_zmmul1p0_zve32f1p0_zve32x1p0_zve64d1p0_zve64f1p0_zve64x1p0_zvl128b1p0_zvl32b1p0_zvl64b1p0
core   0: 0x12000000 (0x60000293) li      t0, 1536
core   0: 0x12000004 (0x3002a073) csrs    mstatus, t0
core   0: 0x12000008 (0xe2100013) li      zero, -479
core   0: 0x1200000c (0xf9200293) li      t0, -110
core   0: 0x12000010 (0x0ac00313) li      t1, 172
core   0: 0x12000014 (0x33200393) li      t2, 818
core   0: 0x12000018 (0x50000413) li      s0, 1280
core   0: 0x1200001c (0x15000493) li      s1, 336
core   0: 0x12000020 (0xfc300513) li      a0, -61
core   0: 0x12000024 (0x27c00593) li      a1, 636
core   0: 0x12000028 (0x53e00613) li      a2, 1342
core   0: 0x1200002c (0x05600693) li      a3, 86
core   0: 0x12000030 (0x2d500793) li      a5, 725
core   0: 0x12000034 (0x11f00813) li      a6, 287
core   0: 0x12000038 (0x49900913) li      s2, 1177
core   0: 0x1200003c (0xde100993) li      s3, -543
core   0: 0x12000040 (0xfa000a13) li      s4, -96
core   0: 0x12000044 (0xa0f00a93) li      s5, -1521
core   0: 0x12000048 (0x52600b13) li      s6, 1318
core   0: 0x1200004c (0x46400b93) li      s7, 1124
core   0: 0x12000050 (0x10600c13) li      s8, 262
core   0: 0x12000054 (0xef600c93) li      s9, -266
core   0: 0x12000058 (0x98300d13) li      s10, -1661
core   0: 0x1200005c (0x47700e13) li      t3, 1143
core   0: 0x12000060 (0x5c900e93) li      t4, 1481
core   0: 0x12000064 (0xbc100f93) li      t6, -1087
core   0: 0x12000068 (0x20002f37) lui     t5, 0x20002
core   0: 0x1200006c (0x000f0f13) mv      t5, t5
core   0: 0x12000070 (0x12000737) lui     a4, 0x12000
core   0: 0x12000074 (0x4d870713) addi    a4, a4, 1240
core   0: 0x12000078 (0x120008b7) lui     a7, 0x12000
core   0: 0x1200007c (0x09c88893) addi    a7, a7, 156
core   0: 0x12000080 (0x0d000d93) li      s11, 208
core   0: 0x12000084 (0x0930f457) vsetvli s0, ra, e32, m8, tu, ma
core   0: 0x12000088 (0x5e05c057) vmv.v.x v0, a1
core   0: 0x1200008c (0x5e00c457) vmv.v.x v8, ra
core   0: 0x12000090 (0x5e054857) vmv.v.x v16, a0
core   0: 0x12000094 (0x5e07cc57) vmv.v.x v24, a5
core   0: 0x12000098 (0x0180006f) j       pc + 0x18
core   0: >>>>  body
core   0: 0x120000b0 (0x26000457) vand.vv v8, v0, v0
core   0: 0x120000b4 (0x160c0857) vmin.vv v16, v0, v24
core   0: 0x120000b8 (0x0f83c057) vrsub.vx v0, v24, t2
core   0: 0x120000bc (0xbdbf1623) sh      s11, -1076(t5)
core   0: >>>>  label4
core   0: 0x120000c0 (0xc0b573d7) vsetivli t2, 10, e16, m8, tu, mu
core   0: 0x120000c4 (0x000f5807) vle16.v v16, (t5), v0.t
core   0: >>>>  label6
core   0: 0x120000c8 (0xc118f857) vsetivli a6, 17, e32, m2, tu, mu
core   0: 0x120000cc (0x490a4c57) vsbc.vxm v24, v16, s4, v0
core   0: 0x120000d0 (0x000f6527) vse32.v v10, (t5), v0.t
core   0: 0x120000d4 (0x0c42be57) vrsub.vi v28, v4, 5, v0.t
core   0: 0x120000d8 (0x2e89cd57) vxor.vx v26, v8, s3
core   0: 0x120000dc (0x274f2503) lw      a0, 628(t5)
core   0: >>>>  label12
core   0: 0x120000e0 (0xc0fc72d7) vsetivli t0, 24, e16, mf2, tu, mu
core   0: 0x120000e4 (0x61d107d7) vmseq.vv v15, v29, v2, v0.t
core   0: 0x120000e8 (0x02bf0187) vlm.v   v3, (t5)
core   0: 0x120000ec (0x622f1223) sh      sp, 1572(t5)
core   0: 0x120000f0 (0x1983cc57) vmaxu.vx v24, v24, t2, v0.t
core   0: >>>>  label17
core   0: 0x120000f4 (0x090ef2d7) vsetvli t0, t4, e32, m1, tu, ma
core   0: 0x120000f8 (0x025093b3) mulh    t2, ra, t0
core   0: 0x120000fc (0x020f0687) vle8.v  v13, (t5)
core   0: 0x12000100 (0x03fb5933) divu    s2, s6, t6
core   0: 0x12000104 (0xbea22cd7) vnmsac.vv v25, v4, v10
core   0: 0x12000108 (0x41230657) vadc.vvm v12, v18, v6, v0
core   0: 0x1200010c (0x0feaf793) andi    a5, s5, 254
core   0: 0x12000110 (0x010f6807) vle32ff.v v16, (t5), v0.t
core   0: 0x12000114 (0x0232f533) remu    a0, t0, gp
core   0: >>>>  label26
core   0: 0x12000118 (0xc428f7d7) vsetivli a5, 17, e8, m4, ta, mu
core   0: 0x1200011c (0x020124b3) mulhsu  s1, sp, zero
core   0: 0x12000120 (0xe2922c97) auipc   s9, 0xe2922
core   0: >>>>  label29
core   0: 0x12000124 (0x000f0a27) vse8.v  v20, (t5), v0.t
core   0: 0x12000128 (0xcdca6857) vwsub.vx v16, v28, s4, v0.t
core   0: >>>>  label31
core   0: 0x1200012c (0x81b97857) vsetvl  a6, s2, s11
core   0: 0x12000130 (0x894f00a3) sb      s4, -1919(t5)
core   0: 0x12000134 (0xdc5f4783) lbu     a5, -571(t5)
core   0: >>>>  label34
core   0: 0x12000138 (0xc072f457) vsetivli s0, 5, e8, mf2, tu, mu
core   0: 0x1200013c (0xf74f2803) lw      a6, -140(t5)
core   0: 0x12000140 (0xfbad6957) vwmaccus.vx v18, s10, v26
core   0: 0x12000144 (0x4083c6d7) vadc.vxm v13, v8, t2, v0
core   0: >>>>  label38
core   0: 0x12000148 (0xc8fafd57) vsetivli s10, 21, e16, mf2, tu, ma
core   0: 0x1200014c (0x04d1c863) blt     gp, a3, pc + 80
core   0: >>>>  label59
core   0: 0x1200019c (0x213f0d23) sb      s3, 538(t5)
core   0: >>>>  label60
core   0: 0x120001a0 (0x81be73d7) vsetvl  t2, t3, s11
core   0: 0x120001a4 (0x69af0123) sb      s10, 1666(t5)
core   0: 0x120001a8 (0x020f5507) vle16.v v10, (t5)
core   0: 0x120001ac (0x000f68a7) vse32.v v17, (t5), v0.t
core   0: 0x120001b0 (0xb5da6257) vmacc.vx v4, s4, v29, v0.t
core   0: >>>>  label65
core   0: 0x120001b4 (0x05267bd7) vsetvli s7, a2, e32, m4, ta, mu
core   0: 0x120001b8 (0x020f6407) vle32.v v8, (t5)
core   0: 0x120001bc (0x02f54d33) div     s10, a0, a5
core   0: >>>>  label68
core   0: 0x120001c0 (0x81ba7fd7) vsetvl  t6, s4, s11
core   0: 0x120001c4 (0x48828fd7) vsbc.vvm v31, v8, v5, v0
core   0: 0x120001c8 (0xdf6f0f23) sb      s6, -514(t5)
core   0: 0x120001cc (0x4dde0257) vmsbc.vvm v4, v29, v28, v0
core   0: 0x120001d0 (0x000f5327) vse16.v v6, (t5), v0.t
core   0: 0x120001d4 (0xa44fe4d7) vmadd.vx v9, t6, v4, v0.t
core   0: 0x120001d8 (0x44c23b57) vmadc.vim v22, v12, 4, v0
core   0: 0x120001dc (0x16c44557) vmin.vx v10, v12, s0
core   0: 0x120001e0 (0xfc8f07a3) sb      s0, -49(t5)
core   0: 0x120001e4 (0x03e482b3) mul     t0, s1, t5
core   0: 0x120001e8 (0x18dd9437) lui     s0, 0x18dd9
core   0: 0x120001ec (0x2592c657) vand.vx v12, v25, t0, v0.t
core   0: 0x120001f0 (0x02e6e533) rem     a0, a3, a4
core   0: 0x120001f4 (0x00bf64b3) or      s1, t5, a1
core   0: 0x120001f8 (0x8ccb65d7) vrem.vx v11, v12, s6, v0.t
core   0: 0x120001fc (0x02454633) div     a2, a0, tp
core   0: 0x12000200 (0x40f44757) vadc.vxm v14, v15, s0, v0
core   0: 0x12000204 (0x010f0487) vle8ff.v v9, (t5), v0.t
core   0: 0x12000208 (0x0277a9b3) mulhsu  s3, a5, t2
core   0: 0x1200020c (0x6a854e57) vmsltu.vx v28, v8, a0
core   0: 0x12000210 (0x020f6127) vse32.v v2, (t5)
core   0: >>>>  label89
core   0: 0x12000214 (0x020f6587) vle32.v v11, (t5)
core   0: 0x12000218 (0xbe4c23d7) vnmsac.vv v7, v24, v4
core   0: 0x1200021c (0xa126bcd7) vsrl.vi v25, v18, 13, v0.t
core   0: 0x12000220 (0x612cde97) auipc   t4, 0x612cd
core   0: 0x12000224 (0x66603c57) vmsne.vi v24, v6, 0
core   0: 0x12000228 (0x035c54b3) divu    s1, s8, s5
core   0: 0x1200022c (0x67eeba93) sltiu   s5, t4, 1662
core   0: >>>>  label96
core   0: 0x12000230 (0x0839fe57) vsetvli t3, s3, e8, m8, tu, ma
core   0: 0x12000234 (0x0308e7b3) rem     a5, a7, a6
core   0: >>>>  label98
core   0: 0x12000238 (0x81ba72d7) vsetvl  t0, s4, s11
core   0: 0x1200023c (0x612d8457) vmseq.vv v8, v18, v27, v0.t
core   0: 0x12000240 (0x6e854857) vmslt.vx v16, v8, a0
core   0: 0x12000244 (0x46338157) vmadc.vv v2, v3, v7
core   0: 0x12000248 (0x01e04033) xor     zero, zero, t5
core   0: 0x1200024c (0x0159fc33) and     s8, s3, s5
core   0: >>>>  label104
core   0: 0x12000250 (0xc094f957) vsetivli s2, 9, e16, m2, tu, mu
core   0: >>>>  label105
core   0: 0x12000254 (0x050e7d57) vsetvli s10, t3, e32, m1, ta, mu
core   0: 0x12000258 (0x76c0b357) vmsle.vi v6, v12, 1
core   0: 0x1200025c (0x020f5107) vle16.v v2, (t5)
core   0: 0x12000260 (0x8b3ce4d7) vremu.vx v9, v19, s9
core   0: 0x12000264 (0x020f5827) vse16.v v16, (t5)
core   0: 0x12000268 (0x0208d9b3) divu    s3, a7, zero
core   0: 0x1200026c (0x9f042657) vmulh.vv v12, v16, v8
core   0: 0x12000270 (0x39441497) auipc   s1, 0x39441
core   0: 0x12000274 (0x643fbb57) vmsne.vi v22, v3, -1, v0.t
core   0: 0x12000278 (0x020f58a7) vse16.v v17, (t5)
core   0: 0x1200027c (0x030f6307) vle32ff.v v6, (t5)
core   0: 0x12000280 (0x02a58b33) mul     s6, a1, a0
core   0: 0x12000284 (0x5ba97513) andi    a0, s2, 1466
core   0: 0x12000288 (0xf24f2c83) lw      s9, -220(t5)
core   0: >>>>  label119
core   0: 0x1200028c (0x02bf07a7) vsm.v   v15, (t5)
core   0: >>>>  label120
core   0: 0x12000290 (0x81b87557) vsetvl  a0, a6, s11
core   0: >>>>  label121
core   0: 0x12000294 (0xcc9475d7) vsetivli a1, 8, e16, m2, ta, ma
core   0: 0x12000298 (0xc9a6e857) vwsubu.vx v16, v26, a3, v0.t
core   0: 0x1200029c (0x0307d333) divu    t1, a5, a6
core   0: 0x120002a0 (0xb64d3c57) vnsra.wi v24, v4, 26
core   0: 0x120002a4 (0x74cd0957) vmsle.vv v18, v12, v26, v0.t
core   0: 0x120002a8 (0x110d3393) sltiu   t2, s10, 272
core   0: 0x120002ac (0x5cc34757) vmerge.vxm v14, v12, t1, v0
core   0: >>>>  label128
core   0: 0x120002b0 (0x81b376d7) vsetvl  a3, t1, s11
core   0: 0x120002b4 (0x11cbc3d7) vminu.vx v7, v28, s7, v0.t
core   0: 0x120002b8 (0x48732257) vzext.vf2 v4, v7, v0.t
core   0: 0x120002bc (0x4a4f0983) lb      s3, 1188(t5)
core   0: 0x120002c0 (0x02bf0f07) vlm.v   v30, (t5)
core   0: 0x120002c4 (0x020f6127) vse32.v v2, (t5)
core   0: 0x120002c8 (0x6e4b8e57) vmslt.vv v28, v4, v23
core   0: 0x120002cc (0x019834b3) sltu    s1, a6, s9
core   0: 0x120002d0 (0x460442d7) vmadc.vx v5, v0, s0
core   0: 0x120002d4 (0x75e18857) vmsle.vv v16, v30, v3, v0.t
core   0: 0x120002d8 (0x6d144857) vmslt.vx v16, v17, s0, v0.t
core   0: 0x120002dc (0x13c34d57) vminu.vx v26, v28, t1
core   0: 0x120002e0 (0x32d6c5b7) lui     a1, 0x32d6c
core   0: >>>>  label141
core   0: 0x120002e4 (0xc4b879d7) vsetivli s3, 16, e16, m8, ta, mu
core   0: 0x120002e8 (0xa58d6457) vmadd.vx v8, s10, v24, v0.t
core   0: 0x120002ec (0x03a529b3) mulhsu  s3, a0, s10
core   0: 0x120002f0 (0x7786cc57) vmsle.vx v24, v24, a3
core   0: 0x120002f4 (0x960d9397) auipc   t2, 0x960d9
core   0: 0x120002f8 (0x011faab3) slt     s5, t6, a7
core   0: 0x120002fc (0x02a56633) rem     a2, a0, a0
core   0: 0x12000300 (0x14880c57) vmin.vv v24, v8, v16, v0.t
core   0: >>>>  label149
core   0: 0x12000304 (0x899a2e17) auipc   t3, 0x899a2
core   0: 0x12000308 (0xa5864457) vsra.vx v8, v24, a2, v0.t
core   0: 0x1200030c (0xc72f0ba3) sb      s2, -905(t5)
core   0: 0x12000310 (0x8e2be637) lui     a2, 0x8e2be
core   0: 0x12000314 (0x010f0c07) vle8ff.v v24, (t5), v0.t
core   0: 0x12000318 (0x03bd7933) remu    s2, s10, s11
core   0: 0x1200031c (0x2a85b857) vor.vi  v16, v8, 11
core   0: 0x12000320 (0x000f0827) vse8.v  v16, (t5), v0.t
core   0: 0x12000324 (0x01989393) slli    t2, a7, 25
core   0: 0x12000328 (0x000f5427) vse16.v v8, (t5), v0.t
core   0: 0x1200032c (0x0d04c857) vrsub.vx v16, v16, s1, v0.t
core   0: 0x12000330 (0x000f0c07) vle8.v  v24, (t5), v0.t
core   0: >>>>  label161
core   0: 0x12000334 (0x00bd7457) vsetvli s0, s10, e16, m8, tu, mu
core   0: 0x12000338 (0x00446e63) bltu    s0, tp, pc + 28
core   0: 0x1200033c (0x1d8a4857) vmax.vx v16, v24, s4, v0.t
core   0: 0x12000340 (0x6c4f2e23) sw      tp, 1756(t5)
core   0: 0x12000344 (0x000f0407) vle8.v  v8, (t5), v0.t
core   0: 0x12000348 (0x011069b3) or      s3, zero, a7
core   0: 0x1200034c (0x26840457) vand.vv v8, v8, v8
core   0: 0x12000350 (0x49080857) vsbc.vvm v16, v16, v16, v0
core   0: >>>>  label169
core   0: 0x12000354 (0xcd367bd7) vsetivli s7, 12, e32, m8, ta, ma
core   0: 0x12000358 (0x298c0c57) vor.vv  v24, v24, v24, v0.t
core   0: 0x1200035c (0x82600b13) li      s6, -2010
core   0: >>>>  label172
core   0: 0x12000360 (0x81bafe57) vsetvl  t3, s5, s11
core   0: 0x12000364 (0x28a18357) vor.vv  v6, v10, v3, v0.t
core   0: 0x12000368 (0x0181a3b3) slt     t2, gp, s8
core   0: 0x1200036c (0x953f4297) auipc   t0, 0x953f4
core   0: >>>>  label176
core   0: 0x12000370 (0x093efb57) vsetvli s6, t4, e32, m8, tu, ma
core   0: 0x12000374 (0x23ff1223) sh      t6, 548(t5)
core   0: 0x12000378 (0x79023857) vmsgtu.vi v16, v16, 4, v0.t
core   0: >>>>  label179
core   0: 0x1200037c (0x29840857) vor.vv  v16, v24, v8, v0.t
core   0: 0x12000380 (0x777d6937) lui     s2, 0x777d6
core   0: >>>>  label181
core   0: 0x12000384 (0xc1347857) vsetivli a6, 8, e32, m8, tu, mu
core   0: 0x12000388 (0xfa4c6813) ori     a6, s8, -92
core   0: 0x1200038c (0x03eb4b33) div     s6, s6, t5
core   0: 0x12000390 (0x010f0307) vle8ff.v v6, (t5), v0.t
core   0: 0x12000394 (0x5d81b857) vmerge.vim v16, v24, 3, v0
core   0: 0x12000398 (0x014a6b33) or      s6, s4, s4
core   0: 0x1200039c (0x4d0ac457) vmsbc.vxm v8, v16, s5, v0
core   0: 0x120003a0 (0x010f0a07) vle8ff.v v20, (t5), v0.t
core   0: 0x120003a4 (0xd128d3b7) lui     t2, 0xd128d
core   0: 0x120003a8 (0xa5af2623) sw      s10, -1460(t5)
core   0: 0x120003ac (0x0102ffb3) and     t6, t0, a6
core   0: 0x120003b0 (0x16af1e23) sh      a0, 380(t5)
core   0: 0x120003b4 (0x030f0b07) vle8ff.v v22, (t5)
core   0: 0x120003b8 (0x03769433) mulh    s0, a3, s7
core   0: 0x120003bc (0x81036857) vdivu.vx v16, v16, t1, v0.t
core   0: 0x120003c0 (0x020f0927) vse8.v  v18, (t5)
core   0: 0x120003c4 (0x030f5807) vle16ff.v v16, (t5)
core   0: 0x120003c8 (0x020f5407) vle16.v v8, (t5)
core   0: 0x120003cc (0x001aa333) slt     t1, s5, ra
core   0: 0x120003d0 (0x88b10517) auipc   a0, 0x88b10
core   0: 0x120003d4 (0x41840857) vadc.vvm v16, v24, v8, v0
core   0: 0x120003d8 (0x000f5e27) vse16.v v28, (t5), v0.t
core   0: 0x120003dc (0x8585ec57) vdiv.vx v24, v24, a1, v0.t
core   0: 0x120003e0 (0x61e3f813) andi    a6, t2, 1566
core   0: >>>>  label205
core   0: 0x120003e4 (0x00a6fad7) vsetvli s5, a3, e16, m4, tu, mu
core   0: 0x120003e8 (0xa6463c57) vsra.vi v24, v4, 12
core   0: 0x120003ec (0x24863e57) vand.vi v28, v8, 12, v0.t
core   0: 0x120003f0 (0x02b0d633) divu    a2, ra, a1
core   0: >>>>  label209
core   0: 0x120003f4 (0x93dd52b7) lui     t0, 0x93dd5
core   0: 0x120003f8 (0x020113b3) mulh    t2, sp, zero
core   0: 0x120003fc (0x008bdb93) srli    s7, s7, 8
core   0: 0x12000400 (0x786f0e23) sb      t1, 1948(t5)
core   0: 0x12000404 (0xb38c0c57) vnsrl.wv v24, v24, v24
core   0: 0x12000408 (0x0233fbb3) remu    s7, t2, gp
core   0: >>>>  label215
core   0: 0x1200040c (0x0136fa57) vsetvli s4, a3, e32, m8, tu, mu
core   0: 0x12000410 (0x5d8dbc57) vmerge.vim v24, v24, -5, v0
core   0: 0x12000414 (0x06c17417) auipc   s0, 0x6c17
core   0: 0x12000418 (0x00ebbcb3) sltu    s9, s7, a4
core   0: 0x1200041c (0x8a67a3b7) lui     t2, 0x8a67a
core   0: 0x12000420 (0x00800fb3) add     t6, zero, s0
core   0: 0x12000424 (0x02bf0e07) vlm.v   v28, (t5)
core   0: 0x12000428 (0x033147b3) div     a5, sp, s3
core   0: 0x1200042c (0x03040057) vadd.vv v0, v16, v8
core   0: 0x12000430 (0x008959b3) srl     s3, s2, s0
core   0: 0x12000434 (0x9a842857) vmulhsu.vv v16, v8, v8
core   0: 0x12000438 (0x668b3057) vmsne.vi v0, v8, -10
core   0: 0x1200043c (0x5e094457) vmv.v.x v8, s2
core   0: 0x12000440 (0xfcfceb13) ori     s6, s9, -49
core   0: 0x12000444 (0x030f0707) vle8ff.v v14, (t5)
core   0: 0x12000448 (0x020f6427) vse32.v v8, (t5)
core   0: 0x1200044c (0x00654b33) xor     s6, a0, t1
core   0: 0x12000450 (0x4d040457) vmsbc.vvm v8, v16, v8, v0
core   0: 0x12000454 (0xa58e4457) vsra.vx v8, v24, t3, v0.t
core   0: 0x12000458 (0x95004c57) vsll.vx v24, v16, zero, v0.t
core   0: 0x1200045c (0x7f884857) vmsgt.vx v16, v24, a6
core   0: 0x12000460 (0x768cb857) vmsle.vi v16, v8, -7
core   0: 0x12000464 (0x25033857) vand.vi v16, v16, 6, v0.t
core   0: 0x12000468 (0x48c22857) vzext.vf4 v16, v12, v0.t
core   0: >>>>  label239
core   0: 0x1200046c (0x91082857) vmulhu.vv v16, v16, v16, v0.t
core   0: 0x12000470 (0x8c882c57) vrem.vv v24, v8, v16, v0.t
core   0: 0x12000474 (0x9f842c57) vmulh.vv v24, v24, v8
core   0: 0x12000478 (0x910c2c57) vmulhu.vv v24, v16, v24, v0.t
core   0: 0x1200047c (0xbf042857) vnmsac.vv v16, v8, v16
core   0: 0x12000480 (0x80882857) vdivu.vv v16, v8, v16, v0.t
core   0: 0x12000484 (0x9c85ec57) vmulh.vx v24, v8, a1, v0.t
core   0: 0x12000488 (0xbf05ec57) vnmsac.vx v24, a1, v16
core   0: 0x1200048c (0x4e000c57) vmsbc.vv v24, v0, v0
core   0: 0x12000490 (0x2c84c857) vxor.vx v16, v8, s1, v0.t
core   0: 0x12000494 (0x290c4857) vor.vx  v16, v16, s8, v0.t
core   0: 0x12000498 (0x5e07cc57) vmv.v.x v24, a5
core   0: 0x1200049c (0x9508b457) vsll.vi v8, v16, -15, v0.t
core   0: 0x120004a0 (0x5e0bbc57) vmv.v.i v24, -9
core   0: 0x120004a4 (0x40863857) vadc.vim v16, v8, 12, v0
core   0: 0x120004a8 (0x8d842857) vrem.vv v16, v24, v8, v0.t
core   0: 0x120004ac (0x4bc32457) vzext.vf2 v8, v28
core   0: 0x120004b0 (0xaf0c2857) vnmsub.vv v16, v24, v16
core   0: 0x120004b4 (0xbd882457) vnmsac.vv v8, v16, v24, v0.t
core   0: 0x120004b8 (0x9e842457) vmulh.vv v8, v8, v8
core   0: 0x120004bc (0x4ac2a857) vsext.vf4 v16, v12
core   0: 0x120004c0 (0xbe882857) vnmsac.vv v16, v16, v8
core   0: 0x120004c4 (0xb6842857) vmacc.vv v16, v8, v8
core   0: 0x120004c8 (0x9c8c2457) vmulh.vv v8, v8, v24, v0.t
core   0: 0x120004cc (0xbe846857) vnmsac.vx v16, s0, v8
core   0: 0x120004d0 (0xbc84e457) vnmsac.vx v8, s1, v8, v0.t
core   0: >>>>  footer
core   0: 0x120004d4 (0x0180006f) j       pc + 0x18
core   0: >>>>  end
core   0: 0x120004ec (0x00000033) add     zero, zero, zero
core   0: 0x120004f0 (0x00100293) li      t0, 1
core   0: 0x120004f4 (0x0e004317) auipc   t1, 0xe004
core   0: 0x120004f8 (0xb0c30313) addi    t1, t1, -1268
core   0: 0x120004fc (0x00532023) sw      t0, 0(t1)
core   0: >>>>  loop_stop
core   0: 0x12000500 (0x0000006f) j       pc + 0x0
